ERR1887394
Read 42207 spots for ERR1887394
Written 42207 spots for ERR1887394
ERR1887395
Read 88572 spots for ERR1887395
Written 88572 spots for ERR1887395
ERR1887396
Read 66236 spots for ERR1887396
Written 66236 spots for ERR1887396
ERR1887397
Read 63900 spots for ERR1887397
Written 63900 spots for ERR1887397
ERR1887398
Read 27809 spots for ERR1887398
Written 27809 spots for ERR1887398
ERR1887399
Read 65817 spots for ERR1887399
Written 65817 spots for ERR1887399
ERR1887400
Read 71416 spots for ERR1887400
Written 71416 spots for ERR1887400
ERR1887401
Read 58747 spots for ERR1887401
Written 58747 spots for ERR1887401
ERR1887402
Read 63280 spots for ERR1887402
Written 63280 spots for ERR1887402
ERR1887403
Read 63680 spots for ERR1887403
Written 63680 spots for ERR1887403
ERR1887404
Read 101121 spots for ERR1887404
Written 101121 spots for ERR1887404
ERR1887405
Read 87192 spots for ERR1887405
Written 87192 spots for ERR1887405
ERR1887406
Read 129305 spots for ERR1887406
Written 129305 spots for ERR1887406
ERR1887407
Read 119301 spots for ERR1887407
Written 119301 spots for ERR1887407
ERR1887408
Read 143889 spots for ERR1887408
Written 143889 spots for ERR1887408
ERR1887409
Read 163364 spots for ERR1887409
Written 163364 spots for ERR1887409
ERR1887410
Read 75496 spots for ERR1887410
Written 75496 spots for ERR1887410
ERR1887411
Read 89755 spots for ERR1887411
Written 89755 spots for ERR1887411
ERR1887412
Read 129643 spots for ERR1887412
Written 129643 spots for ERR1887412
ERR1887413
Read 200282 spots for ERR1887413
Written 200282 spots for ERR1887413
ERR1887414
Read 182425 spots for ERR1887414
Written 182425 spots for ERR1887414
ERR1887415
Read 97572 spots for ERR1887415
Written 97572 spots for ERR1887415
ERR1887416
Read 142571 spots for ERR1887416
Written 142571 spots for ERR1887416
ERR1887417
Read 161584 spots for ERR1887417
Written 161584 spots for ERR1887417
ERR1887418
Read 262339 spots for ERR1887418
Written 262339 spots for ERR1887418
ERR1887419
Read 157505 spots for ERR1887419
Written 157505 spots for ERR1887419
ERR1887420
Read 214524 spots for ERR1887420
Written 214524 spots for ERR1887420
ERR1887421
Read 53358 spots for ERR1887421
Written 53358 spots for ERR1887421
ERR1887422
Read 164184 spots for ERR1887422
Written 164184 spots for ERR1887422
ERR1887423
Read 168452 spots for ERR1887423
Written 168452 spots for ERR1887423
ERR1887424
Read 27 spots for ERR1887424
Written 27 spots for ERR1887424
ERR1887425
Read 14 spots for ERR1887425
Written 14 spots for ERR1887425
ERR1887426
Read 21 spots for ERR1887426
Written 21 spots for ERR1887426
ERR1887427
Read 21 spots for ERR1887427
Written 21 spots for ERR1887427
ERR1887428
Read 50090 spots for ERR1887428
Written 50090 spots for ERR1887428
ERR1887429
Read 18 spots for ERR1887429
Written 18 spots for ERR1887429
ERR1887430
Read 81961 spots for ERR1887430
Written 81961 spots for ERR1887430
ERR1887431
Read 92930 spots for ERR1887431
Written 92930 spots for ERR1887431
ERR1887432
Read 206636 spots for ERR1887432
Written 206636 spots for ERR1887432
ERR1887433
Read 41594 spots for ERR1887433
Written 41594 spots for ERR1887433
ERR1887434
Read 71747 spots for ERR1887434
Written 71747 spots for ERR1887434
ERR1887435
Read 84231 spots for ERR1887435
Written 84231 spots for ERR1887435
ERR1887436
Read 56421 spots for ERR1887436
Written 56421 spots for ERR1887436
ERR1887437
Read 56263 spots for ERR1887437
Written 56263 spots for ERR1887437
ERR1887438
Read 54102 spots for ERR1887438
Written 54102 spots for ERR1887438
ERR1887439
Read 40730 spots for ERR1887439
Written 40730 spots for ERR1887439
SRR6208976
Read 43098 spots for SRR6208976
Written 43098 spots for SRR6208976
SRR6208977
Read 130667 spots for SRR6208977
Written 130667 spots for SRR6208977
SRR6208978
Read 61667 spots for SRR6208978
Written 61667 spots for SRR6208978
SRR6208979
Read 274255 spots for SRR6208979
Written 274255 spots for SRR6208979
Files downloaded
Projects/ch4-c_auris/results/01_KMA_res/ERR1887394_1.fastq
# Collecting k-mer scores.
# Reading inputfile: 	/gpfs/scratch/agilgomez/Databases/SRR/ERR1887394_1.fastq
# Phred scale:	33
#
# Total time used for DB loading: 44.61 s.
#
# Finding k-mer ankers
#
# Query converted
#
# Query ankered
#
# Score collection done
#
# Sort, output and select k-mer alignments.
# Total time for sorting and outputting KMA alignment	0.57 s.
#
# Doing local assemblies of found templates, and output results
# Total time used for local assembly: 231.52 s.
#
# Closing files
Projects/ch4-c_auris/results/01_KMA_res/ERR1887395_1.fastq
# Collecting k-mer scores.
# Reading inputfile: 	/gpfs/scratch/agilgomez/Databases/SRR/ERR1887395_1.fastq
# Phred scale:	33
#
# Total time used for DB loading: 48.76 s.
#
# Finding k-mer ankers
#
# Query converted
#
# Query ankered
#
# Score collection done
#
# Sort, output and select k-mer alignments.
# Total time for sorting and outputting KMA alignment	1.69 s.
#
# Doing local assemblies of found templates, and output results
# Total time used for local assembly: 236.96 s.
#
# Closing files
Projects/ch4-c_auris/results/01_KMA_res/ERR1887396_1.fastq
# Collecting k-mer scores.
# Reading inputfile: 	/gpfs/scratch/agilgomez/Databases/SRR/ERR1887396_1.fastq
# Phred scale:	33
#
# Total time used for DB loading: 41.63 s.
#
# Finding k-mer ankers
#
# Query converted
#
# Query ankered
#
# Score collection done
#
# Sort, output and select k-mer alignments.
# Total time for sorting and outputting KMA alignment	1.62 s.
#
# Doing local assemblies of found templates, and output results
# Total time used for local assembly: 243.13 s.
#
# Closing files
Projects/ch4-c_auris/results/01_KMA_res/ERR1887397_1.fastq
# Collecting k-mer scores.
# Reading inputfile: 	/gpfs/scratch/agilgomez/Databases/SRR/ERR1887397_1.fastq
# Phred scale:	33
#
# Total time used for DB loading: 56.91 s.
#
# Finding k-mer ankers
#
# Query converted
#
# Query ankered
#
# Score collection done
#
# Sort, output and select k-mer alignments.
# Total time for sorting and outputting KMA alignment	0.83 s.
#
# Doing local assemblies of found templates, and output results
# Total time used for local assembly: 248.35 s.
#
# Closing files
Projects/ch4-c_auris/results/01_KMA_res/ERR1887398_1.fastq
# Collecting k-mer scores.
# Reading inputfile: 	/gpfs/scratch/agilgomez/Databases/SRR/ERR1887398_1.fastq
# Phred scale:	33
#
# Total time used for DB loading: 42.18 s.
#
# Finding k-mer ankers
#
# Query converted
#
# Query ankered
#
# Score collection done
#
# Sort, output and select k-mer alignments.
# Total time for sorting and outputting KMA alignment	0.48 s.
#
# Doing local assemblies of found templates, and output results
# Total time used for local assembly: 257.06 s.
#
# Closing files
Projects/ch4-c_auris/results/01_KMA_res/ERR1887399_1.fastq
# Collecting k-mer scores.
# Reading inputfile: 	/gpfs/scratch/agilgomez/Databases/SRR/ERR1887399_1.fastq
# Phred scale:	33
#
# Total time used for DB loading: 42.22 s.
#
# Finding k-mer ankers
#
# Query converted
#
# Query ankered
#
# Score collection done
#
# Sort, output and select k-mer alignments.
# Total time for sorting and outputting KMA alignment	1.28 s.
#
# Doing local assemblies of found templates, and output results
# Total time used for local assembly: 239.18 s.
#
# Closing files
Projects/ch4-c_auris/results/01_KMA_res/ERR1887400_1.fastq
# Collecting k-mer scores.
# Reading inputfile: 	/gpfs/scratch/agilgomez/Databases/SRR/ERR1887400_1.fastq
# Phred scale:	33
#
# Total time used for DB loading: 45.39 s.
#
# Finding k-mer ankers
#
# Query converted
#
# Query ankered
#
# Score collection done
#
# Sort, output and select k-mer alignments.
# Total time for sorting and outputting KMA alignment	1.81 s.
#
# Doing local assemblies of found templates, and output results
# Total time used for local assembly: 236.14 s.
#
# Closing files
Projects/ch4-c_auris/results/01_KMA_res/ERR1887401_1.fastq
# Collecting k-mer scores.
# Reading inputfile: 	/gpfs/scratch/agilgomez/Databases/SRR/ERR1887401_1.fastq
# Phred scale:	33
#
# Total time used for DB loading: 49.01 s.
#
# Finding k-mer ankers
#
# Query converted
#
# Query ankered
#
# Score collection done
#
# Sort, output and select k-mer alignments.
# Total time for sorting and outputting KMA alignment	1.14 s.
#
# Doing local assemblies of found templates, and output results
# Total time used for local assembly: 250.60 s.
#
# Closing files
Projects/ch4-c_auris/results/01_KMA_res/ERR1887402_1.fastq
# Collecting k-mer scores.
# Reading inputfile: 	/gpfs/scratch/agilgomez/Databases/SRR/ERR1887402_1.fastq
# Phred scale:	33
#
# Total time used for DB loading: 41.74 s.
#
# Finding k-mer ankers
#
# Query converted
#
# Query ankered
#
# Score collection done
#
# Sort, output and select k-mer alignments.
# Total time for sorting and outputting KMA alignment	1.54 s.
#
# Doing local assemblies of found templates, and output results
# Total time used for local assembly: 243.64 s.
#
# Closing files
Projects/ch4-c_auris/results/01_KMA_res/ERR1887403_1.fastq
# Collecting k-mer scores.
# Reading inputfile: 	/gpfs/scratch/agilgomez/Databases/SRR/ERR1887403_1.fastq
# Phred scale:	33
#
# Total time used for DB loading: 57.00 s.
#
# Finding k-mer ankers
#
# Query converted
#
# Query ankered
#
# Score collection done
#
# Sort, output and select k-mer alignments.
# Total time for sorting and outputting KMA alignment	1.58 s.
#
# Doing local assemblies of found templates, and output results
# Total time used for local assembly: 242.22 s.
#
# Closing files
Projects/ch4-c_auris/results/01_KMA_res/ERR1887404_1.fastq
# Collecting k-mer scores.
# Reading inputfile: 	/gpfs/scratch/agilgomez/Databases/SRR/ERR1887404_1.fastq
# Phred scale:	33
#
# Total time used for DB loading: 49.09 s.
#
# Finding k-mer ankers
#
# Query converted
#
# Query ankered
#
# Score collection done
#
# Sort, output and select k-mer alignments.
# Total time for sorting and outputting KMA alignment	1.98 s.
#
# Doing local assemblies of found templates, and output results
# Total time used for local assembly: 243.49 s.
#
# Closing files
Projects/ch4-c_auris/results/01_KMA_res/ERR1887405_1.fastq
# Collecting k-mer scores.
# Reading inputfile: 	/gpfs/scratch/agilgomez/Databases/SRR/ERR1887405_1.fastq
# Phred scale:	33
#
# Total time used for DB loading: 44.31 s.
#
# Finding k-mer ankers
#
# Query converted
#
# Query ankered
#
# Score collection done
#
# Sort, output and select k-mer alignments.
# Total time for sorting and outputting KMA alignment	2.38 s.
#
# Doing local assemblies of found templates, and output results
# Total time used for local assembly: 242.44 s.
#
# Closing files
Projects/ch4-c_auris/results/01_KMA_res/ERR1887406_1.fastq
# Collecting k-mer scores.
# Reading inputfile: 	/gpfs/scratch/agilgomez/Databases/SRR/ERR1887406_1.fastq
# Phred scale:	33
#
# Total time used for DB loading: 55.87 s.
#
# Finding k-mer ankers
#
# Query converted
#
# Query ankered
#
# Score collection done
#
# Sort, output and select k-mer alignments.
# Total time for sorting and outputting KMA alignment	2.92 s.
#
# Doing local assemblies of found templates, and output results
# Total time used for local assembly: 241.57 s.
#
# Closing files
Projects/ch4-c_auris/results/01_KMA_res/ERR1887407_1.fastq
# Collecting k-mer scores.
# Reading inputfile: 	/gpfs/scratch/agilgomez/Databases/SRR/ERR1887407_1.fastq
# Phred scale:	33
#
# Total time used for DB loading: 51.38 s.
#
# Finding k-mer ankers
#
# Query converted
#
# Query ankered
#
# Score collection done
#
# Sort, output and select k-mer alignments.
# Total time for sorting and outputting KMA alignment	2.04 s.
#
# Doing local assemblies of found templates, and output results
# Total time used for local assembly: 243.94 s.
#
# Closing files
Projects/ch4-c_auris/results/01_KMA_res/ERR1887408_1.fastq
# Collecting k-mer scores.
# Reading inputfile: 	/gpfs/scratch/agilgomez/Databases/SRR/ERR1887408_1.fastq
# Phred scale:	33
#
# Total time used for DB loading: 51.60 s.
#
# Finding k-mer ankers
#
# Query converted
#
# Query ankered
#
# Score collection done
#
# Sort, output and select k-mer alignments.
# Total time for sorting and outputting KMA alignment	1.20 s.
#
# Doing local assemblies of found templates, and output results
# Total time used for local assembly: 241.05 s.
#
# Closing files
Projects/ch4-c_auris/results/01_KMA_res/ERR1887409_1.fastq
# Collecting k-mer scores.
# Reading inputfile: 	/gpfs/scratch/agilgomez/Databases/SRR/ERR1887409_1.fastq
# Phred scale:	33
#
# Total time used for DB loading: 41.96 s.
#
# Finding k-mer ankers
#
# Query converted
#
# Query ankered
#
# Score collection done
#
# Sort, output and select k-mer alignments.
# Total time for sorting and outputting KMA alignment	2.23 s.
#
# Doing local assemblies of found templates, and output results
# Total time used for local assembly: 244.49 s.
#
# Closing files
Projects/ch4-c_auris/results/01_KMA_res/ERR1887410_1.fastq
# Collecting k-mer scores.
# Reading inputfile: 	/gpfs/scratch/agilgomez/Databases/SRR/ERR1887410_1.fastq
# Phred scale:	33
#
# Total time used for DB loading: 53.90 s.
#
# Finding k-mer ankers
#
# Query converted
#
# Query ankered
#
# Score collection done
#
# Sort, output and select k-mer alignments.
# Total time for sorting and outputting KMA alignment	1.16 s.
#
# Doing local assemblies of found templates, and output results
# Total time used for local assembly: 237.04 s.
#
# Closing files
Projects/ch4-c_auris/results/01_KMA_res/ERR1887411_1.fastq
# Collecting k-mer scores.
# Reading inputfile: 	/gpfs/scratch/agilgomez/Databases/SRR/ERR1887411_1.fastq
# Phred scale:	33
#
# Total time used for DB loading: 57.50 s.
#
# Finding k-mer ankers
#
# Query converted
#
# Query ankered
#
# Score collection done
#
# Sort, output and select k-mer alignments.
# Total time for sorting and outputting KMA alignment	0.69 s.
#
# Doing local assemblies of found templates, and output results
# Total time used for local assembly: 232.98 s.
#
# Closing files
Projects/ch4-c_auris/results/01_KMA_res/ERR1887412_1.fastq
# Collecting k-mer scores.
# Reading inputfile: 	/gpfs/scratch/agilgomez/Databases/SRR/ERR1887412_1.fastq
# Phred scale:	33
#
# Total time used for DB loading: 48.56 s.
#
# Finding k-mer ankers
#
# Query converted
#
# Query ankered
#
# Score collection done
#
# Sort, output and select k-mer alignments.
# Total time for sorting and outputting KMA alignment	1.86 s.
#
# Doing local assemblies of found templates, and output results
# Total time used for local assembly: 248.03 s.
#
# Closing files
Projects/ch4-c_auris/results/01_KMA_res/ERR1887413_1.fastq
# Collecting k-mer scores.
# Reading inputfile: 	/gpfs/scratch/agilgomez/Databases/SRR/ERR1887413_1.fastq
# Phred scale:	33
#
# Total time used for DB loading: 55.92 s.
#
# Finding k-mer ankers
#
# Query converted
#
# Query ankered
#
# Score collection done
#
# Sort, output and select k-mer alignments.
# Total time for sorting and outputting KMA alignment	4.36 s.
#
# Doing local assemblies of found templates, and output results
# Total time used for local assembly: 248.14 s.
#
# Closing files
Projects/ch4-c_auris/results/01_KMA_res/ERR1887414_1.fastq
# Collecting k-mer scores.
# Reading inputfile: 	/gpfs/scratch/agilgomez/Databases/SRR/ERR1887414_1.fastq
# Phred scale:	33
#
# Total time used for DB loading: 45.12 s.
#
# Finding k-mer ankers
#
# Query converted
#
# Query ankered
#
# Score collection done
#
# Sort, output and select k-mer alignments.
# Total time for sorting and outputting KMA alignment	1.69 s.
#
# Doing local assemblies of found templates, and output results
# Total time used for local assembly: 241.56 s.
#
# Closing files
Projects/ch4-c_auris/results/01_KMA_res/ERR1887415_1.fastq
# Collecting k-mer scores.
# Reading inputfile: 	/gpfs/scratch/agilgomez/Databases/SRR/ERR1887415_1.fastq
# Phred scale:	33
#
# Total time used for DB loading: 43.09 s.
#
# Finding k-mer ankers
#
# Query converted
#
# Query ankered
#
# Score collection done
#
# Sort, output and select k-mer alignments.
# Total time for sorting and outputting KMA alignment	2.90 s.
#
# Doing local assemblies of found templates, and output results
# Total time used for local assembly: 242.64 s.
#
# Closing files
Projects/ch4-c_auris/results/01_KMA_res/ERR1887416_1.fastq
# Collecting k-mer scores.
# Reading inputfile: 	/gpfs/scratch/agilgomez/Databases/SRR/ERR1887416_1.fastq
# Phred scale:	33
#
# Total time used for DB loading: 53.85 s.
#
# Finding k-mer ankers
#
# Query converted
#
# Query ankered
#
# Score collection done
#
# Sort, output and select k-mer alignments.
# Total time for sorting and outputting KMA alignment	1.36 s.
#
# Doing local assemblies of found templates, and output results
# Total time used for local assembly: 242.11 s.
#
# Closing files
Projects/ch4-c_auris/results/01_KMA_res/ERR1887417_1.fastq
# Collecting k-mer scores.
# Reading inputfile: 	/gpfs/scratch/agilgomez/Databases/SRR/ERR1887417_1.fastq
# Phred scale:	33
#
# Total time used for DB loading: 53.85 s.
#
# Finding k-mer ankers
#
# Query converted
#
# Query ankered
#
# Score collection done
#
# Sort, output and select k-mer alignments.
# Total time for sorting and outputting KMA alignment	2.01 s.
#
# Doing local assemblies of found templates, and output results
