Starting script
01:31:01
340 /gpfs/projects/RestGroup/agilgomez/projects/ch4-c_auris/data/SraAccList_cactus_all.txt
rm: cannot remove ‘/gpfs/scratch/agilgomez/ncbi/sra/SRA_cactus_all_1-10’: No such file or directory
rm: cannot remove ‘/gpfs/scratch/agilgomez/temp/SRA_cactus_all_1-10’: No such file or directory
mkdir: cannot create directory ‘/gpfs/scratch/agilgomez/Databases/SRR’: File exists
Downloading: DRR194228
spots read      : 56,088,678
reads read      : 112,177,356
reads written   : 112,177,356
KMA for: /gpfs/scratch/agilgomez/Databases/SRR/SRA_cactus_all_1-10/DRR194228_1.fastq
File ends in _1.fastq
There is a _2. Doing paired
R1 is: /gpfs/scratch/agilgomez/Databases/SRR/SRA_cactus_all_1-10/DRR194228_1.fastq
R2 is: /gpfs/scratch/agilgomez/Databases/SRR/SRA_cactus_all_1-10/DRR194228_2.fastq
Output directory: /gpfs/projects/RestGroup/agilgomez/projects/ch4-c_auris/results/01_KMA_res/SRA_cactus_all_1-10/DRR194228_1.fastq
# Collecting k-mer scores.
# Reading inputfile:	/gpfs/scratch/agilgomez/Databases/SRR/SRA_cactus_all_1-10/DRR194228_1.fastq /gpfs/scratch/agilgomez/Databases/SRR/SRA_cactus_all_1-10/DRR194228_2.fastq
# Phred scale:	33
#
# Total time used for DB loading: 50.06 s.
#
# Finding k-mer ankers
#
# Query converted
#
# Query ankered
#
# Score collection done
#
# Sort, output and select k-mer alignments.
# Total time for sorting and outputting KMA alignment	6.64 s.
#
# Doing local assemblies of found templates, and output results
# Total time used for local assembly: 736.21 s.
#
# Closing files
KMA for: /gpfs/scratch/agilgomez/Databases/SRR/SRA_cactus_all_1-10/DRR194228_2.fastq
It doesn't end in _1.fastq
R2 is: /gpfs/scratch/agilgomez/Databases/SRR/SRA_cactus_all_1-10/DRR194228_2.fastq
File ends in _2. Doing nothing.
CCMetagen for: /gpfs/projects/RestGroup/agilgomez/projects/ch4-c_auris/results/01_KMA_res/SRA_cactus_all_1-10/DRR194228_1.fastq.res
/gpfs/projects/RestGroup/agilgomez/projects/ch4-c_auris/results/02_CCMetagen/SRA_cactus_all_1-10/DRR194228_1.fastq.res
/gpfs/software/Anaconda/envs/kma/lib/python3.9/site-packages/ete3/ncbi_taxonomy/ncbiquery.py:243: UserWarning: taxid 214973 was translated into 1540025
  warnings.warn("taxid %s was translated into %s" %(taxid, merged_conversion[taxid]))
/gpfs/software/Anaconda/envs/kma/lib/python3.9/site-packages/ete3/ncbi_taxonomy/ncbiquery.py:243: UserWarning: taxid 1707658 was translated into 2884119
  warnings.warn("taxid %s was translated into %s" %(taxid, merged_conversion[taxid]))
/gpfs/software/Anaconda/envs/kma/lib/python3.9/site-packages/ete3/ncbi_taxonomy/ncbiquery.py:243: UserWarning: taxid 1720309 was translated into 2652724
  warnings.warn("taxid %s was translated into %s" %(taxid, merged_conversion[taxid]))
Writing /gpfs/projects/RestGroup/agilgomez/projects/ch4-c_auris/results/02_CCMetagen/SRA_cactus_all_1-10/DRR194228_1.fastq.res.html...

Reading file /gpfs/projects/RestGroup/agilgomez/projects/ch4-c_auris/results/01_KMA_res/SRA_cactus_all_1-10/DRR194228_1.fastq.res


csv file saved as /gpfs/projects/RestGroup/agilgomez/projects/ch4-c_auris/results/02_CCMetagen/SRA_cactus_all_1-10/DRR194228_1.fastq.res.csv

krona file saved as /gpfs/projects/RestGroup/agilgomez/projects/ch4-c_auris/results/02_CCMetagen/SRA_cactus_all_1-10/DRR194228_1.fastq.res.html

Downloading: DRR194229
spots read      : 20,486,495
reads read      : 40,972,990
reads written   : 40,972,990
KMA for: /gpfs/scratch/agilgomez/Databases/SRR/SRA_cactus_all_1-10/DRR194229_1.fastq
File ends in _1.fastq
There is a _2. Doing paired
R1 is: /gpfs/scratch/agilgomez/Databases/SRR/SRA_cactus_all_1-10/DRR194229_1.fastq
R2 is: /gpfs/scratch/agilgomez/Databases/SRR/SRA_cactus_all_1-10/DRR194229_2.fastq
Output directory: /gpfs/projects/RestGroup/agilgomez/projects/ch4-c_auris/results/01_KMA_res/SRA_cactus_all_1-10/DRR194229_1.fastq
# Collecting k-mer scores.
# Reading inputfile:	/gpfs/scratch/agilgomez/Databases/SRR/SRA_cactus_all_1-10/DRR194229_1.fastq /gpfs/scratch/agilgomez/Databases/SRR/SRA_cactus_all_1-10/DRR194229_2.fastq
# Phred scale:	33
#
# Total time used for DB loading: 59.56 s.
#
# Finding k-mer ankers
#
# Query converted
#
# Query ankered
#
# Score collection done
#
# Sort, output and select k-mer alignments.
# Total time for sorting and outputting KMA alignment	8.96 s.
#
# Doing local assemblies of found templates, and output results
# Total time used for local assembly: 415.56 s.
#
# Closing files
KMA for: /gpfs/scratch/agilgomez/Databases/SRR/SRA_cactus_all_1-10/DRR194229_2.fastq
It doesn't end in _1.fastq
R2 is: /gpfs/scratch/agilgomez/Databases/SRR/SRA_cactus_all_1-10/DRR194229_2.fastq
File ends in _2. Doing nothing.
CCMetagen for: /gpfs/projects/RestGroup/agilgomez/projects/ch4-c_auris/results/01_KMA_res/SRA_cactus_all_1-10/DRR194229_1.fastq.res
/gpfs/projects/RestGroup/agilgomez/projects/ch4-c_auris/results/02_CCMetagen/SRA_cactus_all_1-10/DRR194229_1.fastq.res
/gpfs/software/Anaconda/envs/kma/lib/python3.9/site-packages/ete3/ncbi_taxonomy/ncbiquery.py:243: UserWarning: taxid 214973 was translated into 1540025
  warnings.warn("taxid %s was translated into %s" %(taxid, merged_conversion[taxid]))
/gpfs/software/Anaconda/envs/kma/lib/python3.9/site-packages/ete3/ncbi_taxonomy/ncbiquery.py:243: UserWarning: taxid 1707658 was translated into 2884119
  warnings.warn("taxid %s was translated into %s" %(taxid, merged_conversion[taxid]))
/gpfs/software/Anaconda/envs/kma/lib/python3.9/site-packages/ete3/ncbi_taxonomy/ncbiquery.py:243: UserWarning: taxid 1720309 was translated into 2652724
  warnings.warn("taxid %s was translated into %s" %(taxid, merged_conversion[taxid]))
Writing /gpfs/projects/RestGroup/agilgomez/projects/ch4-c_auris/results/02_CCMetagen/SRA_cactus_all_1-10/DRR194229_1.fastq.res.html...

Reading file /gpfs/projects/RestGroup/agilgomez/projects/ch4-c_auris/results/01_KMA_res/SRA_cactus_all_1-10/DRR194229_1.fastq.res


csv file saved as /gpfs/projects/RestGroup/agilgomez/projects/ch4-c_auris/results/02_CCMetagen/SRA_cactus_all_1-10/DRR194229_1.fastq.res.csv

krona file saved as /gpfs/projects/RestGroup/agilgomez/projects/ch4-c_auris/results/02_CCMetagen/SRA_cactus_all_1-10/DRR194229_1.fastq.res.html

Downloading: DRR194230
spots read      : 12,682,673
reads read      : 25,365,346
reads written   : 25,365,346
KMA for: /gpfs/scratch/agilgomez/Databases/SRR/SRA_cactus_all_1-10/DRR194230_2.fastq
It doesn't end in _1.fastq
R2 is: /gpfs/scratch/agilgomez/Databases/SRR/SRA_cactus_all_1-10/DRR194230_2.fastq
File ends in _2. Doing nothing.
KMA for: /gpfs/scratch/agilgomez/Databases/SRR/SRA_cactus_all_1-10/DRR194230_1.fastq
File ends in _1.fastq
There is a _2. Doing paired
R1 is: /gpfs/scratch/agilgomez/Databases/SRR/SRA_cactus_all_1-10/DRR194230_1.fastq
R2 is: /gpfs/scratch/agilgomez/Databases/SRR/SRA_cactus_all_1-10/DRR194230_2.fastq
Output directory: /gpfs/projects/RestGroup/agilgomez/projects/ch4-c_auris/results/01_KMA_res/SRA_cactus_all_1-10/DRR194230_1.fastq
# Collecting k-mer scores.
# Reading inputfile:	/gpfs/scratch/agilgomez/Databases/SRR/SRA_cactus_all_1-10/DRR194230_1.fastq /gpfs/scratch/agilgomez/Databases/SRR/SRA_cactus_all_1-10/DRR194230_2.fastq
# Phred scale:	33
#
# Total time used for DB loading: 50.65 s.
#
# Finding k-mer ankers
#
# Query converted
#
# Query ankered
#
# Score collection done
#
# Sort, output and select k-mer alignments.
# Total time for sorting and outputting KMA alignment	4.60 s.
#
# Doing local assemblies of found templates, and output results
# Total time used for local assembly: 352.36 s.
#
# Closing files
CCMetagen for: /gpfs/projects/RestGroup/agilgomez/projects/ch4-c_auris/results/01_KMA_res/SRA_cactus_all_1-10/DRR194230_1.fastq.res
/gpfs/projects/RestGroup/agilgomez/projects/ch4-c_auris/results/02_CCMetagen/SRA_cactus_all_1-10/DRR194230_1.fastq.res
/gpfs/software/Anaconda/envs/kma/lib/python3.9/site-packages/ete3/ncbi_taxonomy/ncbiquery.py:243: UserWarning: taxid 214973 was translated into 1540025
  warnings.warn("taxid %s was translated into %s" %(taxid, merged_conversion[taxid]))
/gpfs/software/Anaconda/envs/kma/lib/python3.9/site-packages/ete3/ncbi_taxonomy/ncbiquery.py:243: UserWarning: taxid 1720309 was translated into 2652724
  warnings.warn("taxid %s was translated into %s" %(taxid, merged_conversion[taxid]))
Writing /gpfs/projects/RestGroup/agilgomez/projects/ch4-c_auris/results/02_CCMetagen/SRA_cactus_all_1-10/DRR194230_1.fastq.res.html...

Reading file /gpfs/projects/RestGroup/agilgomez/projects/ch4-c_auris/results/01_KMA_res/SRA_cactus_all_1-10/DRR194230_1.fastq.res


csv file saved as /gpfs/projects/RestGroup/agilgomez/projects/ch4-c_auris/results/02_CCMetagen/SRA_cactus_all_1-10/DRR194230_1.fastq.res.csv

krona file saved as /gpfs/projects/RestGroup/agilgomez/projects/ch4-c_auris/results/02_CCMetagen/SRA_cactus_all_1-10/DRR194230_1.fastq.res.html

Downloading: DRR194231
spots read      : 13,518,969
reads read      : 27,037,938
reads written   : 27,037,938
KMA for: /gpfs/scratch/agilgomez/Databases/SRR/SRA_cactus_all_1-10/DRR194231_1.fastq
File ends in _1.fastq
There is a _2. Doing paired
R1 is: /gpfs/scratch/agilgomez/Databases/SRR/SRA_cactus_all_1-10/DRR194231_1.fastq
R2 is: /gpfs/scratch/agilgomez/Databases/SRR/SRA_cactus_all_1-10/DRR194231_2.fastq
Output directory: /gpfs/projects/RestGroup/agilgomez/projects/ch4-c_auris/results/01_KMA_res/SRA_cactus_all_1-10/DRR194231_1.fastq
# Collecting k-mer scores.
# Reading inputfile:	/gpfs/scratch/agilgomez/Databases/SRR/SRA_cactus_all_1-10/DRR194231_1.fastq /gpfs/scratch/agilgomez/Databases/SRR/SRA_cactus_all_1-10/DRR194231_2.fastq
# Phred scale:	33
#
# Total time used for DB loading: 47.92 s.
#
# Finding k-mer ankers
#
# Query converted
#
# Query ankered
#
# Score collection done
#
# Sort, output and select k-mer alignments.
# Total time for sorting and outputting KMA alignment	4.17 s.
#
# Doing local assemblies of found templates, and output results
# Total time used for local assembly: 346.39 s.
#
# Closing files
KMA for: /gpfs/scratch/agilgomez/Databases/SRR/SRA_cactus_all_1-10/DRR194231_2.fastq
It doesn't end in _1.fastq
R2 is: /gpfs/scratch/agilgomez/Databases/SRR/SRA_cactus_all_1-10/DRR194231_2.fastq
File ends in _2. Doing nothing.
CCMetagen for: /gpfs/projects/RestGroup/agilgomez/projects/ch4-c_auris/results/01_KMA_res/SRA_cactus_all_1-10/DRR194231_1.fastq.res
/gpfs/projects/RestGroup/agilgomez/projects/ch4-c_auris/results/02_CCMetagen/SRA_cactus_all_1-10/DRR194231_1.fastq.res
/gpfs/software/Anaconda/envs/kma/lib/python3.9/site-packages/ete3/ncbi_taxonomy/ncbiquery.py:243: UserWarning: taxid 1720309 was translated into 2652724
  warnings.warn("taxid %s was translated into %s" %(taxid, merged_conversion[taxid]))
Writing /gpfs/projects/RestGroup/agilgomez/projects/ch4-c_auris/results/02_CCMetagen/SRA_cactus_all_1-10/DRR194231_1.fastq.res.html...

Reading file /gpfs/projects/RestGroup/agilgomez/projects/ch4-c_auris/results/01_KMA_res/SRA_cactus_all_1-10/DRR194231_1.fastq.res


csv file saved as /gpfs/projects/RestGroup/agilgomez/projects/ch4-c_auris/results/02_CCMetagen/SRA_cactus_all_1-10/DRR194231_1.fastq.res.csv

krona file saved as /gpfs/projects/RestGroup/agilgomez/projects/ch4-c_auris/results/02_CCMetagen/SRA_cactus_all_1-10/DRR194231_1.fastq.res.html

Downloading: DRR194232
spots read      : 30,639,303
reads read      : 61,278,606
reads written   : 61,278,606
KMA for: /gpfs/scratch/agilgomez/Databases/SRR/SRA_cactus_all_1-10/DRR194232_2.fastq
It doesn't end in _1.fastq
R2 is: /gpfs/scratch/agilgomez/Databases/SRR/SRA_cactus_all_1-10/DRR194232_2.fastq
File ends in _2. Doing nothing.
KMA for: /gpfs/scratch/agilgomez/Databases/SRR/SRA_cactus_all_1-10/DRR194232_1.fastq
File ends in _1.fastq
There is a _2. Doing paired
R1 is: /gpfs/scratch/agilgomez/Databases/SRR/SRA_cactus_all_1-10/DRR194232_1.fastq
R2 is: /gpfs/scratch/agilgomez/Databases/SRR/SRA_cactus_all_1-10/DRR194232_2.fastq
Output directory: /gpfs/projects/RestGroup/agilgomez/projects/ch4-c_auris/results/01_KMA_res/SRA_cactus_all_1-10/DRR194232_1.fastq
# Collecting k-mer scores.
# Reading inputfile:	/gpfs/scratch/agilgomez/Databases/SRR/SRA_cactus_all_1-10/DRR194232_1.fastq /gpfs/scratch/agilgomez/Databases/SRR/SRA_cactus_all_1-10/DRR194232_2.fastq
# Phred scale:	33
#
# Total time used for DB loading: 63.02 s.
#
# Finding k-mer ankers
#
# Query converted
#
# Query ankered
#
# Score collection done
#
# Sort, output and select k-mer alignments.
# Total time for sorting and outputting KMA alignment	3.74 s.
#
# Doing local assemblies of found templates, and output results
# Total time used for local assembly: 301.06 s.
#
# Closing files
CCMetagen for: /gpfs/projects/RestGroup/agilgomez/projects/ch4-c_auris/results/01_KMA_res/SRA_cactus_all_1-10/DRR194232_1.fastq.res
/gpfs/projects/RestGroup/agilgomez/projects/ch4-c_auris/results/02_CCMetagen/SRA_cactus_all_1-10/DRR194232_1.fastq.res
/gpfs/software/Anaconda/envs/kma/lib/python3.9/site-packages/ete3/ncbi_taxonomy/ncbiquery.py:243: UserWarning: taxid 197514 was translated into 2555385
  warnings.warn("taxid %s was translated into %s" %(taxid, merged_conversion[taxid]))
/gpfs/software/Anaconda/envs/kma/lib/python3.9/site-packages/ete3/ncbi_taxonomy/ncbiquery.py:243: UserWarning: taxid 1720309 was translated into 2652724
  warnings.warn("taxid %s was translated into %s" %(taxid, merged_conversion[taxid]))
Writing /gpfs/projects/RestGroup/agilgomez/projects/ch4-c_auris/results/02_CCMetagen/SRA_cactus_all_1-10/DRR194232_1.fastq.res.html...

Reading file /gpfs/projects/RestGroup/agilgomez/projects/ch4-c_auris/results/01_KMA_res/SRA_cactus_all_1-10/DRR194232_1.fastq.res


csv file saved as /gpfs/projects/RestGroup/agilgomez/projects/ch4-c_auris/results/02_CCMetagen/SRA_cactus_all_1-10/DRR194232_1.fastq.res.csv

krona file saved as /gpfs/projects/RestGroup/agilgomez/projects/ch4-c_auris/results/02_CCMetagen/SRA_cactus_all_1-10/DRR194232_1.fastq.res.html

Downloading: ERR3357930
spots read      : 32
reads read      : 32
reads written   : 32
KMA for: /gpfs/scratch/agilgomez/Databases/SRR/SRA_cactus_all_1-10/ERR3357930.fastq
It doesn't end in _1.fastq
File is named /gpfs/scratch/agilgomez/Databases/SRR/SRA_cactus_all_1-10/ERR3357930.fastq
File ends in only in .fastq, but not _2 or _1. Doing single
/gpfs/projects/RestGroup/agilgomez/projects/ch4-c_auris/results/01_KMA_res/SRA_cactus_all_1-10/ERR3357930.fastq
# Reading inputfile: 	/gpfs/scratch/agilgomez/Databases/SRR/SRA_cactus_all_1-10/ERR3357930.fastq
# Phred scale:	33
#
# Query converted
#
# Collecting k-mer scores.
#
# Total time used for DB loading: 52.53 s.
#
# Finding k-mer ankers
# Query ankered
#
# Score collection done
#
# Sort, output and select k-mer alignments.
# Total time for sorting and outputting KMA alignment	0.19 s.
#
# Doing local assemblies of found templates, and output results
# Total time used for local assembly: 258.06 s.
#
# Closing files
CCMetagen for: /gpfs/projects/RestGroup/agilgomez/projects/ch4-c_auris/results/01_KMA_res/SRA_cactus_all_1-10/ERR3357930.fastq.res
/gpfs/projects/RestGroup/agilgomez/projects/ch4-c_auris/results/02_CCMetagen/SRA_cactus_all_1-10/ERR3357930.fastq.res
Writing /gpfs/projects/RestGroup/agilgomez/projects/ch4-c_auris/results/02_CCMetagen/SRA_cactus_all_1-10/ERR3357930.fastq.res.html...

Reading file /gpfs/projects/RestGroup/agilgomez/projects/ch4-c_auris/results/01_KMA_res/SRA_cactus_all_1-10/ERR3357930.fastq.res


csv file saved as /gpfs/projects/RestGroup/agilgomez/projects/ch4-c_auris/results/02_CCMetagen/SRA_cactus_all_1-10/ERR3357930.fastq.res.csv

krona file saved as /gpfs/projects/RestGroup/agilgomez/projects/ch4-c_auris/results/02_CCMetagen/SRA_cactus_all_1-10/ERR3357930.fastq.res.html

Downloading: ERR3357931
spots read      : 153,315
reads read      : 306,630
reads written   : 306,630
KMA for: /gpfs/scratch/agilgomez/Databases/SRR/SRA_cactus_all_1-10/ERR3357931_1.fastq
File ends in _1.fastq
There is a _2. Doing paired
R1 is: /gpfs/scratch/agilgomez/Databases/SRR/SRA_cactus_all_1-10/ERR3357931_1.fastq
R2 is: /gpfs/scratch/agilgomez/Databases/SRR/SRA_cactus_all_1-10/ERR3357931_2.fastq
Output directory: /gpfs/projects/RestGroup/agilgomez/projects/ch4-c_auris/results/01_KMA_res/SRA_cactus_all_1-10/ERR3357931_1.fastq
# Collecting k-mer scores.
# Reading inputfile:	/gpfs/scratch/agilgomez/Databases/SRR/SRA_cactus_all_1-10/ERR3357931_1.fastq /gpfs/scratch/agilgomez/Databases/SRR/SRA_cactus_all_1-10/ERR3357931_2.fastq
# Phred scale:	33
#
# Total time used for DB loading: 52.82 s.
#
# Finding k-mer ankers
#
# Query converted
#
# Query ankered
#
# Score collection done
#
# Sort, output and select k-mer alignments.
# Total time for sorting and outputting KMA alignment	0.60 s.
#
# Doing local assemblies of found templates, and output results
# Total time used for local assembly: 267.86 s.
#
# Closing files
KMA for: /gpfs/scratch/agilgomez/Databases/SRR/SRA_cactus_all_1-10/ERR3357931_2.fastq
It doesn't end in _1.fastq
R2 is: /gpfs/scratch/agilgomez/Databases/SRR/SRA_cactus_all_1-10/ERR3357931_2.fastq
File ends in _2. Doing nothing.
CCMetagen for: /gpfs/projects/RestGroup/agilgomez/projects/ch4-c_auris/results/01_KMA_res/SRA_cactus_all_1-10/ERR3357931_1.fastq.res
/gpfs/projects/RestGroup/agilgomez/projects/ch4-c_auris/results/02_CCMetagen/SRA_cactus_all_1-10/ERR3357931_1.fastq.res
/gpfs/software/Anaconda/envs/kma/lib/python3.9/site-packages/ete3/ncbi_taxonomy/ncbiquery.py:243: UserWarning: taxid 431157 was translated into 2558455
  warnings.warn("taxid %s was translated into %s" %(taxid, merged_conversion[taxid]))
/gpfs/software/Anaconda/envs/kma/lib/python3.9/site-packages/ete3/ncbi_taxonomy/ncbiquery.py:243: UserWarning: taxid 293213 was translated into 2558453
  warnings.warn("taxid %s was translated into %s" %(taxid, merged_conversion[taxid]))
Writing /gpfs/projects/RestGroup/agilgomez/projects/ch4-c_auris/results/02_CCMetagen/SRA_cactus_all_1-10/ERR3357931_1.fastq.res.html...

Reading file /gpfs/projects/RestGroup/agilgomez/projects/ch4-c_auris/results/01_KMA_res/SRA_cactus_all_1-10/ERR3357931_1.fastq.res


csv file saved as /gpfs/projects/RestGroup/agilgomez/projects/ch4-c_auris/results/02_CCMetagen/SRA_cactus_all_1-10/ERR3357931_1.fastq.res.csv

krona file saved as /gpfs/projects/RestGroup/agilgomez/projects/ch4-c_auris/results/02_CCMetagen/SRA_cactus_all_1-10/ERR3357931_1.fastq.res.html

Downloading: ERR3357932
spots read      : 126
reads read      : 126
reads written   : 126
KMA for: /gpfs/scratch/agilgomez/Databases/SRR/SRA_cactus_all_1-10/ERR3357932.fastq
It doesn't end in _1.fastq
File is named /gpfs/scratch/agilgomez/Databases/SRR/SRA_cactus_all_1-10/ERR3357932.fastq
File ends in only in .fastq, but not _2 or _1. Doing single
/gpfs/projects/RestGroup/agilgomez/projects/ch4-c_auris/results/01_KMA_res/SRA_cactus_all_1-10/ERR3357932.fastq
# Reading inputfile: 	/gpfs/scratch/agilgomez/Databases/SRR/SRA_cactus_all_1-10/ERR3357932.fastq
# Phred scale:	33
#
# Query converted
#
# Collecting k-mer scores.
#
# Total time used for DB loading: 59.81 s.
#
# Finding k-mer ankers
# Query ankered
#
# Score collection done
#
# Sort, output and select k-mer alignments.
# Total time for sorting and outputting KMA alignment	0.16 s.
#
# Doing local assemblies of found templates, and output results
# Total time used for local assembly: 261.62 s.
#
# Closing files
CCMetagen for: /gpfs/projects/RestGroup/agilgomez/projects/ch4-c_auris/results/01_KMA_res/SRA_cactus_all_1-10/ERR3357932.fastq.res
/gpfs/projects/RestGroup/agilgomez/projects/ch4-c_auris/results/02_CCMetagen/SRA_cactus_all_1-10/ERR3357932.fastq.res
Writing /gpfs/projects/RestGroup/agilgomez/projects/ch4-c_auris/results/02_CCMetagen/SRA_cactus_all_1-10/ERR3357932.fastq.res.html...

Reading file /gpfs/projects/RestGroup/agilgomez/projects/ch4-c_auris/results/01_KMA_res/SRA_cactus_all_1-10/ERR3357932.fastq.res


csv file saved as /gpfs/projects/RestGroup/agilgomez/projects/ch4-c_auris/results/02_CCMetagen/SRA_cactus_all_1-10/ERR3357932.fastq.res.csv

krona file saved as /gpfs/projects/RestGroup/agilgomez/projects/ch4-c_auris/results/02_CCMetagen/SRA_cactus_all_1-10/ERR3357932.fastq.res.html

Downloading: ERR3445708
spots read      : 636,610,594
reads read      : 1,273,221,188
reads written   : 1,273,221,188
KMA for: /gpfs/scratch/agilgomez/Databases/SRR/SRA_cactus_all_1-10/ERR3445708_2.fastq
It doesn't end in _1.fastq
R2 is: /gpfs/scratch/agilgomez/Databases/SRR/SRA_cactus_all_1-10/ERR3445708_2.fastq
File ends in _2. Doing nothing.
KMA for: /gpfs/scratch/agilgomez/Databases/SRR/SRA_cactus_all_1-10/ERR3445708_1.fastq
File ends in _1.fastq
There is a _2. Doing paired
R1 is: /gpfs/scratch/agilgomez/Databases/SRR/SRA_cactus_all_1-10/ERR3445708_1.fastq
R2 is: /gpfs/scratch/agilgomez/Databases/SRR/SRA_cactus_all_1-10/ERR3445708_2.fastq
Output directory: /gpfs/projects/RestGroup/agilgomez/projects/ch4-c_auris/results/01_KMA_res/SRA_cactus_all_1-10/ERR3445708_1.fastq
# Collecting k-mer scores.
# Reading inputfile:	/gpfs/scratch/agilgomez/Databases/SRR/SRA_cactus_all_1-10/ERR3445708_1.fastq /gpfs/scratch/agilgomez/Databases/SRR/SRA_cactus_all_1-10/ERR3445708_2.fastq
# Phred scale:	33
#
# Total time used for DB loading: 65.32 s.
#
# Finding k-mer ankers
/var/spool/slurmd/job712627/slurm_script: line 122: 10906 Bus error               (core dumped) kma -ipe $r1 $r2 -o $o -t_db $nt_db -t $threads -1t1 -mem_mode -and -apm f
/gpfs/projects/RestGroup/agilgomez/projects/ch4-c_auris/results/01_KMA_res/SRA_cactus_all_1-10/ERR3445708_1.fastq.res
CCMetagen for: /gpfs/projects/RestGroup/agilgomez/projects/ch4-c_auris/results/01_KMA_res/SRA_cactus_all_1-10/*.res
/gpfs/projects/RestGroup/agilgomez/projects/ch4-c_auris/results/02_CCMetagen/SRA_cactus_all_1-10/*.res

Reading file /gpfs/projects/RestGroup/agilgomez/projects/ch4-c_auris/results/01_KMA_res/SRA_cactus_all_1-10/*.res

Traceback (most recent call last):
  File "/gpfs/software/CCMetagen/CCMetagen.py", line 178, in <module>
    df = pd.read_csv(f, sep='\t', index_col=0, encoding='latin1')
  File "/gpfs/software/Anaconda/envs/kma/lib/python3.9/site-packages/pandas/util/_decorators.py", line 311, in wrapper
    return func(*args, **kwargs)
  File "/gpfs/software/Anaconda/envs/kma/lib/python3.9/site-packages/pandas/io/parsers/readers.py", line 586, in read_csv
    return _read(filepath_or_buffer, kwds)
  File "/gpfs/software/Anaconda/envs/kma/lib/python3.9/site-packages/pandas/io/parsers/readers.py", line 482, in _read
    parser = TextFileReader(filepath_or_buffer, **kwds)
  File "/gpfs/software/Anaconda/envs/kma/lib/python3.9/site-packages/pandas/io/parsers/readers.py", line 811, in __init__
    self._engine = self._make_engine(self.engine)
  File "/gpfs/software/Anaconda/envs/kma/lib/python3.9/site-packages/pandas/io/parsers/readers.py", line 1040, in _make_engine
    return mapping[engine](self.f, **self.options)  # type: ignore[call-arg]
  File "/gpfs/software/Anaconda/envs/kma/lib/python3.9/site-packages/pandas/io/parsers/c_parser_wrapper.py", line 51, in __init__
    self._open_handles(src, kwds)
  File "/gpfs/software/Anaconda/envs/kma/lib/python3.9/site-packages/pandas/io/parsers/base_parser.py", line 222, in _open_handles
    self.handles = get_handle(
  File "/gpfs/software/Anaconda/envs/kma/lib/python3.9/site-packages/pandas/io/common.py", line 702, in get_handle
    handle = open(
FileNotFoundError: [Errno 2] No such file or directory: '/gpfs/projects/RestGroup/agilgomez/projects/ch4-c_auris/results/01_KMA_res/SRA_cactus_all_1-10/*.res'
Downloading: ERR3446161
spots read      : 276,768,820
reads read      : 553,537,640
reads written   : 553,537,640
KMA for: /gpfs/scratch/agilgomez/Databases/SRR/SRA_cactus_all_1-10/ERR3446161_1.fastq
File ends in _1.fastq
There is a _2. Doing paired
R1 is: /gpfs/scratch/agilgomez/Databases/SRR/SRA_cactus_all_1-10/ERR3446161_1.fastq
R2 is: /gpfs/scratch/agilgomez/Databases/SRR/SRA_cactus_all_1-10/ERR3446161_2.fastq
Output directory: /gpfs/projects/RestGroup/agilgomez/projects/ch4-c_auris/results/01_KMA_res/SRA_cactus_all_1-10/ERR3446161_1.fastq
# Collecting k-mer scores.
# Reading inputfile:	/gpfs/scratch/agilgomez/Databases/SRR/SRA_cactus_all_1-10/ERR3446161_1.fastq /gpfs/scratch/agilgomez/Databases/SRR/SRA_cactus_all_1-10/ERR3446161_2.fastq
# Phred scale:	33
#
# Total time used for DB loading: 56.43 s.
#
# Finding k-mer ankers
/var/spool/slurmd/job712627/slurm_script: line 122: 45655 Bus error               (core dumped) kma -ipe $r1 $r2 -o $o -t_db $nt_db -t $threads -1t1 -mem_mode -and -apm f
KMA for: /gpfs/scratch/agilgomez/Databases/SRR/SRA_cactus_all_1-10/ERR3446161_2.fastq
It doesn't end in _1.fastq
R2 is: /gpfs/scratch/agilgomez/Databases/SRR/SRA_cactus_all_1-10/ERR3446161_2.fastq
File ends in _2. Doing nothing.
/gpfs/projects/RestGroup/agilgomez/projects/ch4-c_auris/results/01_KMA_res/SRA_cactus_all_1-10/ERR3446161_1.fastq.res
CCMetagen for: /gpfs/projects/RestGroup/agilgomez/projects/ch4-c_auris/results/01_KMA_res/SRA_cactus_all_1-10/*.res
/gpfs/projects/RestGroup/agilgomez/projects/ch4-c_auris/results/02_CCMetagen/SRA_cactus_all_1-10/*.res

Reading file /gpfs/projects/RestGroup/agilgomez/projects/ch4-c_auris/results/01_KMA_res/SRA_cactus_all_1-10/*.res

Traceback (most recent call last):
  File "/gpfs/software/CCMetagen/CCMetagen.py", line 178, in <module>
    df = pd.read_csv(f, sep='\t', index_col=0, encoding='latin1')
  File "/gpfs/software/Anaconda/envs/kma/lib/python3.9/site-packages/pandas/util/_decorators.py", line 311, in wrapper
    return func(*args, **kwargs)
  File "/gpfs/software/Anaconda/envs/kma/lib/python3.9/site-packages/pandas/io/parsers/readers.py", line 586, in read_csv
    return _read(filepath_or_buffer, kwds)
  File "/gpfs/software/Anaconda/envs/kma/lib/python3.9/site-packages/pandas/io/parsers/readers.py", line 482, in _read
    parser = TextFileReader(filepath_or_buffer, **kwds)
  File "/gpfs/software/Anaconda/envs/kma/lib/python3.9/site-packages/pandas/io/parsers/readers.py", line 811, in __init__
    self._engine = self._make_engine(self.engine)
  File "/gpfs/software/Anaconda/envs/kma/lib/python3.9/site-packages/pandas/io/parsers/readers.py", line 1040, in _make_engine
    return mapping[engine](self.f, **self.options)  # type: ignore[call-arg]
  File "/gpfs/software/Anaconda/envs/kma/lib/python3.9/site-packages/pandas/io/parsers/c_parser_wrapper.py", line 51, in __init__
    self._open_handles(src, kwds)
  File "/gpfs/software/Anaconda/envs/kma/lib/python3.9/site-packages/pandas/io/parsers/base_parser.py", line 222, in _open_handles
    self.handles = get_handle(
  File "/gpfs/software/Anaconda/envs/kma/lib/python3.9/site-packages/pandas/io/common.py", line 702, in get_handle
    handle = open(
FileNotFoundError: [Errno 2] No such file or directory: '/gpfs/projects/RestGroup/agilgomez/projects/ch4-c_auris/results/01_KMA_res/SRA_cactus_all_1-10/*.res'
Fastq and kma steps completed
total 6.7M
-rw-rw-r-- 1 agilgomez RestGroup 1003K Jan 20 02:46 DRR194228_1.fastq.res.csv
-rw-rw-r-- 1 agilgomez RestGroup  300K Jan 20 02:46 DRR194228_1.fastq.res.tsv
-rw-rw-r-- 1 agilgomez RestGroup  239K Jan 20 02:46 DRR194228_1.fastq.res.html
-rw-rw-r-- 1 agilgomez RestGroup  549K Jan 20 03:27 DRR194229_1.fastq.res.csv
-rw-rw-r-- 1 agilgomez RestGroup  167K Jan 20 03:27 DRR194229_1.fastq.res.tsv
-rw-rw-r-- 1 agilgomez RestGroup  229K Jan 20 03:27 DRR194229_1.fastq.res.html
-rw-rw-r-- 1 agilgomez RestGroup  444K Jan 20 03:54 DRR194230_1.fastq.res.csv
-rw-rw-r-- 1 agilgomez RestGroup  136K Jan 20 03:54 DRR194230_1.fastq.res.tsv
-rw-rw-r-- 1 agilgomez RestGroup  228K Jan 20 03:54 DRR194230_1.fastq.res.html
-rw-rw-r-- 1 agilgomez RestGroup  440K Jan 20 04:22 DRR194231_1.fastq.res.csv
-rw-rw-r-- 1 agilgomez RestGroup  135K Jan 20 04:22 DRR194231_1.fastq.res.tsv
-rw-rw-r-- 1 agilgomez RestGroup  227K Jan 20 04:22 DRR194231_1.fastq.res.html
-rw-rw-r-- 1 agilgomez RestGroup  413K Jan 20 04:40 DRR194232_1.fastq.res.csv
-rw-rw-r-- 1 agilgomez RestGroup  106K Jan 20 04:40 DRR194232_1.fastq.res.tsv
-rw-rw-r-- 1 agilgomez RestGroup  240K Jan 20 04:40 DRR194232_1.fastq.res.html
-rw-rw-r-- 1 agilgomez RestGroup   204 Jan 20 04:43 ERR3357930.fastq.res.csv
-rw-rw-r-- 1 agilgomez RestGroup     0 Jan 20 04:43 ERR3357930.fastq.res.tsv
-rw-rw-r-- 1 agilgomez RestGroup  221K Jan 20 04:43 ERR3357930.fastq.res.html
-rw-rw-r-- 1 agilgomez RestGroup   64K Jan 20 04:47 ERR3357931_1.fastq.res.csv
-rw-rw-r-- 1 agilgomez RestGroup   14K Jan 20 04:47 ERR3357931_1.fastq.res.tsv
-rw-rw-r-- 1 agilgomez RestGroup  222K Jan 20 04:47 ERR3357931_1.fastq.res.html
-rw-rw-r-- 1 agilgomez RestGroup  2.8K Jan 20 04:50 ERR3357932.fastq.res.csv
-rw-rw-r-- 1 agilgomez RestGroup   476 Jan 20 04:50 ERR3357932.fastq.res.tsv
-rw-rw-r-- 1 agilgomez RestGroup  223K Jan 20 04:50 ERR3357932.fastq.res.html
CCMetagen merge
Done. Abundance estimates for all samples saved as /gpfs/projects/RestGroup/agilgomez/projects/ch4-c_auris/results/03_Output_Tables/SRAtab_cactus_all_1-10.csv
Table ready
total 270M
-rw-rw-r-- 1 agilgomez RestGroup  32K Dec 16 16:09 SRAtab_caurisposIndia_all_1-13.csv
-rw-rw-r-- 1 agilgomez RestGroup 5.8M Dec 19 10:28 SRAtab_halotolerant_all_1-249.csv
-rw-rw-r-- 1 agilgomez RestGroup  26M Dec 19 13:44 SRAtab_wetlands_all_4001-4500.csv
-rw-rw-r-- 1 agilgomez RestGroup  15M Dec 19 15:59 SRAtab_wetlands_all_1001-1500.csv
-rw-rw-r-- 1 agilgomez RestGroup  27M Dec 19 20:07 SRAtab_wetlands_all_1-500.csv
-rw-rw-r-- 1 agilgomez RestGroup  29M Dec 19 23:43 SRAtab_wetlands_all_3001-3500.csv
-rw-rw-r-- 1 agilgomez RestGroup  31M Dec 20 00:37 SRAtab_wetlands_all_1501-2000.csv
-rw-rw-r-- 1 agilgomez RestGroup  26M Dec 20 04:49 SRAtab_wetlands_all_3501-4000.csv
-rw-rw-r-- 1 agilgomez RestGroup  23M Dec 20 08:36 SRAtab_wetlands_all_2501-3000.csv
-rw-rw-r-- 1 agilgomez RestGroup  18M Dec 20 09:10 SRAtab_wetlands_all_501-1000.csv
-rw-rw-r-- 1 agilgomez RestGroup  19M Dec 20 15:52 SRAtab_halophilic_all_1-555.csv
-rw-rw-r-- 1 agilgomez RestGroup  15M Dec 20 18:16 SRAtab_shorebird_all_1-775.csv
-rw-rw-r-- 1 agilgomez RestGroup  30M Dec 20 23:09 SRAtab_wetlands_all_2001-2500.csv
-rw-rw-r-- 1 agilgomez RestGroup 1.2M Jan  6 17:00 SRAtab_nicobar_all_1-32.csv
-rw-rw-r-- 1 agilgomez RestGroup 6.5M Jan 11 07:35 SRAtab_andaman_all_1-159.csv
-rw-rw-r-- 1 agilgomez RestGroup  124 Jan 19 10:57 SRAtab_test_all_1-3.csv
-rw-rw-r-- 1 agilgomez RestGroup  44K Jan 19 12:19 SRAtab_desertlake_all_1-3.csv
-rw-rw-r-- 1 agilgomez RestGroup  63K Jan 20 12:44 SRAtab_sumatra_all_1-10.csv
-rw-rw-r-- 1 agilgomez RestGroup 5.6K Jan 20 13:23 SRAtab_marshes_all_1-10.csv
-rw-rw-r-- 1 agilgomez RestGroup  64K Jan 20 16:40 SRAtab_swamp_all_1-10.csv
-rw-rw-r-- 1 agilgomez RestGroup  19K Jan 20 17:45 SRAtab_cactus_all_1-10.csv
Delete subdir folders
Finishing script
17:45:52
