Starting script
13:23:19
1959 /gpfs/projects/RestGroup/agilgomez/projects/ch4-c_auris/data/SraAccList_swamp_all.txt
rm: cannot remove ‘/gpfs/scratch/agilgomez/ncbi/sra/SRA_swamp_all_1-10’: No such file or directory
rm: cannot remove ‘/gpfs/scratch/agilgomez/temp/SRA_swamp_all_1-10’: No such file or directory
mkdir: cannot create directory ‘/gpfs/scratch/agilgomez/Databases/SRR’: File exists
Downloading: ERR4077394
spots read      : 66,365,877
reads read      : 132,731,754
reads written   : 132,731,754
KMA for: /gpfs/scratch/agilgomez/Databases/SRR/SRA_swamp_all_1-10/ERR4077394_1.fastq
File ends in _1.fastq
There is a _2. Doing paired
R1 is: /gpfs/scratch/agilgomez/Databases/SRR/SRA_swamp_all_1-10/ERR4077394_1.fastq
R2 is: /gpfs/scratch/agilgomez/Databases/SRR/SRA_swamp_all_1-10/ERR4077394_2.fastq
Output directory: /gpfs/projects/RestGroup/agilgomez/projects/ch4-c_auris/results/01_KMA_res/SRA_swamp_all_1-10/ERR4077394_1.fastq
# Collecting k-mer scores.
# Reading inputfile:	/gpfs/scratch/agilgomez/Databases/SRR/SRA_swamp_all_1-10/ERR4077394_1.fastq /gpfs/scratch/agilgomez/Databases/SRR/SRA_swamp_all_1-10/ERR4077394_2.fastq
# Phred scale:	33
#
# Total time used for DB loading: 65.29 s.
#
# Finding k-mer ankers
#
# Query converted
#
# Query ankered
#
# Score collection done
#
# Sort, output and select k-mer alignments.
# Total time for sorting and outputting KMA alignment	14.65 s.
#
# Doing local assemblies of found templates, and output results
# Total time used for local assembly: 1025.16 s.
#
# Closing files
KMA for: /gpfs/scratch/agilgomez/Databases/SRR/SRA_swamp_all_1-10/ERR4077394_2.fastq
It doesn't end in _1.fastq
R2 is: /gpfs/scratch/agilgomez/Databases/SRR/SRA_swamp_all_1-10/ERR4077394_2.fastq
File ends in _2. Doing nothing.
CCMetagen for: /gpfs/projects/RestGroup/agilgomez/projects/ch4-c_auris/results/01_KMA_res/SRA_swamp_all_1-10/ERR4077394_1.fastq.res
/gpfs/projects/RestGroup/agilgomez/projects/ch4-c_auris/results/02_CCMetagen/SRA_swamp_all_1-10/ERR4077394_1.fastq.res
Writing /gpfs/projects/RestGroup/agilgomez/projects/ch4-c_auris/results/02_CCMetagen/SRA_swamp_all_1-10/ERR4077394_1.fastq.res.html...

Reading file /gpfs/projects/RestGroup/agilgomez/projects/ch4-c_auris/results/01_KMA_res/SRA_swamp_all_1-10/ERR4077394_1.fastq.res


csv file saved as /gpfs/projects/RestGroup/agilgomez/projects/ch4-c_auris/results/02_CCMetagen/SRA_swamp_all_1-10/ERR4077394_1.fastq.res.csv

krona file saved as /gpfs/projects/RestGroup/agilgomez/projects/ch4-c_auris/results/02_CCMetagen/SRA_swamp_all_1-10/ERR4077394_1.fastq.res.html

Downloading: ERR6158733
spots read      : 203,110
reads read      : 406,220
reads written   : 406,220
KMA for: /gpfs/scratch/agilgomez/Databases/SRR/SRA_swamp_all_1-10/ERR6158733_2.fastq
It doesn't end in _1.fastq
R2 is: /gpfs/scratch/agilgomez/Databases/SRR/SRA_swamp_all_1-10/ERR6158733_2.fastq
File ends in _2. Doing nothing.
KMA for: /gpfs/scratch/agilgomez/Databases/SRR/SRA_swamp_all_1-10/ERR6158733_1.fastq
File ends in _1.fastq
There is a _2. Doing paired
R1 is: /gpfs/scratch/agilgomez/Databases/SRR/SRA_swamp_all_1-10/ERR6158733_1.fastq
R2 is: /gpfs/scratch/agilgomez/Databases/SRR/SRA_swamp_all_1-10/ERR6158733_2.fastq
Output directory: /gpfs/projects/RestGroup/agilgomez/projects/ch4-c_auris/results/01_KMA_res/SRA_swamp_all_1-10/ERR6158733_1.fastq
# Reading inputfile:	/gpfs/scratch/agilgomez/Databases/SRR/SRA_swamp_all_1-10/ERR6158733_1.fastq /gpfs/scratch/agilgomez/Databases/SRR/SRA_swamp_all_1-10/ERR6158733_2.fastq
# Phred scale:	33
# Collecting k-mer scores.
#
# Total time used for DB loading: 66.35 s.
#
# Finding k-mer ankers
#
# Query converted
#
# Query ankered
#
# Score collection done
#
# Sort, output and select k-mer alignments.
# Total time for sorting and outputting KMA alignment	0.93 s.
#
# Doing local assemblies of found templates, and output results
# Total time used for local assembly: 270.24 s.
#
# Closing files
CCMetagen for: /gpfs/projects/RestGroup/agilgomez/projects/ch4-c_auris/results/01_KMA_res/SRA_swamp_all_1-10/ERR6158733_1.fastq.res
/gpfs/projects/RestGroup/agilgomez/projects/ch4-c_auris/results/02_CCMetagen/SRA_swamp_all_1-10/ERR6158733_1.fastq.res
/gpfs/software/Anaconda/envs/kma/lib/python3.9/site-packages/ete3/ncbi_taxonomy/ncbiquery.py:243: UserWarning: taxid 541003 was translated into 707003
  warnings.warn("taxid %s was translated into %s" %(taxid, merged_conversion[taxid]))
Writing /gpfs/projects/RestGroup/agilgomez/projects/ch4-c_auris/results/02_CCMetagen/SRA_swamp_all_1-10/ERR6158733_1.fastq.res.html...

Reading file /gpfs/projects/RestGroup/agilgomez/projects/ch4-c_auris/results/01_KMA_res/SRA_swamp_all_1-10/ERR6158733_1.fastq.res


csv file saved as /gpfs/projects/RestGroup/agilgomez/projects/ch4-c_auris/results/02_CCMetagen/SRA_swamp_all_1-10/ERR6158733_1.fastq.res.csv

krona file saved as /gpfs/projects/RestGroup/agilgomez/projects/ch4-c_auris/results/02_CCMetagen/SRA_swamp_all_1-10/ERR6158733_1.fastq.res.html

Downloading: ERR6158924
spots read      : 56,164
reads read      : 112,328
reads written   : 112,328
KMA for: /gpfs/scratch/agilgomez/Databases/SRR/SRA_swamp_all_1-10/ERR6158924_2.fastq
It doesn't end in _1.fastq
R2 is: /gpfs/scratch/agilgomez/Databases/SRR/SRA_swamp_all_1-10/ERR6158924_2.fastq
File ends in _2. Doing nothing.
KMA for: /gpfs/scratch/agilgomez/Databases/SRR/SRA_swamp_all_1-10/ERR6158924_1.fastq
File ends in _1.fastq
There is a _2. Doing paired
R1 is: /gpfs/scratch/agilgomez/Databases/SRR/SRA_swamp_all_1-10/ERR6158924_1.fastq
R2 is: /gpfs/scratch/agilgomez/Databases/SRR/SRA_swamp_all_1-10/ERR6158924_2.fastq
Output directory: /gpfs/projects/RestGroup/agilgomez/projects/ch4-c_auris/results/01_KMA_res/SRA_swamp_all_1-10/ERR6158924_1.fastq
# Reading inputfile:	/gpfs/scratch/agilgomez/Databases/SRR/SRA_swamp_all_1-10/ERR6158924_1.fastq /gpfs/scratch/agilgomez/Databases/SRR/SRA_swamp_all_1-10/ERR6158924_2.fastq
# Phred scale:	33
# Collecting k-mer scores.
#
# Total time used for DB loading: 58.97 s.
#
# Finding k-mer ankers
#
# Query converted
#
# Query ankered
#
# Score collection done
#
# Sort, output and select k-mer alignments.
# Total time for sorting and outputting KMA alignment	0.52 s.
#
# Doing local assemblies of found templates, and output results
# Total time used for local assembly: 244.22 s.
#
# Closing files
CCMetagen for: /gpfs/projects/RestGroup/agilgomez/projects/ch4-c_auris/results/01_KMA_res/SRA_swamp_all_1-10/ERR6158924_1.fastq.res
/gpfs/projects/RestGroup/agilgomez/projects/ch4-c_auris/results/02_CCMetagen/SRA_swamp_all_1-10/ERR6158924_1.fastq.res
/gpfs/software/Anaconda/envs/kma/lib/python3.9/site-packages/ete3/ncbi_taxonomy/ncbiquery.py:243: UserWarning: taxid 541003 was translated into 707003
  warnings.warn("taxid %s was translated into %s" %(taxid, merged_conversion[taxid]))
Writing /gpfs/projects/RestGroup/agilgomez/projects/ch4-c_auris/results/02_CCMetagen/SRA_swamp_all_1-10/ERR6158924_1.fastq.res.html...

Reading file /gpfs/projects/RestGroup/agilgomez/projects/ch4-c_auris/results/01_KMA_res/SRA_swamp_all_1-10/ERR6158924_1.fastq.res


csv file saved as /gpfs/projects/RestGroup/agilgomez/projects/ch4-c_auris/results/02_CCMetagen/SRA_swamp_all_1-10/ERR6158924_1.fastq.res.csv

krona file saved as /gpfs/projects/RestGroup/agilgomez/projects/ch4-c_auris/results/02_CCMetagen/SRA_swamp_all_1-10/ERR6158924_1.fastq.res.html

Downloading: ERR6175671
spots read      : 90,176
reads read      : 180,352
reads written   : 180,352
KMA for: /gpfs/scratch/agilgomez/Databases/SRR/SRA_swamp_all_1-10/ERR6175671_1.fastq
File ends in _1.fastq
There is a _2. Doing paired
R1 is: /gpfs/scratch/agilgomez/Databases/SRR/SRA_swamp_all_1-10/ERR6175671_1.fastq
R2 is: /gpfs/scratch/agilgomez/Databases/SRR/SRA_swamp_all_1-10/ERR6175671_2.fastq
Output directory: /gpfs/projects/RestGroup/agilgomez/projects/ch4-c_auris/results/01_KMA_res/SRA_swamp_all_1-10/ERR6175671_1.fastq
# Collecting k-mer scores.
# Reading inputfile:	/gpfs/scratch/agilgomez/Databases/SRR/SRA_swamp_all_1-10/ERR6175671_1.fastq /gpfs/scratch/agilgomez/Databases/SRR/SRA_swamp_all_1-10/ERR6175671_2.fastq
# Phred scale:	33
#
# Total time used for DB loading: 66.39 s.
#
# Finding k-mer ankers
#
# Query converted
#
# Query ankered
#
# Score collection done
#
# Sort, output and select k-mer alignments.
# Total time for sorting and outputting KMA alignment	0.24 s.
#
# Doing local assemblies of found templates, and output results
# Total time used for local assembly: 255.00 s.
#
# Closing files
KMA for: /gpfs/scratch/agilgomez/Databases/SRR/SRA_swamp_all_1-10/ERR6175671_2.fastq
It doesn't end in _1.fastq
R2 is: /gpfs/scratch/agilgomez/Databases/SRR/SRA_swamp_all_1-10/ERR6175671_2.fastq
File ends in _2. Doing nothing.
CCMetagen for: /gpfs/projects/RestGroup/agilgomez/projects/ch4-c_auris/results/01_KMA_res/SRA_swamp_all_1-10/ERR6175671_1.fastq.res
/gpfs/projects/RestGroup/agilgomez/projects/ch4-c_auris/results/02_CCMetagen/SRA_swamp_all_1-10/ERR6175671_1.fastq.res
Writing /gpfs/projects/RestGroup/agilgomez/projects/ch4-c_auris/results/02_CCMetagen/SRA_swamp_all_1-10/ERR6175671_1.fastq.res.html...

Reading file /gpfs/projects/RestGroup/agilgomez/projects/ch4-c_auris/results/01_KMA_res/SRA_swamp_all_1-10/ERR6175671_1.fastq.res


csv file saved as /gpfs/projects/RestGroup/agilgomez/projects/ch4-c_auris/results/02_CCMetagen/SRA_swamp_all_1-10/ERR6175671_1.fastq.res.csv

krona file saved as /gpfs/projects/RestGroup/agilgomez/projects/ch4-c_auris/results/02_CCMetagen/SRA_swamp_all_1-10/ERR6175671_1.fastq.res.html

Downloading: ERR6175739
spots read      : 40,064
reads read      : 80,128
reads written   : 80,128
KMA for: /gpfs/scratch/agilgomez/Databases/SRR/SRA_swamp_all_1-10/ERR6175739_2.fastq
It doesn't end in _1.fastq
R2 is: /gpfs/scratch/agilgomez/Databases/SRR/SRA_swamp_all_1-10/ERR6175739_2.fastq
File ends in _2. Doing nothing.
KMA for: /gpfs/scratch/agilgomez/Databases/SRR/SRA_swamp_all_1-10/ERR6175739_1.fastq
File ends in _1.fastq
There is a _2. Doing paired
R1 is: /gpfs/scratch/agilgomez/Databases/SRR/SRA_swamp_all_1-10/ERR6175739_1.fastq
R2 is: /gpfs/scratch/agilgomez/Databases/SRR/SRA_swamp_all_1-10/ERR6175739_2.fastq
Output directory: /gpfs/projects/RestGroup/agilgomez/projects/ch4-c_auris/results/01_KMA_res/SRA_swamp_all_1-10/ERR6175739_1.fastq
# Reading inputfile:	/gpfs/scratch/agilgomez/Databases/SRR/SRA_swamp_all_1-10/ERR6175739_1.fastq /gpfs/scratch/agilgomez/Databases/SRR/SRA_swamp_all_1-10/ERR6175739_2.fastq
# Phred scale:	33
# Collecting k-mer scores.
#
# Total time used for DB loading: 50.62 s.
#
# Finding k-mer ankers
#
# Query converted
#
# Query ankered
#
# Score collection done
#
# Sort, output and select k-mer alignments.
# Total time for sorting and outputting KMA alignment	0.23 s.
#
# Doing local assemblies of found templates, and output results
# Total time used for local assembly: 258.09 s.
#
# Closing files
CCMetagen for: /gpfs/projects/RestGroup/agilgomez/projects/ch4-c_auris/results/01_KMA_res/SRA_swamp_all_1-10/ERR6175739_1.fastq.res
/gpfs/projects/RestGroup/agilgomez/projects/ch4-c_auris/results/02_CCMetagen/SRA_swamp_all_1-10/ERR6175739_1.fastq.res
Writing /gpfs/projects/RestGroup/agilgomez/projects/ch4-c_auris/results/02_CCMetagen/SRA_swamp_all_1-10/ERR6175739_1.fastq.res.html...

Reading file /gpfs/projects/RestGroup/agilgomez/projects/ch4-c_auris/results/01_KMA_res/SRA_swamp_all_1-10/ERR6175739_1.fastq.res


csv file saved as /gpfs/projects/RestGroup/agilgomez/projects/ch4-c_auris/results/02_CCMetagen/SRA_swamp_all_1-10/ERR6175739_1.fastq.res.csv

krona file saved as /gpfs/projects/RestGroup/agilgomez/projects/ch4-c_auris/results/02_CCMetagen/SRA_swamp_all_1-10/ERR6175739_1.fastq.res.html

Downloading: SRR15721738
spots read      : 22,511,689
reads read      : 45,023,378
reads written   : 45,023,378
KMA for: /gpfs/scratch/agilgomez/Databases/SRR/SRA_swamp_all_1-10/SRR15721738_1.fastq
File ends in _1.fastq
There is a _2. Doing paired
R1 is: /gpfs/scratch/agilgomez/Databases/SRR/SRA_swamp_all_1-10/SRR15721738_1.fastq
R2 is: /gpfs/scratch/agilgomez/Databases/SRR/SRA_swamp_all_1-10/SRR15721738_2.fastq
Output directory: /gpfs/projects/RestGroup/agilgomez/projects/ch4-c_auris/results/01_KMA_res/SRA_swamp_all_1-10/SRR15721738_1.fastq
# Collecting k-mer scores.
# Reading inputfile:	/gpfs/scratch/agilgomez/Databases/SRR/SRA_swamp_all_1-10/SRR15721738_1.fastq /gpfs/scratch/agilgomez/Databases/SRR/SRA_swamp_all_1-10/SRR15721738_2.fastq
# Phred scale:	33
#
# Total time used for DB loading: 53.65 s.
#
# Finding k-mer ankers
/var/spool/slurmd/job712630/slurm_script: line 122: 261312 Killed                  kma -ipe $r1 $r2 -o $o -t_db $nt_db -t $threads -1t1 -mem_mode -and -apm f
KMA for: /gpfs/scratch/agilgomez/Databases/SRR/SRA_swamp_all_1-10/SRR15721738_2.fastq
It doesn't end in _1.fastq
R2 is: /gpfs/scratch/agilgomez/Databases/SRR/SRA_swamp_all_1-10/SRR15721738_2.fastq
File ends in _2. Doing nothing.
/gpfs/projects/RestGroup/agilgomez/projects/ch4-c_auris/results/01_KMA_res/SRA_swamp_all_1-10/SRR15721738_1.fastq.res
CCMetagen for: /gpfs/projects/RestGroup/agilgomez/projects/ch4-c_auris/results/01_KMA_res/SRA_swamp_all_1-10/*.res
/gpfs/projects/RestGroup/agilgomez/projects/ch4-c_auris/results/02_CCMetagen/SRA_swamp_all_1-10/*.res

Reading file /gpfs/projects/RestGroup/agilgomez/projects/ch4-c_auris/results/01_KMA_res/SRA_swamp_all_1-10/*.res

Traceback (most recent call last):
  File "/gpfs/software/CCMetagen/CCMetagen.py", line 178, in <module>
    df = pd.read_csv(f, sep='\t', index_col=0, encoding='latin1')
  File "/gpfs/software/Anaconda/envs/kma/lib/python3.9/site-packages/pandas/util/_decorators.py", line 311, in wrapper
    return func(*args, **kwargs)
  File "/gpfs/software/Anaconda/envs/kma/lib/python3.9/site-packages/pandas/io/parsers/readers.py", line 586, in read_csv
    return _read(filepath_or_buffer, kwds)
  File "/gpfs/software/Anaconda/envs/kma/lib/python3.9/site-packages/pandas/io/parsers/readers.py", line 482, in _read
    parser = TextFileReader(filepath_or_buffer, **kwds)
  File "/gpfs/software/Anaconda/envs/kma/lib/python3.9/site-packages/pandas/io/parsers/readers.py", line 811, in __init__
    self._engine = self._make_engine(self.engine)
  File "/gpfs/software/Anaconda/envs/kma/lib/python3.9/site-packages/pandas/io/parsers/readers.py", line 1040, in _make_engine
    return mapping[engine](self.f, **self.options)  # type: ignore[call-arg]
  File "/gpfs/software/Anaconda/envs/kma/lib/python3.9/site-packages/pandas/io/parsers/c_parser_wrapper.py", line 51, in __init__
    self._open_handles(src, kwds)
  File "/gpfs/software/Anaconda/envs/kma/lib/python3.9/site-packages/pandas/io/parsers/base_parser.py", line 222, in _open_handles
    self.handles = get_handle(
  File "/gpfs/software/Anaconda/envs/kma/lib/python3.9/site-packages/pandas/io/common.py", line 702, in get_handle
    handle = open(
FileNotFoundError: [Errno 2] No such file or directory: '/gpfs/projects/RestGroup/agilgomez/projects/ch4-c_auris/results/01_KMA_res/SRA_swamp_all_1-10/*.res'
Downloading: SRR15721739
spots read      : 25,386,599
reads read      : 50,773,198
reads written   : 50,773,198
KMA for: /gpfs/scratch/agilgomez/Databases/SRR/SRA_swamp_all_1-10/SRR15721739_1.fastq
File ends in _1.fastq
There is a _2. Doing paired
R1 is: /gpfs/scratch/agilgomez/Databases/SRR/SRA_swamp_all_1-10/SRR15721739_1.fastq
R2 is: /gpfs/scratch/agilgomez/Databases/SRR/SRA_swamp_all_1-10/SRR15721739_2.fastq
Output directory: /gpfs/projects/RestGroup/agilgomez/projects/ch4-c_auris/results/01_KMA_res/SRA_swamp_all_1-10/SRR15721739_1.fastq
# Collecting k-mer scores.
# Reading inputfile:	/gpfs/scratch/agilgomez/Databases/SRR/SRA_swamp_all_1-10/SRR15721739_1.fastq /gpfs/scratch/agilgomez/Databases/SRR/SRA_swamp_all_1-10/SRR15721739_2.fastq
# Phred scale:	33
#
# Total time used for DB loading: 49.42 s.
#
# Finding k-mer ankers
/var/spool/slurmd/job712630/slurm_script: line 122: 264330 Killed                  kma -ipe $r1 $r2 -o $o -t_db $nt_db -t $threads -1t1 -mem_mode -and -apm f
KMA for: /gpfs/scratch/agilgomez/Databases/SRR/SRA_swamp_all_1-10/SRR15721739_2.fastq
It doesn't end in _1.fastq
R2 is: /gpfs/scratch/agilgomez/Databases/SRR/SRA_swamp_all_1-10/SRR15721739_2.fastq
File ends in _2. Doing nothing.
/gpfs/projects/RestGroup/agilgomez/projects/ch4-c_auris/results/01_KMA_res/SRA_swamp_all_1-10/SRR15721739_1.fastq.res
CCMetagen for: /gpfs/projects/RestGroup/agilgomez/projects/ch4-c_auris/results/01_KMA_res/SRA_swamp_all_1-10/*.res
/gpfs/projects/RestGroup/agilgomez/projects/ch4-c_auris/results/02_CCMetagen/SRA_swamp_all_1-10/*.res

Reading file /gpfs/projects/RestGroup/agilgomez/projects/ch4-c_auris/results/01_KMA_res/SRA_swamp_all_1-10/*.res

Traceback (most recent call last):
  File "/gpfs/software/CCMetagen/CCMetagen.py", line 178, in <module>
    df = pd.read_csv(f, sep='\t', index_col=0, encoding='latin1')
  File "/gpfs/software/Anaconda/envs/kma/lib/python3.9/site-packages/pandas/util/_decorators.py", line 311, in wrapper
    return func(*args, **kwargs)
  File "/gpfs/software/Anaconda/envs/kma/lib/python3.9/site-packages/pandas/io/parsers/readers.py", line 586, in read_csv
    return _read(filepath_or_buffer, kwds)
  File "/gpfs/software/Anaconda/envs/kma/lib/python3.9/site-packages/pandas/io/parsers/readers.py", line 482, in _read
    parser = TextFileReader(filepath_or_buffer, **kwds)
  File "/gpfs/software/Anaconda/envs/kma/lib/python3.9/site-packages/pandas/io/parsers/readers.py", line 811, in __init__
    self._engine = self._make_engine(self.engine)
  File "/gpfs/software/Anaconda/envs/kma/lib/python3.9/site-packages/pandas/io/parsers/readers.py", line 1040, in _make_engine
    return mapping[engine](self.f, **self.options)  # type: ignore[call-arg]
  File "/gpfs/software/Anaconda/envs/kma/lib/python3.9/site-packages/pandas/io/parsers/c_parser_wrapper.py", line 51, in __init__
    self._open_handles(src, kwds)
  File "/gpfs/software/Anaconda/envs/kma/lib/python3.9/site-packages/pandas/io/parsers/base_parser.py", line 222, in _open_handles
    self.handles = get_handle(
  File "/gpfs/software/Anaconda/envs/kma/lib/python3.9/site-packages/pandas/io/common.py", line 702, in get_handle
    handle = open(
FileNotFoundError: [Errno 2] No such file or directory: '/gpfs/projects/RestGroup/agilgomez/projects/ch4-c_auris/results/01_KMA_res/SRA_swamp_all_1-10/*.res'
Downloading: SRR15721740
spots read      : 22,618,701
reads read      : 45,237,402
reads written   : 45,237,402
KMA for: /gpfs/scratch/agilgomez/Databases/SRR/SRA_swamp_all_1-10/SRR15721740_1.fastq
File ends in _1.fastq
There is a _2. Doing paired
R1 is: /gpfs/scratch/agilgomez/Databases/SRR/SRA_swamp_all_1-10/SRR15721740_1.fastq
R2 is: /gpfs/scratch/agilgomez/Databases/SRR/SRA_swamp_all_1-10/SRR15721740_2.fastq
Output directory: /gpfs/projects/RestGroup/agilgomez/projects/ch4-c_auris/results/01_KMA_res/SRA_swamp_all_1-10/SRR15721740_1.fastq
# Collecting k-mer scores.
# Reading inputfile:	/gpfs/scratch/agilgomez/Databases/SRR/SRA_swamp_all_1-10/SRR15721740_1.fastq /gpfs/scratch/agilgomez/Databases/SRR/SRA_swamp_all_1-10/SRR15721740_2.fastq
# Phred scale:	33
#
# Total time used for DB loading: 65.83 s.
#
# Finding k-mer ankers
/var/spool/slurmd/job712630/slurm_script: line 122: 267418 Killed                  kma -ipe $r1 $r2 -o $o -t_db $nt_db -t $threads -1t1 -mem_mode -and -apm f
KMA for: /gpfs/scratch/agilgomez/Databases/SRR/SRA_swamp_all_1-10/SRR15721740_2.fastq
It doesn't end in _1.fastq
R2 is: /gpfs/scratch/agilgomez/Databases/SRR/SRA_swamp_all_1-10/SRR15721740_2.fastq
File ends in _2. Doing nothing.
/gpfs/projects/RestGroup/agilgomez/projects/ch4-c_auris/results/01_KMA_res/SRA_swamp_all_1-10/SRR15721740_1.fastq.res
CCMetagen for: /gpfs/projects/RestGroup/agilgomez/projects/ch4-c_auris/results/01_KMA_res/SRA_swamp_all_1-10/*.res
/gpfs/projects/RestGroup/agilgomez/projects/ch4-c_auris/results/02_CCMetagen/SRA_swamp_all_1-10/*.res

Reading file /gpfs/projects/RestGroup/agilgomez/projects/ch4-c_auris/results/01_KMA_res/SRA_swamp_all_1-10/*.res

Traceback (most recent call last):
  File "/gpfs/software/CCMetagen/CCMetagen.py", line 178, in <module>
    df = pd.read_csv(f, sep='\t', index_col=0, encoding='latin1')
  File "/gpfs/software/Anaconda/envs/kma/lib/python3.9/site-packages/pandas/util/_decorators.py", line 311, in wrapper
    return func(*args, **kwargs)
  File "/gpfs/software/Anaconda/envs/kma/lib/python3.9/site-packages/pandas/io/parsers/readers.py", line 586, in read_csv
    return _read(filepath_or_buffer, kwds)
  File "/gpfs/software/Anaconda/envs/kma/lib/python3.9/site-packages/pandas/io/parsers/readers.py", line 482, in _read
    parser = TextFileReader(filepath_or_buffer, **kwds)
  File "/gpfs/software/Anaconda/envs/kma/lib/python3.9/site-packages/pandas/io/parsers/readers.py", line 811, in __init__
    self._engine = self._make_engine(self.engine)
  File "/gpfs/software/Anaconda/envs/kma/lib/python3.9/site-packages/pandas/io/parsers/readers.py", line 1040, in _make_engine
    return mapping[engine](self.f, **self.options)  # type: ignore[call-arg]
  File "/gpfs/software/Anaconda/envs/kma/lib/python3.9/site-packages/pandas/io/parsers/c_parser_wrapper.py", line 51, in __init__
    self._open_handles(src, kwds)
  File "/gpfs/software/Anaconda/envs/kma/lib/python3.9/site-packages/pandas/io/parsers/base_parser.py", line 222, in _open_handles
    self.handles = get_handle(
  File "/gpfs/software/Anaconda/envs/kma/lib/python3.9/site-packages/pandas/io/common.py", line 702, in get_handle
    handle = open(
FileNotFoundError: [Errno 2] No such file or directory: '/gpfs/projects/RestGroup/agilgomez/projects/ch4-c_auris/results/01_KMA_res/SRA_swamp_all_1-10/*.res'
Downloading: SRR15721741
spots read      : 24,869,758
reads read      : 49,739,516
reads written   : 49,739,516
KMA for: /gpfs/scratch/agilgomez/Databases/SRR/SRA_swamp_all_1-10/SRR15721741_1.fastq
File ends in _1.fastq
There is a _2. Doing paired
R1 is: /gpfs/scratch/agilgomez/Databases/SRR/SRA_swamp_all_1-10/SRR15721741_1.fastq
R2 is: /gpfs/scratch/agilgomez/Databases/SRR/SRA_swamp_all_1-10/SRR15721741_2.fastq
Output directory: /gpfs/projects/RestGroup/agilgomez/projects/ch4-c_auris/results/01_KMA_res/SRA_swamp_all_1-10/SRR15721741_1.fastq
# Collecting k-mer scores.
# Reading inputfile:	/gpfs/scratch/agilgomez/Databases/SRR/SRA_swamp_all_1-10/SRR15721741_1.fastq /gpfs/scratch/agilgomez/Databases/SRR/SRA_swamp_all_1-10/SRR15721741_2.fastq
# Phred scale:	33
#
# Total time used for DB loading: 53.24 s.
#
# Finding k-mer ankers
/var/spool/slurmd/job712630/slurm_script: line 122:   457 Killed                  kma -ipe $r1 $r2 -o $o -t_db $nt_db -t $threads -1t1 -mem_mode -and -apm f
KMA for: /gpfs/scratch/agilgomez/Databases/SRR/SRA_swamp_all_1-10/SRR15721741_2.fastq
It doesn't end in _1.fastq
R2 is: /gpfs/scratch/agilgomez/Databases/SRR/SRA_swamp_all_1-10/SRR15721741_2.fastq
File ends in _2. Doing nothing.
/gpfs/projects/RestGroup/agilgomez/projects/ch4-c_auris/results/01_KMA_res/SRA_swamp_all_1-10/SRR15721741_1.fastq.res
CCMetagen for: /gpfs/projects/RestGroup/agilgomez/projects/ch4-c_auris/results/01_KMA_res/SRA_swamp_all_1-10/*.res
/gpfs/projects/RestGroup/agilgomez/projects/ch4-c_auris/results/02_CCMetagen/SRA_swamp_all_1-10/*.res

Reading file /gpfs/projects/RestGroup/agilgomez/projects/ch4-c_auris/results/01_KMA_res/SRA_swamp_all_1-10/*.res

Traceback (most recent call last):
  File "/gpfs/software/CCMetagen/CCMetagen.py", line 178, in <module>
    df = pd.read_csv(f, sep='\t', index_col=0, encoding='latin1')
  File "/gpfs/software/Anaconda/envs/kma/lib/python3.9/site-packages/pandas/util/_decorators.py", line 311, in wrapper
    return func(*args, **kwargs)
  File "/gpfs/software/Anaconda/envs/kma/lib/python3.9/site-packages/pandas/io/parsers/readers.py", line 586, in read_csv
    return _read(filepath_or_buffer, kwds)
  File "/gpfs/software/Anaconda/envs/kma/lib/python3.9/site-packages/pandas/io/parsers/readers.py", line 482, in _read
    parser = TextFileReader(filepath_or_buffer, **kwds)
  File "/gpfs/software/Anaconda/envs/kma/lib/python3.9/site-packages/pandas/io/parsers/readers.py", line 811, in __init__
    self._engine = self._make_engine(self.engine)
  File "/gpfs/software/Anaconda/envs/kma/lib/python3.9/site-packages/pandas/io/parsers/readers.py", line 1040, in _make_engine
    return mapping[engine](self.f, **self.options)  # type: ignore[call-arg]
  File "/gpfs/software/Anaconda/envs/kma/lib/python3.9/site-packages/pandas/io/parsers/c_parser_wrapper.py", line 51, in __init__
    self._open_handles(src, kwds)
  File "/gpfs/software/Anaconda/envs/kma/lib/python3.9/site-packages/pandas/io/parsers/base_parser.py", line 222, in _open_handles
    self.handles = get_handle(
  File "/gpfs/software/Anaconda/envs/kma/lib/python3.9/site-packages/pandas/io/common.py", line 702, in get_handle
    handle = open(
FileNotFoundError: [Errno 2] No such file or directory: '/gpfs/projects/RestGroup/agilgomez/projects/ch4-c_auris/results/01_KMA_res/SRA_swamp_all_1-10/*.res'
Downloading: SRR16117675
spots read      : 113,899
reads read      : 227,798
reads written   : 227,798
KMA for: /gpfs/scratch/agilgomez/Databases/SRR/SRA_swamp_all_1-10/SRR16117675_1.fastq
File ends in _1.fastq
There is a _2. Doing paired
R1 is: /gpfs/scratch/agilgomez/Databases/SRR/SRA_swamp_all_1-10/SRR16117675_1.fastq
R2 is: /gpfs/scratch/agilgomez/Databases/SRR/SRA_swamp_all_1-10/SRR16117675_2.fastq
Output directory: /gpfs/projects/RestGroup/agilgomez/projects/ch4-c_auris/results/01_KMA_res/SRA_swamp_all_1-10/SRR16117675_1.fastq
# Reading inputfile:	/gpfs/scratch/agilgomez/Databases/SRR/SRA_swamp_all_1-10/SRR16117675_1.fastq /gpfs/scratch/agilgomez/Databases/SRR/SRA_swamp_all_1-10/SRR16117675_2.fastq
# Phred scale:	33
# Collecting k-mer scores.
#
# Total time used for DB loading: 62.99 s.
#
# Finding k-mer ankers
#
# Query converted
#
# Query ankered
#
# Score collection done
#
# Sort, output and select k-mer alignments.
# Total time for sorting and outputting KMA alignment	0.53 s.
#
# Doing local assemblies of found templates, and output results
# Total time used for local assembly: 262.67 s.
#
# Closing files
KMA for: /gpfs/scratch/agilgomez/Databases/SRR/SRA_swamp_all_1-10/SRR16117675_2.fastq
It doesn't end in _1.fastq
R2 is: /gpfs/scratch/agilgomez/Databases/SRR/SRA_swamp_all_1-10/SRR16117675_2.fastq
File ends in _2. Doing nothing.
CCMetagen for: /gpfs/projects/RestGroup/agilgomez/projects/ch4-c_auris/results/01_KMA_res/SRA_swamp_all_1-10/SRR16117675_1.fastq.res
/gpfs/projects/RestGroup/agilgomez/projects/ch4-c_auris/results/02_CCMetagen/SRA_swamp_all_1-10/SRR16117675_1.fastq.res
/gpfs/software/Anaconda/envs/kma/lib/python3.9/site-packages/ete3/ncbi_taxonomy/ncbiquery.py:243: UserWarning: taxid 541003 was translated into 707003
  warnings.warn("taxid %s was translated into %s" %(taxid, merged_conversion[taxid]))
Writing /gpfs/projects/RestGroup/agilgomez/projects/ch4-c_auris/results/02_CCMetagen/SRA_swamp_all_1-10/SRR16117675_1.fastq.res.html...

Reading file /gpfs/projects/RestGroup/agilgomez/projects/ch4-c_auris/results/01_KMA_res/SRA_swamp_all_1-10/SRR16117675_1.fastq.res


csv file saved as /gpfs/projects/RestGroup/agilgomez/projects/ch4-c_auris/results/02_CCMetagen/SRA_swamp_all_1-10/SRR16117675_1.fastq.res.csv

krona file saved as /gpfs/projects/RestGroup/agilgomez/projects/ch4-c_auris/results/02_CCMetagen/SRA_swamp_all_1-10/SRR16117675_1.fastq.res.html

Fastq and kma steps completed
total 14M
-rw-rw-r-- 1 agilgomez RestGroup 8.8M Jan 20 15:14 ERR4077394_1.fastq.res.csv
-rw-rw-r-- 1 agilgomez RestGroup 2.8M Jan 20 15:14 ERR4077394_1.fastq.res.tsv
-rw-rw-r-- 1 agilgomez RestGroup 248K Jan 20 15:14 ERR4077394_1.fastq.res.html
-rw-rw-r-- 1 agilgomez RestGroup 236K Jan 20 15:21 ERR6158733_1.fastq.res.csv
-rw-rw-r-- 1 agilgomez RestGroup  68K Jan 20 15:21 ERR6158733_1.fastq.res.tsv
-rw-rw-r-- 1 agilgomez RestGroup 266K Jan 20 15:21 ERR6158733_1.fastq.res.html
-rw-rw-r-- 1 agilgomez RestGroup  51K Jan 20 15:26 ERR6158924_1.fastq.res.csv
-rw-rw-r-- 1 agilgomez RestGroup  14K Jan 20 15:26 ERR6158924_1.fastq.res.tsv
-rw-rw-r-- 1 agilgomez RestGroup 238K Jan 20 15:26 ERR6158924_1.fastq.res.html
-rw-rw-r-- 1 agilgomez RestGroup 2.0K Jan 20 15:29 ERR6175671_1.fastq.res.csv
-rw-rw-r-- 1 agilgomez RestGroup  581 Jan 20 15:29 ERR6175671_1.fastq.res.tsv
-rw-rw-r-- 1 agilgomez RestGroup 223K Jan 20 15:29 ERR6175671_1.fastq.res.html
-rw-rw-r-- 1 agilgomez RestGroup 1.4K Jan 20 15:32 ERR6175739_1.fastq.res.csv
-rw-rw-r-- 1 agilgomez RestGroup  363 Jan 20 15:32 ERR6175739_1.fastq.res.tsv
-rw-rw-r-- 1 agilgomez RestGroup 222K Jan 20 15:32 ERR6175739_1.fastq.res.html
-rw-rw-r-- 1 agilgomez RestGroup 164K Jan 20 16:40 SRR16117675_1.fastq.res.csv
-rw-rw-r-- 1 agilgomez RestGroup  28K Jan 20 16:40 SRR16117675_1.fastq.res.tsv
-rw-rw-r-- 1 agilgomez RestGroup 231K Jan 20 16:40 SRR16117675_1.fastq.res.html
CCMetagen merge
Done. Abundance estimates for all samples saved as /gpfs/projects/RestGroup/agilgomez/projects/ch4-c_auris/results/03_Output_Tables/SRAtab_swamp_all_1-10.csv
Table ready
total 270M
-rw-rw-r-- 1 agilgomez RestGroup  32K Dec 16 16:09 SRAtab_caurisposIndia_all_1-13.csv
-rw-rw-r-- 1 agilgomez RestGroup 5.8M Dec 19 10:28 SRAtab_halotolerant_all_1-249.csv
-rw-rw-r-- 1 agilgomez RestGroup  26M Dec 19 13:44 SRAtab_wetlands_all_4001-4500.csv
-rw-rw-r-- 1 agilgomez RestGroup  15M Dec 19 15:59 SRAtab_wetlands_all_1001-1500.csv
-rw-rw-r-- 1 agilgomez RestGroup  27M Dec 19 20:07 SRAtab_wetlands_all_1-500.csv
-rw-rw-r-- 1 agilgomez RestGroup  29M Dec 19 23:43 SRAtab_wetlands_all_3001-3500.csv
-rw-rw-r-- 1 agilgomez RestGroup  31M Dec 20 00:37 SRAtab_wetlands_all_1501-2000.csv
-rw-rw-r-- 1 agilgomez RestGroup  26M Dec 20 04:49 SRAtab_wetlands_all_3501-4000.csv
-rw-rw-r-- 1 agilgomez RestGroup  23M Dec 20 08:36 SRAtab_wetlands_all_2501-3000.csv
-rw-rw-r-- 1 agilgomez RestGroup  18M Dec 20 09:10 SRAtab_wetlands_all_501-1000.csv
-rw-rw-r-- 1 agilgomez RestGroup  19M Dec 20 15:52 SRAtab_halophilic_all_1-555.csv
-rw-rw-r-- 1 agilgomez RestGroup  15M Dec 20 18:16 SRAtab_shorebird_all_1-775.csv
-rw-rw-r-- 1 agilgomez RestGroup  30M Dec 20 23:09 SRAtab_wetlands_all_2001-2500.csv
-rw-rw-r-- 1 agilgomez RestGroup 1.2M Jan  6 17:00 SRAtab_nicobar_all_1-32.csv
-rw-rw-r-- 1 agilgomez RestGroup 6.5M Jan 11 07:35 SRAtab_andaman_all_1-159.csv
-rw-rw-r-- 1 agilgomez RestGroup  124 Jan 19 10:57 SRAtab_test_all_1-3.csv
-rw-rw-r-- 1 agilgomez RestGroup  44K Jan 19 12:19 SRAtab_desertlake_all_1-3.csv
-rw-rw-r-- 1 agilgomez RestGroup  63K Jan 20 12:44 SRAtab_sumatra_all_1-10.csv
-rw-rw-r-- 1 agilgomez RestGroup 5.6K Jan 20 13:23 SRAtab_marshes_all_1-10.csv
-rw-rw-r-- 1 agilgomez RestGroup  64K Jan 20 16:40 SRAtab_swamp_all_1-10.csv
Delete subdir folders
Finishing script
16:40:15
slurmstepd: error: Detected 4 oom-kill event(s) in step 712630.batch cgroup. Some of your processes may have been killed by the cgroup out-of-memory handler.
