Starting script
01:30:51
wc: /gpfs/projects/RestGroup/agilgomez/projects/ch4-c_auris/data/SraAccList_cactux_all.txt: No such file or directory
rm: cannot remove ‘/gpfs/scratch/agilgomez/ncbi/sra/SRA_cactux_all_1-10’: No such file or directory
rm: cannot remove ‘/gpfs/scratch/agilgomez/temp/SRA_cactux_all_1-10’: No such file or directory
mkdir: cannot create directory ‘/gpfs/scratch/agilgomez/Databases/SRR’: File exists
cat: /gpfs/projects/RestGroup/agilgomez/projects/ch4-c_auris/data/SraAccList_cactux_all.txt: No such file or directory
Fastq and kma steps completed
total 0
CCMetagen merge
Traceback (most recent call last):
  File "/gpfs/software/CCMetagen/CCMetagen_merge.py", line 134, in <module>
    tax_cols = all_samples[tax_cols_l]
  File "/gpfs/software/Anaconda/envs/kma/lib/python3.9/site-packages/pandas/core/frame.py", line 3464, in __getitem__
    indexer = self.loc._get_listlike_indexer(key, axis=1)[1]
  File "/gpfs/software/Anaconda/envs/kma/lib/python3.9/site-packages/pandas/core/indexing.py", line 1314, in _get_listlike_indexer
    self._validate_read_indexer(keyarr, indexer, axis)
  File "/gpfs/software/Anaconda/envs/kma/lib/python3.9/site-packages/pandas/core/indexing.py", line 1374, in _validate_read_indexer
    raise KeyError(f"None of [{key}] are in the [{axis_name}]")
KeyError: "None of [Index(['Superkingdom', 'Kingdom', 'Phylum', 'Class', 'Order', 'Family',\n       'Genus', 'Species'],\n      dtype='object')] are in the [columns]"
Table ready
total 270M
-rw-rw-r-- 1 agilgomez RestGroup  32K Dec 16 16:09 SRAtab_caurisposIndia_all_1-13.csv
-rw-rw-r-- 1 agilgomez RestGroup 5.8M Dec 19 10:28 SRAtab_halotolerant_all_1-249.csv
-rw-rw-r-- 1 agilgomez RestGroup  26M Dec 19 13:44 SRAtab_wetlands_all_4001-4500.csv
-rw-rw-r-- 1 agilgomez RestGroup  15M Dec 19 15:59 SRAtab_wetlands_all_1001-1500.csv
-rw-rw-r-- 1 agilgomez RestGroup  27M Dec 19 20:07 SRAtab_wetlands_all_1-500.csv
-rw-rw-r-- 1 agilgomez RestGroup  29M Dec 19 23:43 SRAtab_wetlands_all_3001-3500.csv
-rw-rw-r-- 1 agilgomez RestGroup  31M Dec 20 00:37 SRAtab_wetlands_all_1501-2000.csv
-rw-rw-r-- 1 agilgomez RestGroup  26M Dec 20 04:49 SRAtab_wetlands_all_3501-4000.csv
-rw-rw-r-- 1 agilgomez RestGroup  23M Dec 20 08:36 SRAtab_wetlands_all_2501-3000.csv
-rw-rw-r-- 1 agilgomez RestGroup  18M Dec 20 09:10 SRAtab_wetlands_all_501-1000.csv
-rw-rw-r-- 1 agilgomez RestGroup  19M Dec 20 15:52 SRAtab_halophilic_all_1-555.csv
-rw-rw-r-- 1 agilgomez RestGroup  15M Dec 20 18:16 SRAtab_shorebird_all_1-775.csv
-rw-rw-r-- 1 agilgomez RestGroup  30M Dec 20 23:09 SRAtab_wetlands_all_2001-2500.csv
-rw-rw-r-- 1 agilgomez RestGroup 1.2M Jan  6 17:00 SRAtab_nicobar_all_1-32.csv
-rw-rw-r-- 1 agilgomez RestGroup 6.5M Jan 11 07:35 SRAtab_andaman_all_1-159.csv
-rw-rw-r-- 1 agilgomez RestGroup  124 Jan 19 10:57 SRAtab_test_all_1-3.csv
-rw-rw-r-- 1 agilgomez RestGroup  44K Jan 19 12:19 SRAtab_desertlake_all_1-3.csv
Delete subdir folders
Finishing script
01:30:53
