Apr-28 13:03:21.277 [main] DEBUG nextflow.cli.Launcher - $> nextflow run nf-core/taxprofiler --input /gpfs/scratch/agilgomez/Databases/SRR/SRA_test_all_1-10/samplesheet/samplesheet.csv --databases database.csv --outdir /gpfs/projects/RestGroup/agilgomez/projects/ch4-metagenomics/results/04_nf/SRA_test_all_1-10 --run_krona -profile seawulf
Apr-28 13:03:21.317 [main] INFO  nextflow.cli.CmdRun - N E X T F L O W  ~  version 23.04.1
Apr-28 13:03:21.335 [main] DEBUG nextflow.plugin.PluginsFacade - Setting up plugin manager > mode=prod; embedded=false; plugins-dir=/gpfs/home/agilgomez/.nextflow/plugins; core-plugins: nf-amazon@1.16.2,nf-azure@1.0.1,nf-codecommit@0.1.4,nf-console@1.0.5,nf-ga4gh@1.0.5,nf-google@1.7.3,nf-tower@1.5.12,nf-wave@0.8.2
Apr-28 13:03:21.343 [main] INFO  org.pf4j.DefaultPluginStatusProvider - Enabled plugins: []
Apr-28 13:03:21.344 [main] INFO  org.pf4j.DefaultPluginStatusProvider - Disabled plugins: []
Apr-28 13:03:21.347 [main] INFO  org.pf4j.DefaultPluginManager - PF4J version 3.4.1 in 'deployment' mode
Apr-28 13:03:21.356 [main] INFO  org.pf4j.AbstractPluginManager - No plugins
Apr-28 13:03:21.367 [main] DEBUG nextflow.scm.ProviderConfig - Using SCM config path: /gpfs/home/agilgomez/.nextflow/scm
Apr-28 13:03:22.127 [main] DEBUG nextflow.scm.AssetManager - Git config: /gpfs/home/agilgomez/.nextflow/assets/nf-core/taxprofiler/.git/config; branch: master; remote: origin; url: https://github.com/nf-core/taxprofiler.git
Apr-28 13:03:22.143 [main] DEBUG nextflow.scm.RepositoryFactory - Found Git repository result: [RepositoryFactory]
Apr-28 13:03:22.149 [main] DEBUG nextflow.scm.AssetManager - Git config: /gpfs/home/agilgomez/.nextflow/assets/nf-core/taxprofiler/.git/config; branch: master; remote: origin; url: https://github.com/nf-core/taxprofiler.git
Apr-28 13:03:22.682 [main] DEBUG nextflow.config.ConfigBuilder - Found config base: /gpfs/home/agilgomez/.nextflow/assets/nf-core/taxprofiler/nextflow.config
Apr-28 13:03:22.683 [main] DEBUG nextflow.config.ConfigBuilder - Parsing config file: /gpfs/home/agilgomez/.nextflow/assets/nf-core/taxprofiler/nextflow.config
Apr-28 13:03:22.692 [main] DEBUG nextflow.config.ConfigBuilder - Applying config profile: `seawulf`
Apr-28 13:03:23.573 [main] DEBUG nextflow.config.ConfigBuilder - Available config profiles: [cfc_dev, ifb_core, denbi_qbic, alice, mjolnir_globe, uppmax, uge, rosalind_uge, test_nothing, lugh, unibe_ibu, vai, czbiohub_aws, jax, ccga_med, scw, tigem, tubingen_apg, google, ipop_up, googlels, eddie, medair, bi, bigpurple, sbc_sharc, adcra, cedars, vsc_kul_uhasselt, ucl_myriad, test_motus, utd_ganymede, charliecloud, icr_davros, ceres, munin, arm, test_nopreprocessing, rosalind, hasta, cfc, uzh, ebc, ku_sund_dangpu, ccga_dx, crick, marvin, biohpc_gen, shifter, mana, mamba, wehi, awsbatch, imperial, maestro, genotoul, abims, janelia, nihbiowulf, nu_genomics, googlebatch, oist, sahmri, mpcdf, leicester, vsc_ugent, sage, cambridge, test_noprofiling, podman, cheaha, xanadu, test, computerome, seg_globe, sanger, dkfz, pasteur, test_full, azurebatch, hki, crukmi, docker, engaging, gis, psmn, eva, fgcz, conda, crg, singularity, prince, utd_sysbio, debug, genouest, cbe, phoenix, gitpod, seawulf, test_krakenuniq, uct_hpc, aws_tower, binac]
Apr-28 13:03:23.614 [main] DEBUG nextflow.cli.CmdRun - Applied DSL=2 from script declararion
Apr-28 13:03:23.615 [main] INFO  nextflow.cli.CmdRun - Launching `https://github.com/nf-core/taxprofiler` [cheesy_cantor] DSL2 - revision: c3f1adf09b [master]
Apr-28 13:03:23.616 [main] DEBUG nextflow.plugin.PluginsFacade - Plugins default=[]
Apr-28 13:03:23.616 [main] DEBUG nextflow.plugin.PluginsFacade - Plugins resolved requirement=[]
Apr-28 13:03:23.620 [main] DEBUG nextflow.secret.LocalSecretsProvider - Secrets store: /gpfs/home/agilgomez/.nextflow/secrets/store.json
Apr-28 13:03:23.623 [main] DEBUG nextflow.secret.SecretsLoader - Discovered secrets providers: [nextflow.secret.LocalSecretsProvider@19dac2d6] - activable => nextflow.secret.LocalSecretsProvider@19dac2d6
Apr-28 13:03:23.671 [main] DEBUG nextflow.Session - Session UUID: 4944668f-00ce-414f-8695-5de20ab71e64
Apr-28 13:03:23.671 [main] DEBUG nextflow.Session - Run name: cheesy_cantor
Apr-28 13:03:23.672 [main] DEBUG nextflow.Session - Executor pool size: 128
Apr-28 13:03:23.678 [main] DEBUG nextflow.util.ThreadPoolBuilder - Creating thread pool 'FileTransfer' minSize=10; maxSize=384; workQueue=LinkedBlockingQueue[10000]; allowCoreThreadTimeout=false
Apr-28 13:03:23.702 [main] DEBUG nextflow.cli.CmdRun - 
  Version: 23.04.1 build 5866
  Created: 15-04-2023 06:51 UTC (02:51 EDT)
  System: Linux 4.18.0-425.3.1.el8.x86_64
  Runtime: Groovy 3.0.16 on OpenJDK 64-Bit Server VM 17.0.3-internal+0-adhoc..src
  Encoding: UTF-8 (UTF-8)
  Process: 2353381@milan1 [10.10.0.231]
  CPUs: 128 - Mem: 503.5 GB (479.3 GB) - Swap: 0 (0)
Apr-28 13:03:23.716 [main] DEBUG nextflow.Session - Work-dir: /gpfs/projects/RestGroup/agilgomez/projects/ch4-metagenomics/work [gpfs]
Apr-28 13:03:23.736 [main] DEBUG nextflow.executor.ExecutorFactory - Extension executors providers=[]
Apr-28 13:03:23.743 [main] DEBUG nextflow.Session - Observer factory: DefaultObserverFactory
Apr-28 13:03:23.822 [main] DEBUG nextflow.cache.CacheFactory - Using Nextflow cache factory: nextflow.cache.DefaultCacheFactory
Apr-28 13:03:23.830 [main] DEBUG nextflow.util.CustomThreadPool - Creating default thread pool > poolSize: 129; maxThreads: 1000
Apr-28 13:03:23.972 [main] DEBUG nextflow.Session - Session start
Apr-28 13:03:23.976 [main] DEBUG nextflow.trace.TraceFileObserver - Workflow started -- trace file: /gpfs/projects/RestGroup/agilgomez/projects/ch4-metagenomics/results/04_nf/SRA_test_all_1-10/pipeline_info/execution_trace_2023-04-28_13-03-23.txt
Apr-28 13:03:23.986 [main] DEBUG nextflow.Session - Using default localLib path: /gpfs/home/agilgomez/.nextflow/assets/nf-core/taxprofiler/lib
Apr-28 13:03:23.994 [main] DEBUG nextflow.Session - Adding to the classpath library: /gpfs/home/agilgomez/.nextflow/assets/nf-core/taxprofiler/lib
Apr-28 13:03:23.994 [main] DEBUG nextflow.Session - Adding to the classpath library: /gpfs/home/agilgomez/.nextflow/assets/nf-core/taxprofiler/lib/nfcore_external_java_deps.jar
Apr-28 13:03:24.594 [main] DEBUG nextflow.script.ScriptRunner - > Launching execution
Apr-28 13:03:24.638 [main] INFO  nextflow.Nextflow - 

-[2m----------------------------------------------------[0m-
                                        [0;32m,--.[0;30m/[0;32m,-.[0m
[0;34m        ___     __   __   __   ___     [0;32m/,-._.--~'[0m
[0;34m  |\ | |__  __ /  ` /  \ |__) |__         [0;33m}  {[0m
[0;34m  | \| |       \__, \__/ |  \ |___     [0;32m\`-._,-`-,[0m
                                        [0;32m`._,._,'[0m
[0;35m  nf-core/taxprofiler v1.0.0-gc3f1adf[0m
-[2m----------------------------------------------------[0m-
[1mCore Nextflow options[0m
  [0;34mrevision                   : [0;32mmaster[0m
  [0;34mrunName                    : [0;32mcheesy_cantor[0m
  [0;34mcontainerEngine            : [0;32msingularity[0m
  [0;34mlaunchDir                  : [0;32m/gpfs/projects/RestGroup/agilgomez/projects/ch4-metagenomics[0m
  [0;34mworkDir                    : [0;32m/gpfs/projects/RestGroup/agilgomez/projects/ch4-metagenomics/work[0m
  [0;34mprojectDir                 : [0;32m/gpfs/home/agilgomez/.nextflow/assets/nf-core/taxprofiler[0m
  [0;34muserName                   : [0;32magilgomez[0m
  [0;34mprofile                    : [0;32mseawulf[0m
  [0;34mconfigFiles                : [0;32m/gpfs/home/agilgomez/.nextflow/assets/nf-core/taxprofiler/nextflow.config[0m

[1mInput/output options[0m
  [0;34minput                      : [0;32m/gpfs/scratch/agilgomez/Databases/SRR/SRA_test_all_1-10/samplesheet/samplesheet.csv[0m
  [0;34mdatabases                  : [0;32mdatabase.csv[0m
  [0;34moutdir                     : [0;32m/gpfs/projects/RestGroup/agilgomez/projects/ch4-metagenomics/results/04_nf/SRA_test_all_1-10[0m

[1mPreprocessing short-read QC options[0m
  [0;34mshortread_qc_adapter1      : [0;32mnull[0m
  [0;34mshortread_qc_adapter2      : [0;32mnull[0m
  [0;34mshortread_qc_adapterlist   : [0;32mnull[0m

[1mPreprocessing host removal options[0m
  [0;34mhostremoval_reference      : [0;32mnull[0m
  [0;34mshortread_hostremoval_index: [0;32mnull[0m
  [0;34mlongread_hostremoval_index : [0;32mnull[0m

[1mPostprocessing and visualisation options[0m
  [0;34mrun_krona                  : [0;32mtrue[0m
  [0;34mkrona_taxonomy_directory   : [0;32mnull[0m

[1mInstitutional config options[0m
  [0;34mconfig_profile_description : [0;32mStony Brook Universitys seaWulf cluster profile provided by nf-core/configs.[0m
  [0;34mconfig_profile_contact     : [0;32mDavid Carlson (@davidecarlson)[0m
  [0;34mconfig_profile_url         : [0;32mhttps://it.stonybrook.edu/services/high-performance-computing[0m

[1mMax job request options[0m
  [0;34mmax_cpus                   : [0;32m96[0m
  [0;34mmax_memory                 : [0;32m251 GB[0m
  [0;34mmax_time                   : [0;32m2d[0m

!! Only displaying parameters that differ from the pipeline defaults !!
-[2m----------------------------------------------------[0m-
If you use nf-core/taxprofiler for your analysis please cite:

* The pipeline
  https://doi.org/10.5281/zenodo.7728364

* The nf-core framework
  https://doi.org/10.1038/s41587-020-0439-x

* Software dependencies
  https://github.com/nf-core/taxprofiler/blob/master/CITATIONS.md
-[2m----------------------------------------------------[0m-
Apr-28 13:03:25.041 [main] ERROR nextflow.cli.Launcher - Unable to read script: '/gpfs/home/agilgomez/.nextflow/assets/nf-core/taxprofiler/./workflows/taxprofiler.nf' -- cause: /gpfs/projects/RestGroup/agilgomez/projects/ch4-metagenomics/database.csv
nextflow.exception.ScriptCompilationException: Unable to read script: '/gpfs/home/agilgomez/.nextflow/assets/nf-core/taxprofiler/./workflows/taxprofiler.nf' -- cause: /gpfs/projects/RestGroup/agilgomez/projects/ch4-metagenomics/database.csv
	at nextflow.script.ScriptParser.runScript(ScriptParser.groovy:208)
	at nextflow.script.IncludeDef.memoizedMethodPriv$loadModule0PathMapSession(IncludeDef.groovy:151)
	at nextflow.script.IncludeDef.access$0(IncludeDef.groovy)
	at nextflow.script.IncludeDef$__clinit__closure2.doCall(IncludeDef.groovy)
	at java.base/jdk.internal.reflect.NativeMethodAccessorImpl.invoke0(Native Method)
	at java.base/jdk.internal.reflect.NativeMethodAccessorImpl.invoke(NativeMethodAccessorImpl.java:77)
	at java.base/jdk.internal.reflect.DelegatingMethodAccessorImpl.invoke(DelegatingMethodAccessorImpl.java:43)
	at java.base/java.lang.reflect.Method.invoke(Method.java:568)
	at org.codehaus.groovy.reflection.CachedMethod.invoke(CachedMethod.java:107)
	at groovy.lang.MetaMethod.doMethodInvoke(MetaMethod.java:323)
	at org.codehaus.groovy.runtime.metaclass.ClosureMetaClass.invokeMethod(ClosureMetaClass.java:274)
	at groovy.lang.MetaClassImpl.invokeMethod(MetaClassImpl.java:1035)
	at groovy.lang.Closure.call(Closure.java:412)
	at org.codehaus.groovy.runtime.memoize.Memoize$MemoizeFunction.lambda$call$0(Memoize.java:137)
	at org.codehaus.groovy.runtime.memoize.ConcurrentCommonCache.getAndPut(ConcurrentCommonCache.java:137)
	at org.codehaus.groovy.runtime.memoize.ConcurrentCommonCache.getAndPut(ConcurrentCommonCache.java:113)
	at org.codehaus.groovy.runtime.memoize.Memoize$MemoizeFunction.call(Memoize.java:136)
	at nextflow.script.IncludeDef.loadModule0(IncludeDef.groovy)
	at nextflow.script.IncludeDef.load0(IncludeDef.groovy:123)
	at nextflow.script.IncludeDef$load0$1.call(Unknown Source)
	at org.codehaus.groovy.runtime.callsite.CallSiteArray.defaultCall(CallSiteArray.java:47)
	at org.codehaus.groovy.runtime.callsite.AbstractCallSite.call(AbstractCallSite.java:125)
	at org.codehaus.groovy.runtime.callsite.AbstractCallSite.call(AbstractCallSite.java:139)
	at Script_418908a3.runScript(Script_418908a3:37)
	at nextflow.script.BaseScript.run0(BaseScript.groovy:145)
	at nextflow.script.BaseScript.run(BaseScript.groovy:192)
	at nextflow.script.ScriptParser.runScript(ScriptParser.groovy:229)
	at nextflow.script.ScriptRunner.run(ScriptRunner.groovy:224)
	at nextflow.script.ScriptRunner.execute(ScriptRunner.groovy:130)
	at nextflow.cli.CmdRun.run(CmdRun.groovy:368)
	at nextflow.cli.Launcher.run(Launcher.groovy:494)
	at nextflow.cli.Launcher.main(Launcher.groovy:653)
Caused by: java.nio.file.NoSuchFileException: /gpfs/projects/RestGroup/agilgomez/projects/ch4-metagenomics/database.csv
	at nextflow.file.FileHelper.checkIfExists(FileHelper.groovy:1068)
	at nextflow.file.FileHelper$checkIfExists$1.call(Unknown Source)
	at nextflow.Nextflow.file(Nextflow.groovy:112)
	at nextflow.Nextflow$file.callStatic(Unknown Source)
	at Script_52a52439.runScript(Script_52a52439:21)
	at nextflow.script.BaseScript.run0(BaseScript.groovy:145)
	at nextflow.script.BaseScript.run(BaseScript.groovy:192)
	at nextflow.script.ScriptParser.runScript(ScriptParser.groovy:229)
	at nextflow.script.ScriptParser.runScript(ScriptParser.groovy:215)
	at nextflow.script.ScriptParser.runScript(ScriptParser.groovy:205)
	... 31 common frames omitted
