Apr-28 10:37:04.789 [main] DEBUG nextflow.cli.Launcher - $> nextflow run nf-core/fetchngs --input /gpfs/scratch/agilgomez/Databases/SRR/SRA_test_all_1-1/filtered_list.txt --outdir /gpfs/scratch/agilgomez/Databases/SRR/SRA_test_all_1-1 -profile seawulf
Apr-28 10:37:04.827 [main] INFO  nextflow.cli.CmdRun - N E X T F L O W  ~  version 23.04.1
Apr-28 10:37:04.845 [main] DEBUG nextflow.plugin.PluginsFacade - Setting up plugin manager > mode=prod; embedded=false; plugins-dir=/gpfs/home/agilgomez/.nextflow/plugins; core-plugins: nf-amazon@1.16.2,nf-azure@1.0.1,nf-codecommit@0.1.4,nf-console@1.0.5,nf-ga4gh@1.0.5,nf-google@1.7.3,nf-tower@1.5.12,nf-wave@0.8.2
Apr-28 10:37:04.853 [main] INFO  org.pf4j.DefaultPluginStatusProvider - Enabled plugins: []
Apr-28 10:37:04.854 [main] INFO  org.pf4j.DefaultPluginStatusProvider - Disabled plugins: []
Apr-28 10:37:04.856 [main] INFO  org.pf4j.DefaultPluginManager - PF4J version 3.4.1 in 'deployment' mode
Apr-28 10:37:04.865 [main] INFO  org.pf4j.AbstractPluginManager - No plugins
Apr-28 10:37:04.876 [main] DEBUG nextflow.scm.ProviderConfig - Using SCM config path: /gpfs/home/agilgomez/.nextflow/scm
Apr-28 10:37:05.539 [main] DEBUG nextflow.scm.AssetManager - Git config: /gpfs/home/agilgomez/.nextflow/assets/nf-core/fetchngs/.git/config; branch: master; remote: origin; url: https://github.com/nf-core/fetchngs.git
Apr-28 10:37:05.555 [main] DEBUG nextflow.scm.RepositoryFactory - Found Git repository result: [RepositoryFactory]
Apr-28 10:37:05.562 [main] DEBUG nextflow.scm.AssetManager - Git config: /gpfs/home/agilgomez/.nextflow/assets/nf-core/fetchngs/.git/config; branch: master; remote: origin; url: https://github.com/nf-core/fetchngs.git
Apr-28 10:37:06.098 [main] DEBUG nextflow.config.ConfigBuilder - Found config base: /gpfs/home/agilgomez/.nextflow/assets/nf-core/fetchngs/nextflow.config
Apr-28 10:37:06.099 [main] DEBUG nextflow.config.ConfigBuilder - Parsing config file: /gpfs/home/agilgomez/.nextflow/assets/nf-core/fetchngs/nextflow.config
Apr-28 10:37:06.106 [main] DEBUG nextflow.config.ConfigBuilder - Applying config profile: `seawulf`
Apr-28 10:37:06.721 [main] DEBUG nextflow.config.ConfigBuilder - Available config profiles: [cfc_dev, ifb_core, denbi_qbic, alice, mjolnir_globe, uppmax, uge, rosalind_uge, lugh, unibe_ibu, vai, czbiohub_aws, jax, ccga_med, scw, tigem, tubingen_apg, google, ipop_up, googlels, eddie, medair, bi, bigpurple, sbc_sharc, adcra, cedars, vsc_kul_uhasselt, ucl_myriad, utd_ganymede, charliecloud, icr_davros, ceres, munin, arm, rosalind, hasta, cfc, uzh, ebc, ku_sund_dangpu, ccga_dx, crick, marvin, biohpc_gen, shifter, mana, mamba, wehi, awsbatch, imperial, maestro, genotoul, abims, janelia, nihbiowulf, nu_genomics, googlebatch, oist, sahmri, mpcdf, leicester, vsc_ugent, sage, cambridge, podman, cheaha, xanadu, test, computerome, test_synapse, seg_globe, sanger, dkfz, pasteur, test_full, azurebatch, hki, crukmi, docker, engaging, gis, psmn, eva, fgcz, conda, crg, singularity, prince, utd_sysbio, debug, genouest, cbe, phoenix, gitpod, seawulf, uct_hpc, aws_tower, binac]
Apr-28 10:37:06.743 [main] DEBUG nextflow.cli.CmdRun - Applied DSL=2 from script declararion
Apr-28 10:37:06.743 [main] INFO  nextflow.cli.CmdRun - Launching `https://github.com/nf-core/fetchngs` [extravagant_carlsson] DSL2 - revision: 084e5ef303 [master]
Apr-28 10:37:06.744 [main] DEBUG nextflow.plugin.PluginsFacade - Plugins default=[]
Apr-28 10:37:06.744 [main] DEBUG nextflow.plugin.PluginsFacade - Plugins resolved requirement=[]
Apr-28 10:37:06.746 [main] DEBUG nextflow.secret.LocalSecretsProvider - Secrets store: /gpfs/home/agilgomez/.nextflow/secrets/store.json
Apr-28 10:37:06.748 [main] DEBUG nextflow.secret.SecretsLoader - Discovered secrets providers: [nextflow.secret.LocalSecretsProvider@4ee8051c] - activable => nextflow.secret.LocalSecretsProvider@4ee8051c
Apr-28 10:37:06.788 [main] DEBUG nextflow.Session - Session UUID: 79265570-95ad-407b-8144-48d23763cb94
Apr-28 10:37:06.788 [main] DEBUG nextflow.Session - Run name: extravagant_carlsson
Apr-28 10:37:06.789 [main] DEBUG nextflow.Session - Executor pool size: 128
Apr-28 10:37:06.795 [main] DEBUG nextflow.util.ThreadPoolBuilder - Creating thread pool 'FileTransfer' minSize=10; maxSize=384; workQueue=LinkedBlockingQueue[10000]; allowCoreThreadTimeout=false
Apr-28 10:37:06.812 [main] DEBUG nextflow.cli.CmdRun - 
  Version: 23.04.1 build 5866
  Created: 15-04-2023 06:51 UTC (02:51 EDT)
  System: Linux 4.18.0-425.3.1.el8.x86_64
  Runtime: Groovy 3.0.16 on OpenJDK 64-Bit Server VM 17.0.3-internal+0-adhoc..src
  Encoding: UTF-8 (UTF-8)
  Process: 2326720@milan1 [10.10.0.231]
  CPUs: 128 - Mem: 503.5 GB (482.9 GB) - Swap: 0 (0)
Apr-28 10:37:06.825 [main] DEBUG nextflow.Session - Work-dir: /gpfs/projects/RestGroup/agilgomez/projects/ch4-metagenomics/data/bees/work [gpfs]
Apr-28 10:37:06.836 [main] DEBUG nextflow.executor.ExecutorFactory - Extension executors providers=[]
Apr-28 10:37:06.843 [main] DEBUG nextflow.Session - Observer factory: DefaultObserverFactory
Apr-28 10:37:06.893 [main] DEBUG nextflow.cache.CacheFactory - Using Nextflow cache factory: nextflow.cache.DefaultCacheFactory
Apr-28 10:37:06.901 [main] DEBUG nextflow.util.CustomThreadPool - Creating default thread pool > poolSize: 129; maxThreads: 1000
Apr-28 10:37:06.971 [main] DEBUG nextflow.Session - Session start
Apr-28 10:37:06.976 [main] DEBUG nextflow.trace.TraceFileObserver - Workflow started -- trace file: /gpfs/scratch/agilgomez/Databases/SRR/SRA_test_all_1-1/pipeline_info/execution_trace_2023-04-28_10-37-06.txt
Apr-28 10:37:06.987 [main] DEBUG nextflow.Session - Using default localLib path: /gpfs/home/agilgomez/.nextflow/assets/nf-core/fetchngs/lib
Apr-28 10:37:06.990 [main] DEBUG nextflow.Session - Adding to the classpath library: /gpfs/home/agilgomez/.nextflow/assets/nf-core/fetchngs/lib
Apr-28 10:37:06.991 [main] DEBUG nextflow.Session - Adding to the classpath library: /gpfs/home/agilgomez/.nextflow/assets/nf-core/fetchngs/lib/nfcore_external_java_deps.jar
Apr-28 10:37:07.615 [main] DEBUG nextflow.script.ScriptRunner - > Launching execution
Apr-28 10:37:07.654 [main] INFO  nextflow.Nextflow - 

-[2m----------------------------------------------------[0m-
                                        [0;32m,--.[0;30m/[0;32m,-.[0m
[0;34m        ___     __   __   __   ___     [0;32m/,-._.--~'[0m
[0;34m  |\ | |__  __ /  ` /  \ |__) |__         [0;33m}  {[0m
[0;34m  | \| |       \__, \__/ |  \ |___     [0;32m\`-._,-`-,[0m
                                        [0;32m`._,._,'[0m
[0;35m  nf-core/fetchngs v1.9-g084e5ef[0m
-[2m----------------------------------------------------[0m-
[1mCore Nextflow options[0m
  [0;34mrevision                  : [0;32mmaster[0m
  [0;34mrunName                   : [0;32mextravagant_carlsson[0m
  [0;34mcontainerEngine           : [0;32msingularity[0m
  [0;34mlaunchDir                 : [0;32m/gpfs/projects/RestGroup/agilgomez/projects/ch4-metagenomics/data/bees[0m
  [0;34mworkDir                   : [0;32m/gpfs/projects/RestGroup/agilgomez/projects/ch4-metagenomics/data/bees/work[0m
  [0;34mprojectDir                : [0;32m/gpfs/home/agilgomez/.nextflow/assets/nf-core/fetchngs[0m
  [0;34muserName                  : [0;32magilgomez[0m
  [0;34mprofile                   : [0;32mseawulf[0m
  [0;34mconfigFiles               : [0;32m/gpfs/home/agilgomez/.nextflow/assets/nf-core/fetchngs/nextflow.config[0m

[1mInput/output options[0m
  [0;34minput                     : [0;32m/gpfs/scratch/agilgomez/Databases/SRR/SRA_test_all_1-1/filtered_list.txt[0m
  [0;34moutdir                    : [0;32m/gpfs/scratch/agilgomez/Databases/SRR/SRA_test_all_1-1[0m

[1mInstitutional config options[0m
  [0;34mconfig_profile_description: [0;32mStony Brook Universitys seaWulf cluster profile provided by nf-core/configs.[0m
  [0;34mconfig_profile_contact    : [0;32mDavid Carlson (@davidecarlson)[0m
  [0;34mconfig_profile_url        : [0;32mhttps://it.stonybrook.edu/services/high-performance-computing[0m

[1mMax job request options[0m
  [0;34mmax_cpus                  : [0;32m96[0m
  [0;34mmax_memory                : [0;32m251 GB[0m
  [0;34mmax_time                  : [0;32m2d[0m

!! Only displaying parameters that differ from the pipeline defaults !!
-[2m----------------------------------------------------[0m-
If you use nf-core/fetchngs for your analysis please cite:

* The pipeline
  https://doi.org/10.5281/zenodo.5070524

* The nf-core framework
  https://doi.org/10.1038/s41587-020-0439-x

* Software dependencies
  https://github.com/nf-core/fetchngs/blob/master/CITATIONS.md
-[2m----------------------------------------------------[0m-
Apr-28 10:37:08.715 [main] DEBUG nextflow.script.ProcessConfig - Config settings `withLabel:error_retry` matches labels `error_retry` for process with name NFCORE_FETCHNGS:SRA:SRA_IDS_TO_RUNINFO
Apr-28 10:37:08.716 [main] DEBUG nextflow.script.ProcessConfig - Config settings `withName:SRA_IDS_TO_RUNINFO` matches process NFCORE_FETCHNGS:SRA:SRA_IDS_TO_RUNINFO
Apr-28 10:37:08.720 [main] DEBUG nextflow.executor.ExecutorFactory - << taskConfig executor: slurm
Apr-28 10:37:08.720 [main] DEBUG nextflow.executor.ExecutorFactory - >> processorType: 'slurm'
Apr-28 10:37:08.728 [main] DEBUG nextflow.executor.Executor - [warm up] executor > slurm
Apr-28 10:37:08.733 [main] DEBUG n.processor.TaskPollingMonitor - Creating task monitor for executor 'slurm' > capacity: 25; pollInterval: 5s; dumpInterval: 5m 
Apr-28 10:37:08.734 [main] DEBUG n.processor.TaskPollingMonitor - Creating submit rate limit of 5 submissions per 1 seconds
Apr-28 10:37:08.737 [main] DEBUG n.executor.AbstractGridExecutor - Creating executor 'slurm' > queue-stat-interval: 1m
Apr-28 10:37:08.795 [main] DEBUG nextflow.script.ProcessConfig - Config settings `withName:SRA_RUNINFO_TO_FTP` matches process NFCORE_FETCHNGS:SRA:SRA_RUNINFO_TO_FTP
Apr-28 10:37:08.796 [main] DEBUG nextflow.executor.ExecutorFactory - << taskConfig executor: slurm
Apr-28 10:37:08.796 [main] DEBUG nextflow.executor.ExecutorFactory - >> processorType: 'slurm'
Apr-28 10:37:08.820 [main] DEBUG nextflow.script.ProcessConfig - Config settings `withLabel:process_low` matches labels `process_low,error_retry` for process with name NFCORE_FETCHNGS:SRA:SRA_FASTQ_FTP
Apr-28 10:37:08.821 [main] DEBUG nextflow.script.ProcessConfig - Config settings `withLabel:error_retry` matches labels `process_low,error_retry` for process with name NFCORE_FETCHNGS:SRA:SRA_FASTQ_FTP
Apr-28 10:37:08.821 [main] DEBUG nextflow.script.ProcessConfig - Config settings `withName:SRA_FASTQ_FTP` matches process NFCORE_FETCHNGS:SRA:SRA_FASTQ_FTP
Apr-28 10:37:08.823 [main] DEBUG nextflow.executor.ExecutorFactory - << taskConfig executor: slurm
Apr-28 10:37:08.823 [main] DEBUG nextflow.executor.ExecutorFactory - >> processorType: 'slurm'
Apr-28 10:37:08.833 [main] DEBUG nextflow.script.ProcessConfig - Config settings `withLabel:process_low` matches labels `process_low` for process with name NFCORE_FETCHNGS:SRA:FASTQ_DOWNLOAD_PREFETCH_FASTERQDUMP_SRATOOLS:CUSTOM_SRATOOLSNCBISETTINGS
Apr-28 10:37:08.834 [main] DEBUG nextflow.executor.ExecutorFactory - << taskConfig executor: slurm
Apr-28 10:37:08.834 [main] DEBUG nextflow.executor.ExecutorFactory - >> processorType: 'slurm'
Apr-28 10:37:08.843 [main] DEBUG nextflow.script.ProcessConfig - Config settings `withLabel:process_low` matches labels `process_low` for process with name NFCORE_FETCHNGS:SRA:FASTQ_DOWNLOAD_PREFETCH_FASTERQDUMP_SRATOOLS:SRATOOLS_PREFETCH
Apr-28 10:37:08.843 [main] DEBUG nextflow.script.ProcessConfig - Config settings `withName:SRATOOLS_PREFETCH` matches process NFCORE_FETCHNGS:SRA:FASTQ_DOWNLOAD_PREFETCH_FASTERQDUMP_SRATOOLS:SRATOOLS_PREFETCH
Apr-28 10:37:08.844 [main] DEBUG nextflow.executor.ExecutorFactory - << taskConfig executor: slurm
Apr-28 10:37:08.844 [main] DEBUG nextflow.executor.ExecutorFactory - >> processorType: 'slurm'
Apr-28 10:37:08.850 [main] DEBUG nextflow.script.ProcessConfig - Config settings `withLabel:process_medium` matches labels `process_medium` for process with name NFCORE_FETCHNGS:SRA:FASTQ_DOWNLOAD_PREFETCH_FASTERQDUMP_SRATOOLS:SRATOOLS_FASTERQDUMP
Apr-28 10:37:08.850 [main] DEBUG nextflow.script.ProcessConfig - Config settings `withName:SRATOOLS_FASTERQDUMP` matches process NFCORE_FETCHNGS:SRA:FASTQ_DOWNLOAD_PREFETCH_FASTERQDUMP_SRATOOLS:SRATOOLS_FASTERQDUMP
Apr-28 10:37:08.851 [main] DEBUG nextflow.executor.ExecutorFactory - << taskConfig executor: slurm
Apr-28 10:37:08.851 [main] DEBUG nextflow.executor.ExecutorFactory - >> processorType: 'slurm'
Apr-28 10:37:08.859 [main] DEBUG nextflow.script.ProcessConfig - Config settings `withName:SRA_TO_SAMPLESHEET` matches process NFCORE_FETCHNGS:SRA:SRA_TO_SAMPLESHEET
Apr-28 10:37:08.860 [main] DEBUG nextflow.executor.ExecutorFactory - << taskConfig executor: local
Apr-28 10:37:08.861 [main] DEBUG nextflow.executor.ExecutorFactory - >> processorType: 'local'
Apr-28 10:37:08.863 [main] DEBUG nextflow.executor.Executor - [warm up] executor > local
Apr-28 10:37:08.865 [main] DEBUG n.processor.LocalPollingMonitor - Creating local task monitor for executor 'local' > cpus=128; memory=503.5 GB; capacity=25; pollInterval=100ms; dumpInterval=5m
Apr-28 10:37:08.867 [main] DEBUG n.processor.TaskPollingMonitor - Creating submit rate limit of 5 submissions per 1 seconds
Apr-28 10:37:08.873 [main] DEBUG nextflow.script.ProcessConfig - Config settings `withName:SRA_MERGE_SAMPLESHEET` matches process NFCORE_FETCHNGS:SRA:SRA_MERGE_SAMPLESHEET
Apr-28 10:37:08.874 [main] DEBUG nextflow.executor.ExecutorFactory - << taskConfig executor: slurm
Apr-28 10:37:08.874 [main] DEBUG nextflow.executor.ExecutorFactory - >> processorType: 'slurm'
Apr-28 10:37:08.878 [main] DEBUG nextflow.script.ProcessConfig - Config settings `withName:MULTIQC_MAPPINGS_CONFIG` matches process NFCORE_FETCHNGS:SRA:MULTIQC_MAPPINGS_CONFIG
Apr-28 10:37:08.879 [main] DEBUG nextflow.executor.ExecutorFactory - << taskConfig executor: slurm
Apr-28 10:37:08.879 [main] DEBUG nextflow.executor.ExecutorFactory - >> processorType: 'slurm'
Apr-28 10:37:08.898 [main] DEBUG nextflow.script.ProcessConfig - Config settings `withLabel:process_single` matches labels `process_single` for process with name NFCORE_FETCHNGS:SRA:CUSTOM_DUMPSOFTWAREVERSIONS
Apr-28 10:37:08.898 [main] DEBUG nextflow.script.ProcessConfig - Config settings `withName:CUSTOM_DUMPSOFTWAREVERSIONS` matches process NFCORE_FETCHNGS:SRA:CUSTOM_DUMPSOFTWAREVERSIONS
Apr-28 10:37:08.900 [main] DEBUG nextflow.executor.ExecutorFactory - << taskConfig executor: slurm
Apr-28 10:37:08.900 [main] DEBUG nextflow.executor.ExecutorFactory - >> processorType: 'slurm'
Apr-28 10:37:08.902 [main] DEBUG nextflow.Session - Workflow process names [dsl2]: NFCORE_FETCHNGS:SRA:SRA_FASTQ_FTP, NFCORE_FETCHNGS:SRA:FASTQ_DOWNLOAD_PREFETCH_FASTERQDUMP_SRATOOLS:SRATOOLS_PREFETCH, SRATOOLS_PREFETCH, NFCORE_FETCHNGS:SRA:FASTQ_DOWNLOAD_PREFETCH_FASTERQDUMP_SRATOOLS:SRATOOLS_FASTERQDUMP, NFCORE_FETCHNGS:SRA:SRA_TO_SAMPLESHEET, CUSTOM_SRATOOLSNCBISETTINGS, SRATOOLS_FASTERQDUMP, MULTIQC_MAPPINGS_CONFIG, SRA_FASTQ_FTP, SRA_RUNINFO_TO_FTP, NFCORE_FETCHNGS:SRA:FASTQ_DOWNLOAD_PREFETCH_FASTERQDUMP_SRATOOLS:CUSTOM_SRATOOLSNCBISETTINGS, SRA_IDS_TO_RUNINFO, NFCORE_FETCHNGS:SRA:SRA_IDS_TO_RUNINFO, NFCORE_FETCHNGS:SRA:SRA_MERGE_SAMPLESHEET, NFCORE_FETCHNGS:SRA:CUSTOM_DUMPSOFTWAREVERSIONS, CUSTOM_DUMPSOFTWAREVERSIONS, SRA_TO_SAMPLESHEET, NFCORE_FETCHNGS:SRA:MULTIQC_MAPPINGS_CONFIG, NFCORE_FETCHNGS:SRA:SRA_RUNINFO_TO_FTP, SRA_MERGE_SAMPLESHEET
Apr-28 10:37:08.905 [main] DEBUG nextflow.Session - Igniting dataflow network (13)
Apr-28 10:37:08.906 [main] DEBUG nextflow.processor.TaskProcessor - Starting process > NFCORE_FETCHNGS:SRA:SRA_IDS_TO_RUNINFO
Apr-28 10:37:08.906 [main] DEBUG nextflow.processor.TaskProcessor - Starting process > NFCORE_FETCHNGS:SRA:SRA_RUNINFO_TO_FTP
Apr-28 10:37:08.906 [main] DEBUG nextflow.processor.TaskProcessor - Starting process > NFCORE_FETCHNGS:SRA:SRA_FASTQ_FTP
Apr-28 10:37:08.907 [main] DEBUG nextflow.processor.TaskProcessor - Starting process > NFCORE_FETCHNGS:SRA:FASTQ_DOWNLOAD_PREFETCH_FASTERQDUMP_SRATOOLS:CUSTOM_SRATOOLSNCBISETTINGS
Apr-28 10:37:08.907 [main] DEBUG nextflow.processor.TaskProcessor - Starting process > NFCORE_FETCHNGS:SRA:FASTQ_DOWNLOAD_PREFETCH_FASTERQDUMP_SRATOOLS:SRATOOLS_PREFETCH
Apr-28 10:37:08.908 [main] DEBUG nextflow.processor.TaskProcessor - Starting process > NFCORE_FETCHNGS:SRA:FASTQ_DOWNLOAD_PREFETCH_FASTERQDUMP_SRATOOLS:SRATOOLS_FASTERQDUMP
Apr-28 10:37:08.908 [main] DEBUG nextflow.processor.TaskProcessor - Starting process > NFCORE_FETCHNGS:SRA:SRA_TO_SAMPLESHEET
Apr-28 10:37:08.908 [main] DEBUG nextflow.processor.TaskProcessor - Starting process > NFCORE_FETCHNGS:SRA:SRA_MERGE_SAMPLESHEET
Apr-28 10:37:08.908 [main] DEBUG nextflow.processor.TaskProcessor - Starting process > NFCORE_FETCHNGS:SRA:MULTIQC_MAPPINGS_CONFIG
Apr-28 10:37:08.908 [main] DEBUG nextflow.processor.TaskProcessor - Starting process > NFCORE_FETCHNGS:SRA:CUSTOM_DUMPSOFTWAREVERSIONS
Apr-28 10:37:08.909 [main] DEBUG nextflow.script.ScriptRunner - > Awaiting termination 
Apr-28 10:37:08.909 [main] DEBUG nextflow.Session - Session await
Apr-28 10:37:08.954 [Actor Thread 68] DEBUG nextflow.container.SingularityCache - Singularity found local store for image=https://depot.galaxyproject.org/singularity/python:3.9--1; path=/gpfs/scratch/agilgomez/singularity/depot.galaxyproject.org-singularity-python-3.9--1.img
Apr-28 10:37:08.964 [Actor Thread 69] INFO  nextflow.container.SingularityCache - Pulling Singularity image https://depot.galaxyproject.org/singularity/sra-tools:2.11.0--pl5321ha49a11a_3 [cache /gpfs/scratch/agilgomez/singularity/depot.galaxyproject.org-singularity-sra-tools-2.11.0--pl5321ha49a11a_3.img]
Apr-28 10:37:08.968 [Actor Thread 64] DEBUG nextflow.util.CacheHelper - Hash asset file sha-256: /gpfs/home/agilgomez/.nextflow/assets/nf-core/fetchngs/bin/sra_ids_to_runinfo.py
Apr-28 10:37:09.090 [Task submitter] DEBUG nextflow.executor.GridTaskHandler - [SLURM] submitted process NFCORE_FETCHNGS:SRA:SRA_IDS_TO_RUNINFO (SRR18298249) > jobId: 81657; workDir: /gpfs/projects/RestGroup/agilgomez/projects/ch4-metagenomics/data/bees/work/a6/363c6140ea6b82c3227380117c009a
Apr-28 10:37:09.091 [Task submitter] INFO  nextflow.Session - [a6/363c61] Submitted process > NFCORE_FETCHNGS:SRA:SRA_IDS_TO_RUNINFO (SRR18298249)
Apr-28 10:37:17.868 [Actor Thread 69] DEBUG nextflow.container.SingularityCache - Singularity pull complete image=https://depot.galaxyproject.org/singularity/sra-tools:2.11.0--pl5321ha49a11a_3 path=/gpfs/scratch/agilgomez/singularity/depot.galaxyproject.org-singularity-sra-tools-2.11.0--pl5321ha49a11a_3.img
Apr-28 10:37:17.913 [Task submitter] DEBUG nextflow.executor.GridTaskHandler - [SLURM] submitted process NFCORE_FETCHNGS:SRA:FASTQ_DOWNLOAD_PREFETCH_FASTERQDUMP_SRATOOLS:CUSTOM_SRATOOLSNCBISETTINGS (ncbi-settings) > jobId: 81658; workDir: /gpfs/projects/RestGroup/agilgomez/projects/ch4-metagenomics/data/bees/work/2a/64eaf222264f57d577f83ef98a65b2
Apr-28 10:37:17.913 [Task submitter] INFO  nextflow.Session - [2a/64eaf2] Submitted process > NFCORE_FETCHNGS:SRA:FASTQ_DOWNLOAD_PREFETCH_FASTERQDUMP_SRATOOLS:CUSTOM_SRATOOLSNCBISETTINGS (ncbi-settings)
Apr-28 10:37:18.743 [Task monitor] DEBUG n.processor.TaskPollingMonitor - Task completed > TaskHandler[jobId: 81657; id: 2; name: NFCORE_FETCHNGS:SRA:SRA_IDS_TO_RUNINFO (SRR18298249); status: COMPLETED; exit: 0; error: -; workDir: /gpfs/projects/RestGroup/agilgomez/projects/ch4-metagenomics/data/bees/work/a6/363c6140ea6b82c3227380117c009a started: 1682692633750; exited: 2023-04-28T14:37:13.822353192Z; ]
Apr-28 10:37:18.774 [Actor Thread 76] DEBUG nextflow.util.CacheHelper - Hash asset file sha-256: /gpfs/home/agilgomez/.nextflow/assets/nf-core/fetchngs/bin/sra_runinfo_to_ftp.py
Apr-28 10:37:18.811 [Task submitter] DEBUG nextflow.executor.GridTaskHandler - [SLURM] submitted process NFCORE_FETCHNGS:SRA:SRA_RUNINFO_TO_FTP (1) > jobId: 81659; workDir: /gpfs/projects/RestGroup/agilgomez/projects/ch4-metagenomics/data/bees/work/54/6d0ca415d91ab4b3b417acc7668255
Apr-28 10:37:18.812 [Task submitter] INFO  nextflow.Session - [54/6d0ca4] Submitted process > NFCORE_FETCHNGS:SRA:SRA_RUNINFO_TO_FTP (1)
Apr-28 10:37:23.741 [Task monitor] DEBUG n.processor.TaskPollingMonitor - Task completed > TaskHandler[jobId: 81658; id: 1; name: NFCORE_FETCHNGS:SRA:FASTQ_DOWNLOAD_PREFETCH_FASTERQDUMP_SRATOOLS:CUSTOM_SRATOOLSNCBISETTINGS (ncbi-settings); status: COMPLETED; exit: 0; error: -; workDir: /gpfs/projects/RestGroup/agilgomez/projects/ch4-metagenomics/data/bees/work/2a/64eaf222264f57d577f83ef98a65b2 started: 1682692638783; exited: 2023-04-28T14:37:19.140701814Z; ]
Apr-28 10:37:23.761 [Task monitor] DEBUG nextflow.util.ThreadPoolBuilder - Creating thread pool 'PublishDir' minSize=10; maxSize=384; workQueue=LinkedBlockingQueue[10000]; allowCoreThreadTimeout=false
Apr-28 10:37:23.772 [Task monitor] DEBUG n.processor.TaskPollingMonitor - Task completed > TaskHandler[jobId: 81659; id: 3; name: NFCORE_FETCHNGS:SRA:SRA_RUNINFO_TO_FTP (1); status: COMPLETED; exit: 0; error: -; workDir: /gpfs/projects/RestGroup/agilgomez/projects/ch4-metagenomics/data/bees/work/54/6d0ca415d91ab4b3b417acc7668255 started: 1682692643768; exited: 2023-04-28T14:37:20.193673924Z; ]
Apr-28 10:37:23.835 [Task submitter] DEBUG nextflow.executor.GridTaskHandler - [SLURM] submitted process NFCORE_FETCHNGS:SRA:SRA_FASTQ_FTP (SRX14435772_SRR18298249) > jobId: 81660; workDir: /gpfs/projects/RestGroup/agilgomez/projects/ch4-metagenomics/data/bees/work/31/56bb7a57d0689af4bdc9a42df7740b
Apr-28 10:37:23.836 [Task submitter] INFO  nextflow.Session - [31/56bb7a] Submitted process > NFCORE_FETCHNGS:SRA:SRA_FASTQ_FTP (SRX14435772_SRR18298249)
Apr-28 10:39:13.745 [Task monitor] DEBUG n.processor.TaskPollingMonitor - Task completed > TaskHandler[jobId: 81660; id: 4; name: NFCORE_FETCHNGS:SRA:SRA_FASTQ_FTP (SRX14435772_SRR18298249); status: COMPLETED; exit: 0; error: -; workDir: /gpfs/projects/RestGroup/agilgomez/projects/ch4-metagenomics/data/bees/work/31/56bb7a57d0689af4bdc9a42df7740b started: 1682692648749; exited: 2023-04-28T14:39:10.545849485Z; ]
Apr-28 10:39:13.772 [Task submitter] INFO  nextflow.Session - [64/be4d56] Submitted process > NFCORE_FETCHNGS:SRA:SRA_TO_SAMPLESHEET (SRX14435772_SRR18298249)
Apr-28 10:39:13.779 [Task monitor] DEBUG n.processor.TaskPollingMonitor - Task completed > TaskHandler[id: 5; name: NFCORE_FETCHNGS:SRA:SRA_TO_SAMPLESHEET (SRX14435772_SRR18298249); status: COMPLETED; exit: -; error: -; workDir: /gpfs/projects/RestGroup/agilgomez/projects/ch4-metagenomics/data/bees/work/64/be4d56196f596813d9bf034cc9eedf]
Apr-28 10:39:13.785 [Actor Thread 127] DEBUG nextflow.container.SingularityCache - Singularity found local store for image=https://depot.galaxyproject.org/singularity/ubuntu:20.04; path=/gpfs/scratch/agilgomez/singularity/depot.galaxyproject.org-singularity-ubuntu-20.04.img
Apr-28 10:39:13.833 [Task submitter] DEBUG nextflow.executor.GridTaskHandler - [SLURM] submitted process NFCORE_FETCHNGS:SRA:SRA_MERGE_SAMPLESHEET > jobId: 81663; workDir: /gpfs/projects/RestGroup/agilgomez/projects/ch4-metagenomics/data/bees/work/80/e352f42bcc17c9e97dfd600ce46167
Apr-28 10:39:13.833 [Task submitter] INFO  nextflow.Session - [80/e352f4] Submitted process > NFCORE_FETCHNGS:SRA:SRA_MERGE_SAMPLESHEET
Apr-28 10:39:18.750 [Task monitor] DEBUG n.processor.TaskPollingMonitor - Task completed > TaskHandler[jobId: 81663; id: 6; name: NFCORE_FETCHNGS:SRA:SRA_MERGE_SAMPLESHEET; status: COMPLETED; exit: 0; error: -; workDir: /gpfs/projects/RestGroup/agilgomez/projects/ch4-metagenomics/data/bees/work/80/e352f42bcc17c9e97dfd600ce46167 started: 1682692758745; exited: 2023-04-28T14:39:15.440112397Z; ]
Apr-28 10:39:18.761 [Actor Thread 125] DEBUG nextflow.util.CacheHelper - Hash asset file sha-256: /gpfs/home/agilgomez/.nextflow/assets/nf-core/fetchngs/bin/multiqc_mappings_config.py
Apr-28 10:39:18.800 [Task submitter] DEBUG nextflow.executor.GridTaskHandler - [SLURM] submitted process NFCORE_FETCHNGS:SRA:MULTIQC_MAPPINGS_CONFIG > jobId: 81664; workDir: /gpfs/projects/RestGroup/agilgomez/projects/ch4-metagenomics/data/bees/work/60/dd45072035acf4c6f6584a31913549
Apr-28 10:39:18.801 [Task submitter] INFO  nextflow.Session - [60/dd4507] Submitted process > NFCORE_FETCHNGS:SRA:MULTIQC_MAPPINGS_CONFIG
Apr-28 10:39:23.748 [Task monitor] DEBUG n.processor.TaskPollingMonitor - Task completed > TaskHandler[jobId: 81664; id: 7; name: NFCORE_FETCHNGS:SRA:MULTIQC_MAPPINGS_CONFIG; status: COMPLETED; exit: 0; error: -; workDir: /gpfs/projects/RestGroup/agilgomez/projects/ch4-metagenomics/data/bees/work/60/dd45072035acf4c6f6584a31913549 started: 1682692763745; exited: 2023-04-28T14:39:20.203980717Z; ]
Apr-28 10:39:23.777 [Actor Thread 126] DEBUG nextflow.sort.BigSort - Sort completed -- entries: 6; slices: 1; internal sort time: 0.011 s; external sort time: 0.001 s; total time: 0.012 s
Apr-28 10:39:23.784 [Actor Thread 126] DEBUG nextflow.file.FileCollector - Saved collect-files list to: /gpfs/projects/RestGroup/agilgomez/projects/ch4-metagenomics/data/bees/work/collect-file/cb72befd9948fcdef4f8fa47073cc1d8
Apr-28 10:39:23.789 [Actor Thread 126] DEBUG nextflow.file.FileCollector - Deleting file collector temp dir: /tmp/nxf-5680835285847061171
Apr-28 10:39:23.801 [Actor Thread 126] DEBUG nextflow.container.SingularityCache - Singularity found local store for image=https://depot.galaxyproject.org/singularity/multiqc:1.13--pyhdfd78af_0; path=/gpfs/scratch/agilgomez/singularity/depot.galaxyproject.org-singularity-multiqc-1.13--pyhdfd78af_0.img
Apr-28 10:39:23.850 [Task submitter] DEBUG nextflow.executor.GridTaskHandler - [SLURM] submitted process NFCORE_FETCHNGS:SRA:CUSTOM_DUMPSOFTWAREVERSIONS (1) > jobId: 81665; workDir: /gpfs/projects/RestGroup/agilgomez/projects/ch4-metagenomics/data/bees/work/84/60e616387d4060c2472348688bbb26
Apr-28 10:39:23.851 [Task submitter] INFO  nextflow.Session - [84/60e616] Submitted process > NFCORE_FETCHNGS:SRA:CUSTOM_DUMPSOFTWAREVERSIONS (1)
Apr-28 10:39:28.748 [Task monitor] DEBUG n.processor.TaskPollingMonitor - Task completed > TaskHandler[jobId: 81665; id: 8; name: NFCORE_FETCHNGS:SRA:CUSTOM_DUMPSOFTWAREVERSIONS (1); status: COMPLETED; exit: 0; error: -; workDir: /gpfs/projects/RestGroup/agilgomez/projects/ch4-metagenomics/data/bees/work/84/60e616387d4060c2472348688bbb26 started: 1682692768744; exited: 2023-04-28T14:39:26.33017668Z; ]
Apr-28 10:39:28.756 [main] DEBUG nextflow.Session - Session await > all processes finished
Apr-28 10:39:28.788 [main] DEBUG nextflow.Session - Session await > all barriers passed
Apr-28 10:39:28.791 [main] DEBUG nextflow.util.ThreadPoolManager - Thread pool 'PublishDir' shutdown completed (hard=false)
Apr-28 10:39:28.792 [main] INFO  nextflow.Nextflow - -[0;35m[nf-core/fetchngs][0;32m Pipeline completed successfully[0m-
Apr-28 10:39:28.793 [main] WARN  nextflow.Nextflow - =============================================================================
  Please double-check the samplesheet that has been auto-created by the pipeline.

  Public databases don't reliably hold information such as strandedness
  information, controls etc

  All of the sample metadata obtained from the ENA has been appended
  as additional columns to help you manually curate the samplesheet before
  running nf-core/other pipelines.
===================================================================================
Apr-28 10:39:28.796 [main] DEBUG nextflow.trace.WorkflowStatsObserver - Workflow completed > WorkflowStats[succeededCount=8; failedCount=0; ignoredCount=0; cachedCount=0; pendingCount=0; submittedCount=0; runningCount=0; retriesCount=0; abortedCount=0; succeedDuration=3m 37s; failedDuration=0ms; cachedDuration=0ms;loadCpus=0; loadMemory=0; peakRunning=1; peakCpus=2; peakMemory=12 GB; ]
Apr-28 10:39:28.796 [main] DEBUG nextflow.trace.TraceFileObserver - Workflow completed -- saving trace file
Apr-28 10:39:28.797 [main] DEBUG nextflow.trace.ReportObserver - Workflow completed -- rendering execution report
Apr-28 10:39:28.831 [main] DEBUG nextflow.trace.ReportObserver - Execution report summary data:
  [{"cpuUsage":{"mean":13.5,"min":13.5,"q1":13.5,"q2":13.5,"q3":13.5,"max":13.5,"minLabel":"NFCORE_FETCHNGS:SRA:SRA_IDS_TO_RUNINFO (SRR18298249)","maxLabel":"NFCORE_FETCHNGS:SRA:SRA_IDS_TO_RUNINFO (SRR18298249)","q1Label":"NFCORE_FETCHNGS:SRA:SRA_IDS_TO_RUNINFO (SRR18298249)","q2Label":"NFCORE_FETCHNGS:SRA:SRA_IDS_TO_RUNINFO (SRR18298249)","q3Label":"NFCORE_FETCHNGS:SRA:SRA_IDS_TO_RUNINFO (SRR18298249)"},"process":"SRA_IDS_TO_RUNINFO","mem":{"mean":28098560,"min":28098560,"q1":28098560,"q2":28098560,"q3":28098560,"max":28098560,"minLabel":"NFCORE_FETCHNGS:SRA:SRA_IDS_TO_RUNINFO (SRR18298249)","maxLabel":"NFCORE_FETCHNGS:SRA:SRA_IDS_TO_RUNINFO (SRR18298249)","q1Label":"NFCORE_FETCHNGS:SRA:SRA_IDS_TO_RUNINFO (SRR18298249)","q2Label":"NFCORE_FETCHNGS:SRA:SRA_IDS_TO_RUNINFO (SRR18298249)","q3Label":"NFCORE_FETCHNGS:SRA:SRA_IDS_TO_RUNINFO (SRR18298249)"},"memUsage":{"mean":0.44,"min":0.44,"q1":0.44,"q2":0.44,"q3":0.44,"max":0.44,"minLabel":"NFCORE_FETCHNGS:SRA:SRA_IDS_TO_RUNINFO (SRR18298249)","maxLabel":"NFCORE_FETCHNGS:SRA:SRA_IDS_TO_RUNINFO (SRR18298249)","q1Label":"NFCORE_FETCHNGS:SRA:SRA_IDS_TO_RUNINFO (SRR18298249)","q2Label":"NFCORE_FETCHNGS:SRA:SRA_IDS_TO_RUNINFO (SRR18298249)","q3Label":"NFCORE_FETCHNGS:SRA:SRA_IDS_TO_RUNINFO (SRR18298249)"},"timeUsage":{"mean":0.02,"min":0.02,"q1":0.02,"q2":0.02,"q3":0.02,"max":0.02,"minLabel":"NFCORE_FETCHNGS:SRA:SRA_IDS_TO_RUNINFO (SRR18298249)","maxLabel":"NFCORE_FETCHNGS:SRA:SRA_IDS_TO_RUNINFO (SRR18298249)","q1Label":"NFCORE_FETCHNGS:SRA:SRA_IDS_TO_RUNINFO (SRR18298249)","q2Label":"NFCORE_FETCHNGS:SRA:SRA_IDS_TO_RUNINFO (SRR18298249)","q3Label":"NFCORE_FETCHNGS:SRA:SRA_IDS_TO_RUNINFO (SRR18298249)"},"vmem":{"mean":49807360,"min":49807360,"q1":49807360,"q2":49807360,"q3":49807360,"max":49807360,"minLabel":"NFCORE_FETCHNGS:SRA:SRA_IDS_TO_RUNINFO (SRR18298249)","maxLabel":"NFCORE_FETCHNGS:SRA:SRA_IDS_TO_RUNINFO (SRR18298249)","q1Label":"NFCORE_FETCHNGS:SRA:SRA_IDS_TO_RUNINFO (SRR18298249)","q2Label":"NFCORE_FETCHNGS:SRA:SRA_IDS_TO_RUNINFO (SRR18298249)","q3Label":"NFCORE_FETCHNGS:SRA:SRA_IDS_TO_RUNINFO (SRR18298249)"},"reads":{"mean":4525851,"min":4525851,"q1":4525851,"q2":4525851,"q3":4525851,"max":4525851,"minLabel":"NFCORE_FETCHNGS:SRA:SRA_IDS_TO_RUNINFO (SRR18298249)","maxLabel":"NFCORE_FETCHNGS:SRA:SRA_IDS_TO_RUNINFO (SRR18298249)","q1Label":"NFCORE_FETCHNGS:SRA:SRA_IDS_TO_RUNINFO (SRR18298249)","q2Label":"NFCORE_FETCHNGS:SRA:SRA_IDS_TO_RUNINFO (SRR18298249)","q3Label":"NFCORE_FETCHNGS:SRA:SRA_IDS_TO_RUNINFO (SRR18298249)"},"cpu":{"mean":13.5,"min":13.5,"q1":13.5,"q2":13.5,"q3":13.5,"max":13.5,"minLabel":"NFCORE_FETCHNGS:SRA:SRA_IDS_TO_RUNINFO (SRR18298249)","maxLabel":"NFCORE_FETCHNGS:SRA:SRA_IDS_TO_RUNINFO (SRR18298249)","q1Label":"NFCORE_FETCHNGS:SRA:SRA_IDS_TO_RUNINFO (SRR18298249)","q2Label":"NFCORE_FETCHNGS:SRA:SRA_IDS_TO_RUNINFO (SRR18298249)","q3Label":"NFCORE_FETCHNGS:SRA:SRA_IDS_TO_RUNINFO (SRR18298249)"},"time":{"mean":3000,"min":3000,"q1":3000,"q2":3000,"q3":3000,"max":3000,"minLabel":"NFCORE_FETCHNGS:SRA:SRA_IDS_TO_RUNINFO (SRR18298249)","maxLabel":"NFCORE_FETCHNGS:SRA:SRA_IDS_TO_RUNINFO (SRR18298249)","q1Label":"NFCORE_FETCHNGS:SRA:SRA_IDS_TO_RUNINFO (SRR18298249)","q2Label":"NFCORE_FETCHNGS:SRA:SRA_IDS_TO_RUNINFO (SRR18298249)","q3Label":"NFCORE_FETCHNGS:SRA:SRA_IDS_TO_RUNINFO (SRR18298249)"},"writes":{"mean":5071,"min":5071,"q1":5071,"q2":5071,"q3":5071,"max":5071,"minLabel":"NFCORE_FETCHNGS:SRA:SRA_IDS_TO_RUNINFO (SRR18298249)","maxLabel":"NFCORE_FETCHNGS:SRA:SRA_IDS_TO_RUNINFO (SRR18298249)","q1Label":"NFCORE_FETCHNGS:SRA:SRA_IDS_TO_RUNINFO (SRR18298249)","q2Label":"NFCORE_FETCHNGS:SRA:SRA_IDS_TO_RUNINFO (SRR18298249)","q3Label":"NFCORE_FETCHNGS:SRA:SRA_IDS_TO_RUNINFO (SRR18298249)"}},{"cpuUsage":{"mean":39,"min":39,"q1":39,"q2":39,"q3":39,"max":39,"minLabel":"NFCORE_FETCHNGS:SRA:FASTQ_DOWNLOAD_PREFETCH_FASTERQDUMP_SRATOOLS:CUSTOM_SRATOOLSNCBISETTINGS (ncbi-settings)","maxLabel":"NFCORE_FETCHNGS:SRA:FASTQ_DOWNLOAD_PREFETCH_FASTERQDUMP_SRATOOLS:CUSTOM_SRATOOLSNCBISETTINGS (ncbi-settings)","q1Label":"NFCORE_FETCHNGS:SRA:FASTQ_DOWNLOAD_PREFETCH_FASTERQDUMP_SRATOOLS:CUSTOM_SRATOOLSNCBISETTINGS (ncbi-settings)","q2Label":"NFCORE_FETCHNGS:SRA:FASTQ_DOWNLOAD_PREFETCH_FASTERQDUMP_SRATOOLS:CUSTOM_SRATOOLSNCBISETTINGS (ncbi-settings)","q3Label":"NFCORE_FETCHNGS:SRA:FASTQ_DOWNLOAD_PREFETCH_FASTERQDUMP_SRATOOLS:CUSTOM_SRATOOLSNCBISETTINGS (ncbi-settings)"},"process":"CUSTOM_SRATOOLSNCBISETTINGS","mem":{"mean":8843264,"min":8843264,"q1":8843264,"q2":8843264,"q3":8843264,"max":8843264,"minLabel":"NFCORE_FETCHNGS:SRA:FASTQ_DOWNLOAD_PREFETCH_FASTERQDUMP_SRATOOLS:CUSTOM_SRATOOLSNCBISETTINGS (ncbi-settings)","maxLabel":"NFCORE_FETCHNGS:SRA:FASTQ_DOWNLOAD_PREFETCH_FASTERQDUMP_SRATOOLS:CUSTOM_SRATOOLSNCBISETTINGS (ncbi-settings)","q1Label":"NFCORE_FETCHNGS:SRA:FASTQ_DOWNLOAD_PREFETCH_FASTERQDUMP_SRATOOLS:CUSTOM_SRATOOLSNCBISETTINGS (ncbi-settings)","q2Label":"NFCORE_FETCHNGS:SRA:FASTQ_DOWNLOAD_PREFETCH_FASTERQDUMP_SRATOOLS:CUSTOM_SRATOOLSNCBISETTINGS (ncbi-settings)","q3Label":"NFCORE_FETCHNGS:SRA:FASTQ_DOWNLOAD_PREFETCH_FASTERQDUMP_SRATOOLS:CUSTOM_SRATOOLSNCBISETTINGS (ncbi-settings)"},"memUsage":{"mean":0.07,"min":0.07,"q1":0.07,"q2":0.07,"q3":0.07,"max":0.07,"minLabel":"NFCORE_FETCHNGS:SRA:FASTQ_DOWNLOAD_PREFETCH_FASTERQDUMP_SRATOOLS:CUSTOM_SRATOOLSNCBISETTINGS (ncbi-settings)","maxLabel":"NFCORE_FETCHNGS:SRA:FASTQ_DOWNLOAD_PREFETCH_FASTERQDUMP_SRATOOLS:CUSTOM_SRATOOLSNCBISETTINGS (ncbi-settings)","q1Label":"NFCORE_FETCHNGS:SRA:FASTQ_DOWNLOAD_PREFETCH_FASTERQDUMP_SRATOOLS:CUSTOM_SRATOOLSNCBISETTINGS (ncbi-settings)","q2Label":"NFCORE_FETCHNGS:SRA:FASTQ_DOWNLOAD_PREFETCH_FASTERQDUMP_SRATOOLS:CUSTOM_SRATOOLSNCBISETTINGS (ncbi-settings)","q3Label":"NFCORE_FETCHNGS:SRA:FASTQ_DOWNLOAD_PREFETCH_FASTERQDUMP_SRATOOLS:CUSTOM_SRATOOLSNCBISETTINGS (ncbi-settings)"},"timeUsage":null,"vmem":{"mean":19722240,"min":19722240,"q1":19722240,"q2":19722240,"q3":19722240,"max":19722240,"minLabel":"NFCORE_FETCHNGS:SRA:FASTQ_DOWNLOAD_PREFETCH_FASTERQDUMP_SRATOOLS:CUSTOM_SRATOOLSNCBISETTINGS (ncbi-settings)","maxLabel":"NFCORE_FETCHNGS:SRA:FASTQ_DOWNLOAD_PREFETCH_FASTERQDUMP_SRATOOLS:CUSTOM_SRATOOLSNCBISETTINGS (ncbi-settings)","q1Label":"NFCORE_FETCHNGS:SRA:FASTQ_DOWNLOAD_PREFETCH_FASTERQDUMP_SRATOOLS:CUSTOM_SRATOOLSNCBISETTINGS (ncbi-settings)","q2Label":"NFCORE_FETCHNGS:SRA:FASTQ_DOWNLOAD_PREFETCH_FASTERQDUMP_SRATOOLS:CUSTOM_SRATOOLSNCBISETTINGS (ncbi-settings)","q3Label":"NFCORE_FETCHNGS:SRA:FASTQ_DOWNLOAD_PREFETCH_FASTERQDUMP_SRATOOLS:CUSTOM_SRATOOLSNCBISETTINGS (ncbi-settings)"},"reads":{"mean":103307,"min":103307,"q1":103307,"q2":103307,"q3":103307,"max":103307,"minLabel":"NFCORE_FETCHNGS:SRA:FASTQ_DOWNLOAD_PREFETCH_FASTERQDUMP_SRATOOLS:CUSTOM_SRATOOLSNCBISETTINGS (ncbi-settings)","maxLabel":"NFCORE_FETCHNGS:SRA:FASTQ_DOWNLOAD_PREFETCH_FASTERQDUMP_SRATOOLS:CUSTOM_SRATOOLSNCBISETTINGS (ncbi-settings)","q1Label":"NFCORE_FETCHNGS:SRA:FASTQ_DOWNLOAD_PREFETCH_FASTERQDUMP_SRATOOLS:CUSTOM_SRATOOLSNCBISETTINGS (ncbi-settings)","q2Label":"NFCORE_FETCHNGS:SRA:FASTQ_DOWNLOAD_PREFETCH_FASTERQDUMP_SRATOOLS:CUSTOM_SRATOOLSNCBISETTINGS (ncbi-settings)","q3Label":"NFCORE_FETCHNGS:SRA:FASTQ_DOWNLOAD_PREFETCH_FASTERQDUMP_SRATOOLS:CUSTOM_SRATOOLSNCBISETTINGS (ncbi-settings)"},"cpu":{"mean":78,"min":78,"q1":78,"q2":78,"q3":78,"max":78,"minLabel":"NFCORE_FETCHNGS:SRA:FASTQ_DOWNLOAD_PREFETCH_FASTERQDUMP_SRATOOLS:CUSTOM_SRATOOLSNCBISETTINGS (ncbi-settings)","maxLabel":"NFCORE_FETCHNGS:SRA:FASTQ_DOWNLOAD_PREFETCH_FASTERQDUMP_SRATOOLS:CUSTOM_SRATOOLSNCBISETTINGS (ncbi-settings)","q1Label":"NFCORE_FETCHNGS:SRA:FASTQ_DOWNLOAD_PREFETCH_FASTERQDUMP_SRATOOLS:CUSTOM_SRATOOLSNCBISETTINGS (ncbi-settings)","q2Label":"NFCORE_FETCHNGS:SRA:FASTQ_DOWNLOAD_PREFETCH_FASTERQDUMP_SRATOOLS:CUSTOM_SRATOOLSNCBISETTINGS (ncbi-settings)","q3Label":"NFCORE_FETCHNGS:SRA:FASTQ_DOWNLOAD_PREFETCH_FASTERQDUMP_SRATOOLS:CUSTOM_SRATOOLSNCBISETTINGS (ncbi-settings)"},"time":null,"writes":{"mean":8595,"min":8595,"q1":8595,"q2":8595,"q3":8595,"max":8595,"minLabel":"NFCORE_FETCHNGS:SRA:FASTQ_DOWNLOAD_PREFETCH_FASTERQDUMP_SRATOOLS:CUSTOM_SRATOOLSNCBISETTINGS (ncbi-settings)","maxLabel":"NFCORE_FETCHNGS:SRA:FASTQ_DOWNLOAD_PREFETCH_FASTERQDUMP_SRATOOLS:CUSTOM_SRATOOLSNCBISETTINGS (ncbi-settings)","q1Label":"NFCORE_FETCHNGS:SRA:FASTQ_DOWNLOAD_PREFETCH_FASTERQDUMP_SRATOOLS:CUSTOM_SRATOOLSNCBISETTINGS (ncbi-settings)","q2Label":"NFCORE_FETCHNGS:SRA:FASTQ_DOWNLOAD_PREFETCH_FASTERQDUMP_SRATOOLS:CUSTOM_SRATOOLSNCBISETTINGS (ncbi-settings)","q3Label":"NFCORE_FETCHNGS:SRA:FASTQ_DOWNLOAD_PREFETCH_FASTERQDUMP_SRATOOLS:CUSTOM_SRATOOLSNCBISETTINGS (ncbi-settings)"}},{"cpuUsage":{"mean":89.3,"min":89.3,"q1":89.3,"q2":89.3,"q3":89.3,"max":89.3,"minLabel":"NFCORE_FETCHNGS:SRA:SRA_RUNINFO_TO_FTP (1)","maxLabel":"NFCORE_FETCHNGS:SRA:SRA_RUNINFO_TO_FTP (1)","q1Label":"NFCORE_FETCHNGS:SRA:SRA_RUNINFO_TO_FTP (1)","q2Label":"NFCORE_FETCHNGS:SRA:SRA_RUNINFO_TO_FTP (1)","q3Label":"NFCORE_FETCHNGS:SRA:SRA_RUNINFO_TO_FTP (1)"},"process":"SRA_RUNINFO_TO_FTP","mem":{"mean":5222400,"min":5222400,"q1":5222400,"q2":5222400,"q3":5222400,"max":5222400,"minLabel":"NFCORE_FETCHNGS:SRA:SRA_RUNINFO_TO_FTP (1)","maxLabel":"NFCORE_FETCHNGS:SRA:SRA_RUNINFO_TO_FTP (1)","q1Label":"NFCORE_FETCHNGS:SRA:SRA_RUNINFO_TO_FTP (1)","q2Label":"NFCORE_FETCHNGS:SRA:SRA_RUNINFO_TO_FTP (1)","q3Label":"NFCORE_FETCHNGS:SRA:SRA_RUNINFO_TO_FTP (1)"},"memUsage":{"mean":0.08,"min":0.08,"q1":0.08,"q2":0.08,"q3":0.08,"max":0.08,"minLabel":"NFCORE_FETCHNGS:SRA:SRA_RUNINFO_TO_FTP (1)","maxLabel":"NFCORE_FETCHNGS:SRA:SRA_RUNINFO_TO_FTP (1)","q1Label":"NFCORE_FETCHNGS:SRA:SRA_RUNINFO_TO_FTP (1)","q2Label":"NFCORE_FETCHNGS:SRA:SRA_RUNINFO_TO_FTP (1)","q3Label":"NFCORE_FETCHNGS:SRA:SRA_RUNINFO_TO_FTP (1)"},"timeUsage":{"mean":0.01,"min":0.01,"q1":0.01,"q2":0.01,"q3":0.01,"max":0.01,"minLabel":"NFCORE_FETCHNGS:SRA:SRA_RUNINFO_TO_FTP (1)","maxLabel":"NFCORE_FETCHNGS:SRA:SRA_RUNINFO_TO_FTP (1)","q1Label":"NFCORE_FETCHNGS:SRA:SRA_RUNINFO_TO_FTP (1)","q2Label":"NFCORE_FETCHNGS:SRA:SRA_RUNINFO_TO_FTP (1)","q3Label":"NFCORE_FETCHNGS:SRA:SRA_RUNINFO_TO_FTP (1)"},"vmem":{"mean":14102528,"min":14102528,"q1":14102528,"q2":14102528,"q3":14102528,"max":14102528,"minLabel":"NFCORE_FETCHNGS:SRA:SRA_RUNINFO_TO_FTP (1)","maxLabel":"NFCORE_FETCHNGS:SRA:SRA_RUNINFO_TO_FTP (1)","q1Label":"NFCORE_FETCHNGS:SRA:SRA_RUNINFO_TO_FTP (1)","q2Label":"NFCORE_FETCHNGS:SRA:SRA_RUNINFO_TO_FTP (1)","q3Label":"NFCORE_FETCHNGS:SRA:SRA_RUNINFO_TO_FTP (1)"},"reads":{"mean":2114303,"min":2114303,"q1":2114303,"q2":2114303,"q3":2114303,"max":2114303,"minLabel":"NFCORE_FETCHNGS:SRA:SRA_RUNINFO_TO_FTP (1)","maxLabel":"NFCORE_FETCHNGS:SRA:SRA_RUNINFO_TO_FTP (1)","q1Label":"NFCORE_FETCHNGS:SRA:SRA_RUNINFO_TO_FTP (1)","q2Label":"NFCORE_FETCHNGS:SRA:SRA_RUNINFO_TO_FTP (1)","q3Label":"NFCORE_FETCHNGS:SRA:SRA_RUNINFO_TO_FTP (1)"},"cpu":{"mean":89.3,"min":89.3,"q1":89.3,"q2":89.3,"q3":89.3,"max":89.3,"minLabel":"NFCORE_FETCHNGS:SRA:SRA_RUNINFO_TO_FTP (1)","maxLabel":"NFCORE_FETCHNGS:SRA:SRA_RUNINFO_TO_FTP (1)","q1Label":"NFCORE_FETCHNGS:SRA:SRA_RUNINFO_TO_FTP (1)","q2Label":"NFCORE_FETCHNGS:SRA:SRA_RUNINFO_TO_FTP (1)","q3Label":"NFCORE_FETCHNGS:SRA:SRA_RUNINFO_TO_FTP (1)"},"time":{"mean":1000,"min":1000,"q1":1000,"q2":1000,"q3":1000,"max":1000,"minLabel":"NFCORE_FETCHNGS:SRA:SRA_RUNINFO_TO_FTP (1)","maxLabel":"NFCORE_FETCHNGS:SRA:SRA_RUNINFO_TO_FTP (1)","q1Label":"NFCORE_FETCHNGS:SRA:SRA_RUNINFO_TO_FTP (1)","q2Label":"NFCORE_FETCHNGS:SRA:SRA_RUNINFO_TO_FTP (1)","q3Label":"NFCORE_FETCHNGS:SRA:SRA_RUNINFO_TO_FTP (1)"},"writes":{"mean":2112,"min":2112,"q1":2112,"q2":2112,"q3":2112,"max":2112,"minLabel":"NFCORE_FETCHNGS:SRA:SRA_RUNINFO_TO_FTP (1)","maxLabel":"NFCORE_FETCHNGS:SRA:SRA_RUNINFO_TO_FTP (1)","q1Label":"NFCORE_FETCHNGS:SRA:SRA_RUNINFO_TO_FTP (1)","q2Label":"NFCORE_FETCHNGS:SRA:SRA_RUNINFO_TO_FTP (1)","q3Label":"NFCORE_FETCHNGS:SRA:SRA_RUNINFO_TO_FTP (1)"}},{"cpuUsage":{"mean":7,"min":7,"q1":7,"q2":7,"q3":7,"max":7,"minLabel":"NFCORE_FETCHNGS:SRA:SRA_FASTQ_FTP (SRX14435772_SRR18298249)","maxLabel":"NFCORE_FETCHNGS:SRA:SRA_FASTQ_FTP (SRX14435772_SRR18298249)","q1Label":"NFCORE_FETCHNGS:SRA:SRA_FASTQ_FTP (SRX14435772_SRR18298249)","q2Label":"NFCORE_FETCHNGS:SRA:SRA_FASTQ_FTP (SRX14435772_SRR18298249)","q3Label":"NFCORE_FETCHNGS:SRA:SRA_FASTQ_FTP (SRX14435772_SRR18298249)"},"process":"SRA_FASTQ_FTP","mem":{"mean":10432512,"min":10432512,"q1":10432512,"q2":10432512,"q3":10432512,"max":10432512,"minLabel":"NFCORE_FETCHNGS:SRA:SRA_FASTQ_FTP (SRX14435772_SRR18298249)","maxLabel":"NFCORE_FETCHNGS:SRA:SRA_FASTQ_FTP (SRX14435772_SRR18298249)","q1Label":"NFCORE_FETCHNGS:SRA:SRA_FASTQ_FTP (SRX14435772_SRR18298249)","q2Label":"NFCORE_FETCHNGS:SRA:SRA_FASTQ_FTP (SRX14435772_SRR18298249)","q3Label":"NFCORE_FETCHNGS:SRA:SRA_FASTQ_FTP (SRX14435772_SRR18298249)"},"memUsage":{"mean":0.08,"min":0.08,"q1":0.08,"q2":0.08,"q3":0.08,"max":0.08,"minLabel":"NFCORE_FETCHNGS:SRA:SRA_FASTQ_FTP (SRX14435772_SRR18298249)","maxLabel":"NFCORE_FETCHNGS:SRA:SRA_FASTQ_FTP (SRX14435772_SRR18298249)","q1Label":"NFCORE_FETCHNGS:SRA:SRA_FASTQ_FTP (SRX14435772_SRR18298249)","q2Label":"NFCORE_FETCHNGS:SRA:SRA_FASTQ_FTP (SRX14435772_SRR18298249)","q3Label":"NFCORE_FETCHNGS:SRA:SRA_FASTQ_FTP (SRX14435772_SRR18298249)"},"timeUsage":{"mean":0.74,"min":0.74,"q1":0.74,"q2":0.74,"q3":0.74,"max":0.74,"minLabel":"NFCORE_FETCHNGS:SRA:SRA_FASTQ_FTP (SRX14435772_SRR18298249)","maxLabel":"NFCORE_FETCHNGS:SRA:SRA_FASTQ_FTP (SRX14435772_SRR18298249)","q1Label":"NFCORE_FETCHNGS:SRA:SRA_FASTQ_FTP (SRX14435772_SRR18298249)","q2Label":"NFCORE_FETCHNGS:SRA:SRA_FASTQ_FTP (SRX14435772_SRR18298249)","q3Label":"NFCORE_FETCHNGS:SRA:SRA_FASTQ_FTP (SRX14435772_SRR18298249)"},"vmem":{"mean":159236096,"min":159236096,"q1":159236096,"q2":159236096,"q3":159236096,"max":159236096,"minLabel":"NFCORE_FETCHNGS:SRA:SRA_FASTQ_FTP (SRX14435772_SRR18298249)","maxLabel":"NFCORE_FETCHNGS:SRA:SRA_FASTQ_FTP (SRX14435772_SRR18298249)","q1Label":"NFCORE_FETCHNGS:SRA:SRA_FASTQ_FTP (SRX14435772_SRR18298249)","q2Label":"NFCORE_FETCHNGS:SRA:SRA_FASTQ_FTP (SRX14435772_SRR18298249)","q3Label":"NFCORE_FETCHNGS:SRA:SRA_FASTQ_FTP (SRX14435772_SRR18298249)"},"reads":{"mean":2963814928,"min":2963814928,"q1":2963814928,"q2":2963814928,"q3":2963814928,"max":2963814928,"minLabel":"NFCORE_FETCHNGS:SRA:SRA_FASTQ_FTP (SRX14435772_SRR18298249)","maxLabel":"NFCORE_FETCHNGS:SRA:SRA_FASTQ_FTP (SRX14435772_SRR18298249)","q1Label":"NFCORE_FETCHNGS:SRA:SRA_FASTQ_FTP (SRX14435772_SRR18298249)","q2Label":"NFCORE_FETCHNGS:SRA:SRA_FASTQ_FTP (SRX14435772_SRR18298249)","q3Label":"NFCORE_FETCHNGS:SRA:SRA_FASTQ_FTP (SRX14435772_SRR18298249)"},"cpu":{"mean":14,"min":14,"q1":14,"q2":14,"q3":14,"max":14,"minLabel":"NFCORE_FETCHNGS:SRA:SRA_FASTQ_FTP (SRX14435772_SRR18298249)","maxLabel":"NFCORE_FETCHNGS:SRA:SRA_FASTQ_FTP (SRX14435772_SRR18298249)","q1Label":"NFCORE_FETCHNGS:SRA:SRA_FASTQ_FTP (SRX14435772_SRR18298249)","q2Label":"NFCORE_FETCHNGS:SRA:SRA_FASTQ_FTP (SRX14435772_SRR18298249)","q3Label":"NFCORE_FETCHNGS:SRA:SRA_FASTQ_FTP (SRX14435772_SRR18298249)"},"time":{"mean":106000,"min":106000,"q1":106000,"q2":106000,"q3":106000,"max":106000,"minLabel":"NFCORE_FETCHNGS:SRA:SRA_FASTQ_FTP (SRX14435772_SRR18298249)","maxLabel":"NFCORE_FETCHNGS:SRA:SRA_FASTQ_FTP (SRX14435772_SRR18298249)","q1Label":"NFCORE_FETCHNGS:SRA:SRA_FASTQ_FTP (SRX14435772_SRR18298249)","q2Label":"NFCORE_FETCHNGS:SRA:SRA_FASTQ_FTP (SRX14435772_SRR18298249)","q3Label":"NFCORE_FETCHNGS:SRA:SRA_FASTQ_FTP (SRX14435772_SRR18298249)"},"writes":{"mean":2963680046,"min":2963680046,"q1":2963680046,"q2":2963680046,"q3":2963680046,"max":2963680046,"minLabel":"NFCORE_FETCHNGS:SRA:SRA_FASTQ_FTP (SRX14435772_SRR18298249)","maxLabel":"NFCORE_FETCHNGS:SRA:SRA_FASTQ_FTP (SRX14435772_SRR18298249)","q1Label":"NFCORE_FETCHNGS:SRA:SRA_FASTQ_FTP (SRX14435772_SRR18298249)","q2Label":"NFCORE_FETCHNGS:SRA:SRA_FASTQ_FTP (SRX14435772_SRR18298249)","q3Label":"NFCORE_FETCHNGS:SRA:SRA_FASTQ_FTP (SRX14435772_SRR18298249)"}},{"cpuUsage":null,"process":"SRA_TO_SAMPLESHEET","mem":null,"memUsage":null,"timeUsage":null,"vmem":null,"reads":null,"cpu":null,"time":{"mean":1,"min":1,"q1":1,"q2":1,"q3":1,"max":1,"minLabel":"NFCORE_FETCHNGS:SRA:SRA_TO_SAMPLESHEET (SRX14435772_SRR18298249)","maxLabel":"NFCORE_FETCHNGS:SRA:SRA_TO_SAMPLESHEET (SRX14435772_SRR18298249)","q1Label":"NFCORE_FETCHNGS:SRA:SRA_TO_SAMPLESHEET (SRX14435772_SRR18298249)","q2Label":"NFCORE_FETCHNGS:SRA:SRA_TO_SAMPLESHEET (SRX14435772_SRR18298249)","q3Label":"NFCORE_FETCHNGS:SRA:SRA_TO_SAMPLESHEET (SRX14435772_SRR18298249)"},"writes":null},{"cpuUsage":{"mean":69.6,"min":69.6,"q1":69.6,"q2":69.6,"q3":69.6,"max":69.6,"minLabel":"NFCORE_FETCHNGS:SRA:SRA_MERGE_SAMPLESHEET","maxLabel":"NFCORE_FETCHNGS:SRA:SRA_MERGE_SAMPLESHEET","q1Label":"NFCORE_FETCHNGS:SRA:SRA_MERGE_SAMPLESHEET","q2Label":"NFCORE_FETCHNGS:SRA:SRA_MERGE_SAMPLESHEET","q3Label":"NFCORE_FETCHNGS:SRA:SRA_MERGE_SAMPLESHEET"},"process":"SRA_MERGE_SAMPLESHEET","mem":{"mean":3047424,"min":3047424,"q1":3047424,"q2":3047424,"q3":3047424,"max":3047424,"minLabel":"NFCORE_FETCHNGS:SRA:SRA_MERGE_SAMPLESHEET","maxLabel":"NFCORE_FETCHNGS:SRA:SRA_MERGE_SAMPLESHEET","q1Label":"NFCORE_FETCHNGS:SRA:SRA_MERGE_SAMPLESHEET","q2Label":"NFCORE_FETCHNGS:SRA:SRA_MERGE_SAMPLESHEET","q3Label":"NFCORE_FETCHNGS:SRA:SRA_MERGE_SAMPLESHEET"},"memUsage":{"mean":0.05,"min":0.05,"q1":0.05,"q2":0.05,"q3":0.05,"max":0.05,"minLabel":"NFCORE_FETCHNGS:SRA:SRA_MERGE_SAMPLESHEET","maxLabel":"NFCORE_FETCHNGS:SRA:SRA_MERGE_SAMPLESHEET","q1Label":"NFCORE_FETCHNGS:SRA:SRA_MERGE_SAMPLESHEET","q2Label":"NFCORE_FETCHNGS:SRA:SRA_MERGE_SAMPLESHEET","q3Label":"NFCORE_FETCHNGS:SRA:SRA_MERGE_SAMPLESHEET"},"timeUsage":null,"vmem":{"mean":4087808,"min":4087808,"q1":4087808,"q2":4087808,"q3":4087808,"max":4087808,"minLabel":"NFCORE_FETCHNGS:SRA:SRA_MERGE_SAMPLESHEET","maxLabel":"NFCORE_FETCHNGS:SRA:SRA_MERGE_SAMPLESHEET","q1Label":"NFCORE_FETCHNGS:SRA:SRA_MERGE_SAMPLESHEET","q2Label":"NFCORE_FETCHNGS:SRA:SRA_MERGE_SAMPLESHEET","q3Label":"NFCORE_FETCHNGS:SRA:SRA_MERGE_SAMPLESHEET"},"reads":{"mean":166360,"min":166360,"q1":166360,"q2":166360,"q3":166360,"max":166360,"minLabel":"NFCORE_FETCHNGS:SRA:SRA_MERGE_SAMPLESHEET","maxLabel":"NFCORE_FETCHNGS:SRA:SRA_MERGE_SAMPLESHEET","q1Label":"NFCORE_FETCHNGS:SRA:SRA_MERGE_SAMPLESHEET","q2Label":"NFCORE_FETCHNGS:SRA:SRA_MERGE_SAMPLESHEET","q3Label":"NFCORE_FETCHNGS:SRA:SRA_MERGE_SAMPLESHEET"},"cpu":{"mean":69.6,"min":69.6,"q1":69.6,"q2":69.6,"q3":69.6,"max":69.6,"minLabel":"NFCORE_FETCHNGS:SRA:SRA_MERGE_SAMPLESHEET","maxLabel":"NFCORE_FETCHNGS:SRA:SRA_MERGE_SAMPLESHEET","q1Label":"NFCORE_FETCHNGS:SRA:SRA_MERGE_SAMPLESHEET","q2Label":"NFCORE_FETCHNGS:SRA:SRA_MERGE_SAMPLESHEET","q3Label":"NFCORE_FETCHNGS:SRA:SRA_MERGE_SAMPLESHEET"},"time":{"mean":36,"min":36,"q1":36,"q2":36,"q3":36,"max":36,"minLabel":"NFCORE_FETCHNGS:SRA:SRA_MERGE_SAMPLESHEET","maxLabel":"NFCORE_FETCHNGS:SRA:SRA_MERGE_SAMPLESHEET","q1Label":"NFCORE_FETCHNGS:SRA:SRA_MERGE_SAMPLESHEET","q2Label":"NFCORE_FETCHNGS:SRA:SRA_MERGE_SAMPLESHEET","q3Label":"NFCORE_FETCHNGS:SRA:SRA_MERGE_SAMPLESHEET"},"writes":{"mean":4155,"min":4155,"q1":4155,"q2":4155,"q3":4155,"max":4155,"minLabel":"NFCORE_FETCHNGS:SRA:SRA_MERGE_SAMPLESHEET","maxLabel":"NFCORE_FETCHNGS:SRA:SRA_MERGE_SAMPLESHEET","q1Label":"NFCORE_FETCHNGS:SRA:SRA_MERGE_SAMPLESHEET","q2Label":"NFCORE_FETCHNGS:SRA:SRA_MERGE_SAMPLESHEET","q3Label":"NFCORE_FETCHNGS:SRA:SRA_MERGE_SAMPLESHEET"}},{"cpuUsage":{"mean":85.1,"min":85.1,"q1":85.1,"q2":85.1,"q3":85.1,"max":85.1,"minLabel":"NFCORE_FETCHNGS:SRA:MULTIQC_MAPPINGS_CONFIG","maxLabel":"NFCORE_FETCHNGS:SRA:MULTIQC_MAPPINGS_CONFIG","q1Label":"NFCORE_FETCHNGS:SRA:MULTIQC_MAPPINGS_CONFIG","q2Label":"NFCORE_FETCHNGS:SRA:MULTIQC_MAPPINGS_CONFIG","q3Label":"NFCORE_FETCHNGS:SRA:MULTIQC_MAPPINGS_CONFIG"},"process":"MULTIQC_MAPPINGS_CONFIG","mem":{"mean":3309568,"min":3309568,"q1":3309568,"q2":3309568,"q3":3309568,"max":3309568,"minLabel":"NFCORE_FETCHNGS:SRA:MULTIQC_MAPPINGS_CONFIG","maxLabel":"NFCORE_FETCHNGS:SRA:MULTIQC_MAPPINGS_CONFIG","q1Label":"NFCORE_FETCHNGS:SRA:MULTIQC_MAPPINGS_CONFIG","q2Label":"NFCORE_FETCHNGS:SRA:MULTIQC_MAPPINGS_CONFIG","q3Label":"NFCORE_FETCHNGS:SRA:MULTIQC_MAPPINGS_CONFIG"},"memUsage":{"mean":0.05,"min":0.05,"q1":0.05,"q2":0.05,"q3":0.05,"max":0.05,"minLabel":"NFCORE_FETCHNGS:SRA:MULTIQC_MAPPINGS_CONFIG","maxLabel":"NFCORE_FETCHNGS:SRA:MULTIQC_MAPPINGS_CONFIG","q1Label":"NFCORE_FETCHNGS:SRA:MULTIQC_MAPPINGS_CONFIG","q2Label":"NFCORE_FETCHNGS:SRA:MULTIQC_MAPPINGS_CONFIG","q3Label":"NFCORE_FETCHNGS:SRA:MULTIQC_MAPPINGS_CONFIG"},"timeUsage":null,"vmem":{"mean":5644288,"min":5644288,"q1":5644288,"q2":5644288,"q3":5644288,"max":5644288,"minLabel":"NFCORE_FETCHNGS:SRA:MULTIQC_MAPPINGS_CONFIG","maxLabel":"NFCORE_FETCHNGS:SRA:MULTIQC_MAPPINGS_CONFIG","q1Label":"NFCORE_FETCHNGS:SRA:MULTIQC_MAPPINGS_CONFIG","q2Label":"NFCORE_FETCHNGS:SRA:MULTIQC_MAPPINGS_CONFIG","q3Label":"NFCORE_FETCHNGS:SRA:MULTIQC_MAPPINGS_CONFIG"},"reads":{"mean":441859,"min":441859,"q1":441859,"q2":441859,"q3":441859,"max":441859,"minLabel":"NFCORE_FETCHNGS:SRA:MULTIQC_MAPPINGS_CONFIG","maxLabel":"NFCORE_FETCHNGS:SRA:MULTIQC_MAPPINGS_CONFIG","q1Label":"NFCORE_FETCHNGS:SRA:MULTIQC_MAPPINGS_CONFIG","q2Label":"NFCORE_FETCHNGS:SRA:MULTIQC_MAPPINGS_CONFIG","q3Label":"NFCORE_FETCHNGS:SRA:MULTIQC_MAPPINGS_CONFIG"},"cpu":{"mean":85.1,"min":85.1,"q1":85.1,"q2":85.1,"q3":85.1,"max":85.1,"minLabel":"NFCORE_FETCHNGS:SRA:MULTIQC_MAPPINGS_CONFIG","maxLabel":"NFCORE_FETCHNGS:SRA:MULTIQC_MAPPINGS_CONFIG","q1Label":"NFCORE_FETCHNGS:SRA:MULTIQC_MAPPINGS_CONFIG","q2Label":"NFCORE_FETCHNGS:SRA:MULTIQC_MAPPINGS_CONFIG","q3Label":"NFCORE_FETCHNGS:SRA:MULTIQC_MAPPINGS_CONFIG"},"time":null,"writes":{"mean":1201,"min":1201,"q1":1201,"q2":1201,"q3":1201,"max":1201,"minLabel":"NFCORE_FETCHNGS:SRA:MULTIQC_MAPPINGS_CONFIG","maxLabel":"NFCORE_FETCHNGS:SRA:MULTIQC_MAPPINGS_CONFIG","q1Label":"NFCORE_FETCHNGS:SRA:MULTIQC_MAPPINGS_CONFIG","q2Label":"NFCORE_FETCHNGS:SRA:MULTIQC_MAPPINGS_CONFIG","q3Label":"NFCORE_FETCHNGS:SRA:MULTIQC_MAPPINGS_CONFIG"}},{"cpuUsage":{"mean":16.3,"min":16.3,"q1":16.3,"q2":16.3,"q3":16.3,"max":16.3,"minLabel":"NFCORE_FETCHNGS:SRA:CUSTOM_DUMPSOFTWAREVERSIONS (1)","maxLabel":"NFCORE_FETCHNGS:SRA:CUSTOM_DUMPSOFTWAREVERSIONS (1)","q1Label":"NFCORE_FETCHNGS:SRA:CUSTOM_DUMPSOFTWAREVERSIONS (1)","q2Label":"NFCORE_FETCHNGS:SRA:CUSTOM_DUMPSOFTWAREVERSIONS (1)","q3Label":"NFCORE_FETCHNGS:SRA:CUSTOM_DUMPSOFTWAREVERSIONS (1)"},"process":"CUSTOM_DUMPSOFTWAREVERSIONS","mem":{"mean":3301376,"min":3301376,"q1":3301376,"q2":3301376,"q3":3301376,"max":3301376,"minLabel":"NFCORE_FETCHNGS:SRA:CUSTOM_DUMPSOFTWAREVERSIONS (1)","maxLabel":"NFCORE_FETCHNGS:SRA:CUSTOM_DUMPSOFTWAREVERSIONS (1)","q1Label":"NFCORE_FETCHNGS:SRA:CUSTOM_DUMPSOFTWAREVERSIONS (1)","q2Label":"NFCORE_FETCHNGS:SRA:CUSTOM_DUMPSOFTWAREVERSIONS (1)","q3Label":"NFCORE_FETCHNGS:SRA:CUSTOM_DUMPSOFTWAREVERSIONS (1)"},"memUsage":{"mean":0.05,"min":0.05,"q1":0.05,"q2":0.05,"q3":0.05,"max":0.05,"minLabel":"NFCORE_FETCHNGS:SRA:CUSTOM_DUMPSOFTWAREVERSIONS (1)","maxLabel":"NFCORE_FETCHNGS:SRA:CUSTOM_DUMPSOFTWAREVERSIONS (1)","q1Label":"NFCORE_FETCHNGS:SRA:CUSTOM_DUMPSOFTWAREVERSIONS (1)","q2Label":"NFCORE_FETCHNGS:SRA:CUSTOM_DUMPSOFTWAREVERSIONS (1)","q3Label":"NFCORE_FETCHNGS:SRA:CUSTOM_DUMPSOFTWAREVERSIONS (1)"},"timeUsage":{"mean":0.01,"min":0.01,"q1":0.01,"q2":0.01,"q3":0.01,"max":0.01,"minLabel":"NFCORE_FETCHNGS:SRA:CUSTOM_DUMPSOFTWAREVERSIONS (1)","maxLabel":"NFCORE_FETCHNGS:SRA:CUSTOM_DUMPSOFTWAREVERSIONS (1)","q1Label":"NFCORE_FETCHNGS:SRA:CUSTOM_DUMPSOFTWAREVERSIONS (1)","q2Label":"NFCORE_FETCHNGS:SRA:CUSTOM_DUMPSOFTWAREVERSIONS (1)","q3Label":"NFCORE_FETCHNGS:SRA:CUSTOM_DUMPSOFTWAREVERSIONS (1)"},"vmem":{"mean":12431360,"min":12431360,"q1":12431360,"q2":12431360,"q3":12431360,"max":12431360,"minLabel":"NFCORE_FETCHNGS:SRA:CUSTOM_DUMPSOFTWAREVERSIONS (1)","maxLabel":"NFCORE_FETCHNGS:SRA:CUSTOM_DUMPSOFTWAREVERSIONS (1)","q1Label":"NFCORE_FETCHNGS:SRA:CUSTOM_DUMPSOFTWAREVERSIONS (1)","q2Label":"NFCORE_FETCHNGS:SRA:CUSTOM_DUMPSOFTWAREVERSIONS (1)","q3Label":"NFCORE_FETCHNGS:SRA:CUSTOM_DUMPSOFTWAREVERSIONS (1)"},"reads":{"mean":880545,"min":880545,"q1":880545,"q2":880545,"q3":880545,"max":880545,"minLabel":"NFCORE_FETCHNGS:SRA:CUSTOM_DUMPSOFTWAREVERSIONS (1)","maxLabel":"NFCORE_FETCHNGS:SRA:CUSTOM_DUMPSOFTWAREVERSIONS (1)","q1Label":"NFCORE_FETCHNGS:SRA:CUSTOM_DUMPSOFTWAREVERSIONS (1)","q2Label":"NFCORE_FETCHNGS:SRA:CUSTOM_DUMPSOFTWAREVERSIONS (1)","q3Label":"NFCORE_FETCHNGS:SRA:CUSTOM_DUMPSOFTWAREVERSIONS (1)"},"cpu":{"mean":16.3,"min":16.3,"q1":16.3,"q2":16.3,"q3":16.3,"max":16.3,"minLabel":"NFCORE_FETCHNGS:SRA:CUSTOM_DUMPSOFTWAREVERSIONS (1)","maxLabel":"NFCORE_FETCHNGS:SRA:CUSTOM_DUMPSOFTWAREVERSIONS (1)","q1Label":"NFCORE_FETCHNGS:SRA:CUSTOM_DUMPSOFTWAREVERSIONS (1)","q2Label":"NFCORE_FETCHNGS:SRA:CUSTOM_DUMPSOFTWAREVERSIONS (1)","q3Label":"NFCORE_FETCHNGS:SRA:CUSTOM_DUMPSOFTWAREVERSIONS (1)"},"time":{"mean":900,"min":900,"q1":900,"q2":900,"q3":900,"max":900,"minLabel":"NFCORE_FETCHNGS:SRA:CUSTOM_DUMPSOFTWAREVERSIONS (1)","maxLabel":"NFCORE_FETCHNGS:SRA:CUSTOM_DUMPSOFTWAREVERSIONS (1)","q1Label":"NFCORE_FETCHNGS:SRA:CUSTOM_DUMPSOFTWAREVERSIONS (1)","q2Label":"NFCORE_FETCHNGS:SRA:CUSTOM_DUMPSOFTWAREVERSIONS (1)","q3Label":"NFCORE_FETCHNGS:SRA:CUSTOM_DUMPSOFTWAREVERSIONS (1)"},"writes":{"mean":2686,"min":2686,"q1":2686,"q2":2686,"q3":2686,"max":2686,"minLabel":"NFCORE_FETCHNGS:SRA:CUSTOM_DUMPSOFTWAREVERSIONS (1)","maxLabel":"NFCORE_FETCHNGS:SRA:CUSTOM_DUMPSOFTWAREVERSIONS (1)","q1Label":"NFCORE_FETCHNGS:SRA:CUSTOM_DUMPSOFTWAREVERSIONS (1)","q2Label":"NFCORE_FETCHNGS:SRA:CUSTOM_DUMPSOFTWAREVERSIONS (1)","q3Label":"NFCORE_FETCHNGS:SRA:CUSTOM_DUMPSOFTWAREVERSIONS (1)"}}]
Apr-28 10:39:29.108 [main] DEBUG nextflow.trace.TimelineObserver - Workflow completed -- rendering execution timeline
Apr-28 10:39:29.317 [main] DEBUG nextflow.cache.CacheDB - Closing CacheDB done
Apr-28 10:39:29.328 [main] DEBUG nextflow.util.ThreadPoolManager - Thread pool 'FileTransfer' shutdown completed (hard=false)
Apr-28 10:39:29.329 [main] DEBUG nextflow.script.ScriptRunner - > Execution complete -- Goodbye
